Determining if the pthread_create exist failed with the following output:
Change Dir: /home/adminuser/ws_moveit/build/ur5_e_moveit_config/CMakeFiles/CMakeTmp

Run Build Command:"/usr/bin/make" "cmTC_3ba7c/fast"
/usr/bin/make -f CMakeFiles/cmTC_3ba7c.dir/build.make CMakeFiles/cmTC_3ba7c.dir/build
make[1]: Entering directory '/home/adminuser/ws_moveit/build/ur5_e_moveit_config/CMakeFiles/CMakeTmp'
Building C object CMakeFiles/cmTC_3ba7c.dir/CheckSymbolExists.c.o
/usr/bin/cc    -o CMakeFiles/cmTC_3ba7c.dir/CheckSymbolExists.c.o   -c /home/adminuser/ws_moveit/build/ur5_e_moveit_config/CMakeFiles/CMakeTmp/CheckSymbolExists.c
Linking C executable cmTC_3ba7c
/usr/bin/cmake -E cmake_link_script CMakeFiles/cmTC_3ba7c.dir/link.txt --verbose=1
/usr/bin/cc      -rdynamic CMakeFiles/cmTC_3ba7c.dir/CheckSymbolExists.c.o  -o cmTC_3ba7c 
CMakeFiles/cmTC_3ba7c.dir/CheckSymbolExists.c.o: In function `main':
CheckSymbolExists.c:(.text+0x1b): undefined reference to `pthread_create'
collect2: error: ld returned 1 exit status
CMakeFiles/cmTC_3ba7c.dir/build.make:97: recipe for target 'cmTC_3ba7c' failed
make[1]: *** [cmTC_3ba7c] Error 1
make[1]: Leaving directory '/home/adminuser/ws_moveit/build/ur5_e_moveit_config/CMakeFiles/CMakeTmp'
Makefile:126: recipe for target 'cmTC_3ba7c/fast' failed
make: *** [cmTC_3ba7c/fast] Error 2

File /home/adminuser/ws_moveit/build/ur5_e_moveit_config/CMakeFiles/CMakeTmp/CheckSymbolExists.c:
/* */
#include <pthread.h>

int main(int argc, char** argv)
{
  (void)argv;
#ifndef pthread_create
  return ((int*)(&pthread_create))[argc];
#else
  (void)argc;
  return 0;
#endif
}

Determining if the function pthread_create exists in the pthreads failed with the following output:
Change Dir: /home/adminuser/ws_moveit/build/ur5_e_moveit_config/CMakeFiles/CMakeTmp

Run Build Command:"/usr/bin/make" "cmTC_62283/fast"
/usr/bin/make -f CMakeFiles/cmTC_62283.dir/build.make CMakeFiles/cmTC_62283.dir/build
make[1]: Entering directory '/home/adminuser/ws_moveit/build/ur5_e_moveit_config/CMakeFiles/CMakeTmp'
Building C object CMakeFiles/cmTC_62283.dir/CheckFunctionExists.c.o
/usr/bin/cc   -DCHECK_FUNCTION_EXISTS=pthread_create   -o CMakeFiles/cmTC_62283.dir/CheckFunctionExists.c.o   -c /usr/share/cmake-3.10/Modules/CheckFunctionExists.c
Linking C executable cmTC_62283
/usr/bin/cmake -E cmake_link_script CMakeFiles/cmTC_62283.dir/link.txt --verbose=1
/usr/bin/cc  -DCHECK_FUNCTION_EXISTS=pthread_create    -rdynamic CMakeFiles/cmTC_62283.dir/CheckFunctionExists.c.o  -o cmTC_62283 -lpthreads 
/usr/bin/ld: cannot find -lpthreads
collect2: error: ld returned 1 exit status
CMakeFiles/cmTC_62283.dir/build.make:97: recipe for target 'cmTC_62283' failed
make[1]: *** [cmTC_62283] Error 1
make[1]: Leaving directory '/home/adminuser/ws_moveit/build/ur5_e_moveit_config/CMakeFiles/CMakeTmp'
Makefile:126: recipe for target 'cmTC_62283/fast' failed
make: *** [cmTC_62283/fast] Error 2


