Determining if the pthread_create exist failed with the following output:
Change Dir: /home/adminuser/ws_moveit/build/industrial_utils/CMakeFiles/CMakeTmp

Run Build Command:"/usr/bin/make" "cmTC_f81e6/fast"
/usr/bin/make -f CMakeFiles/cmTC_f81e6.dir/build.make CMakeFiles/cmTC_f81e6.dir/build
make[1]: Entering directory '/home/adminuser/ws_moveit/build/industrial_utils/CMakeFiles/CMakeTmp'
Building C object CMakeFiles/cmTC_f81e6.dir/CheckSymbolExists.c.o
/usr/bin/cc    -o CMakeFiles/cmTC_f81e6.dir/CheckSymbolExists.c.o   -c /home/adminuser/ws_moveit/build/industrial_utils/CMakeFiles/CMakeTmp/CheckSymbolExists.c
Linking C executable cmTC_f81e6
/usr/bin/cmake -E cmake_link_script CMakeFiles/cmTC_f81e6.dir/link.txt --verbose=1
/usr/bin/cc      -rdynamic CMakeFiles/cmTC_f81e6.dir/CheckSymbolExists.c.o  -o cmTC_f81e6 
CMakeFiles/cmTC_f81e6.dir/CheckSymbolExists.c.o: In function `main':
CheckSymbolExists.c:(.text+0x1b): undefined reference to `pthread_create'
collect2: error: ld returned 1 exit status
CMakeFiles/cmTC_f81e6.dir/build.make:97: recipe for target 'cmTC_f81e6' failed
make[1]: *** [cmTC_f81e6] Error 1
make[1]: Leaving directory '/home/adminuser/ws_moveit/build/industrial_utils/CMakeFiles/CMakeTmp'
Makefile:126: recipe for target 'cmTC_f81e6/fast' failed
make: *** [cmTC_f81e6/fast] Error 2

File /home/adminuser/ws_moveit/build/industrial_utils/CMakeFiles/CMakeTmp/CheckSymbolExists.c:
/* */
#include <pthread.h>

int main(int argc, char** argv)
{
  (void)argv;
#ifndef pthread_create
  return ((int*)(&pthread_create))[argc];
#else
  (void)argc;
  return 0;
#endif
}

Determining if the function pthread_create exists in the pthreads failed with the following output:
Change Dir: /home/adminuser/ws_moveit/build/industrial_utils/CMakeFiles/CMakeTmp

Run Build Command:"/usr/bin/make" "cmTC_55b29/fast"
/usr/bin/make -f CMakeFiles/cmTC_55b29.dir/build.make CMakeFiles/cmTC_55b29.dir/build
make[1]: Entering directory '/home/adminuser/ws_moveit/build/industrial_utils/CMakeFiles/CMakeTmp'
Building C object CMakeFiles/cmTC_55b29.dir/CheckFunctionExists.c.o
/usr/bin/cc   -DCHECK_FUNCTION_EXISTS=pthread_create   -o CMakeFiles/cmTC_55b29.dir/CheckFunctionExists.c.o   -c /usr/share/cmake-3.10/Modules/CheckFunctionExists.c
Linking C executable cmTC_55b29
/usr/bin/cmake -E cmake_link_script CMakeFiles/cmTC_55b29.dir/link.txt --verbose=1
/usr/bin/cc  -DCHECK_FUNCTION_EXISTS=pthread_create    -rdynamic CMakeFiles/cmTC_55b29.dir/CheckFunctionExists.c.o  -o cmTC_55b29 -lpthreads 
/usr/bin/ld: cannot find -lpthreads
collect2: error: ld returned 1 exit status
CMakeFiles/cmTC_55b29.dir/build.make:97: recipe for target 'cmTC_55b29' failed
make[1]: *** [cmTC_55b29] Error 1
make[1]: Leaving directory '/home/adminuser/ws_moveit/build/industrial_utils/CMakeFiles/CMakeTmp'
Makefile:126: recipe for target 'cmTC_55b29/fast' failed
make: *** [cmTC_55b29/fast] Error 2


