[01m[K/home/adminuser/ws_moveit/src/motion_planning/src/matrix_storer.cpp:[m[K In function ‘[01m[Kint main(int, char**)[m[K’:
[01m[K/home/adminuser/ws_moveit/src/motion_planning/src/matrix_storer.cpp:322:40:[m[K [01;31m[Kerror: [m[Kno match for ‘[01m[Koperator[][m[K’ (operand types are ‘[01m[Kstd_msgs::Float64 {aka std_msgs::Float64_<std::allocator<void> >}[m[K’ and ‘[01m[Kint[m[K’)
   int row_size = sizeof(num)/sizeof(num[01;31m[K[[m[K0]);
                                        [01;31m[K^[m[K
[01m[K/home/adminuser/ws_moveit/src/motion_planning/src/matrix_storer.cpp:323:28:[m[K [01;31m[Kerror: [m[Kno match for ‘[01m[Koperator[][m[K’ (operand types are ‘[01m[Kstd_msgs::Float64 {aka std_msgs::Float64_<std::allocator<void> >}[m[K’ and ‘[01m[Kint[m[K’)
   int col_size = sizeof(num[01;31m[K[[m[K0])/sizeof(num[0][0]);
                            [01;31m[K^[m[K
[01m[K/home/adminuser/ws_moveit/src/motion_planning/src/matrix_storer.cpp:323:43:[m[K [01;31m[Kerror: [m[Kno match for ‘[01m[Koperator[][m[K’ (operand types are ‘[01m[Kstd_msgs::Float64 {aka std_msgs::Float64_<std::allocator<void> >}[m[K’ and ‘[01m[Kint[m[K’)
   int col_size = sizeof(num[0])/sizeof(num[01;31m[K[[m[K0][0]);
                                           [01;31m[K^[m[K
[01m[K/home/adminuser/ws_moveit/src/motion_planning/src/matrix_storer.cpp:345:56:[m[K [01;31m[Kerror: [m[K‘[01m[Ki[m[K’ was not declared in this scope
         bag.write("trajectory", ros::Time::now(), traj[[01;31m[Ki[m[K][j]);
                                                        [01;31m[K^[m[K
[01m[K/home/adminuser/ws_moveit/src/motion_planning/src/matrix_storer.cpp:345:59:[m[K [01;31m[Kerror: [m[K‘[01m[Kj[m[K’ was not declared in this scope
         bag.write("trajectory", ros::Time::now(), traj[i][[01;31m[Kj[m[K]);
                                                           [01;31m[K^[m[K
[01m[K/home/adminuser/ws_moveit/src/motion_planning/src/matrix_storer.cpp:345:59:[m[K [01;36m[Knote: [m[Ksuggested alternative: ‘[01m[Kjn[m[K’
         bag.write("trajectory", ros::Time::now(), traj[i][[01;36m[Kj[m[K]);
                                                           [01;36m[K^[m[K
                                                           [32m[Kjn[m[K
[01m[K/home/adminuser/ws_moveit/src/motion_planning/src/matrix_storer.cpp:[m[K At global scope:
[01m[K/home/adminuser/ws_moveit/src/motion_planning/src/matrix_storer.cpp:351:3:[m[K [01;31m[Kerror: [m[K‘[01m[Kbag[m[K’ does not name a type
   [01;31m[Kbag[m[K.close();
   [01;31m[K^~~[m[K
[01m[K/home/adminuser/ws_moveit/src/motion_planning/src/matrix_storer.cpp:355:18:[m[K [01;31m[Kerror: [m[Kexpected constructor, destructor, or type conversion before ‘[01m[K;[m[K’ token
   ros::spinOnce()[01;31m[K;[m[K
                  [01;31m[K^[m[K
[01m[K/home/adminuser/ws_moveit/src/motion_planning/src/matrix_storer.cpp:356:3:[m[K [01;31m[Kerror: [m[K‘[01m[Kvisual_tools[m[K’ does not name a type
   [01;31m[Kvisual_tools[m[K.deleteAllMarkers();
   [01;31m[K^~~~~~~~~~~~[m[K
[01m[K/home/adminuser/ws_moveit/src/motion_planning/src/matrix_storer.cpp:357:18:[m[K [01;31m[Kerror: [m[Kexpected constructor, destructor, or type conversion before ‘[01m[K;[m[K’ token
   ros::shutdown()[01;31m[K;[m[K
                  [01;31m[K^[m[K
[01m[K/home/adminuser/ws_moveit/src/motion_planning/src/matrix_storer.cpp:358:3:[m[K [01;31m[Kerror: [m[Kexpected unqualified-id before ‘[01m[Kreturn[m[K’
   [01;31m[Kreturn[m[K 0;
   [01;31m[K^~~~~~[m[K
[01m[K/home/adminuser/ws_moveit/src/motion_planning/src/matrix_storer.cpp:359:1:[m[K [01;31m[Kerror: [m[Kexpected declaration before ‘[01m[K}[m[K’ token
 [01;31m[K}[m[K;
 [01;31m[K^[m[K
make[2]: *** [CMakeFiles/matrix_storer.dir/src/matrix_storer.cpp.o] Error 1
make[1]: *** [CMakeFiles/matrix_storer.dir/all] Error 2
make: *** [all] Error 2
