[01m[K/home/adminuser/ws_moveit/src/motion_planning/src/sphere_rosBridge.cpp:[m[K In function ‘[01m[Kint main(int, char**)[m[K’:
[01m[K/home/adminuser/ws_moveit/src/motion_planning/src/sphere_rosBridge.cpp:30:24:[m[K [01;31m[Kerror: [m[K‘[01m[Knode[m[K’ was not declared in this scope
   ros::Publisher pub = [01;31m[Knode[m[K.advertise<geo,geometry_msgs::Pose>("/chatter", 1000);
                        [01;31m[K^~~~[m[K
[01m[K/home/adminuser/ws_moveit/src/motion_planning/src/sphere_rosBridge.cpp:30:24:[m[K [01;36m[Knote: [m[Ksuggested alternative:
In file included from [01m[K/usr/include/boost/unordered/detail/map.hpp:6:0[m[K,
                 from [01m[K/usr/include/boost/unordered/unordered_map.hpp:21[m[K,
                 from [01m[K/usr/include/boost/unordered_map.hpp:17[m[K,
                 from [01m[K/opt/ros/melodic/include/tf/tf.h:45[m[K,
                 from [01m[K/opt/ros/melodic/include/tf/transform_listener.h:38[m[K,
                 from [01m[K/home/adminuser/ws_moveit/src/motion_planning/src/sphere_rosBridge.cpp:7[m[K:
[01m[K/usr/include/boost/unordered/detail/implementation.hpp:217:42:[m[K [01;36m[Knote: [m[K  ‘[01m[Kboost::unordered::detail::node[m[K’
 template <typename A, typename T> struct [01;36m[Knode[m[K;
                                          [01;36m[K^~~~[m[K
[01m[K/home/adminuser/ws_moveit/src/motion_planning/src/sphere_rosBridge.cpp:30:39:[m[K [01;31m[Kerror: [m[K‘[01m[Kgeo[m[K’ was not declared in this scope
   ros::Publisher pub = node.advertise<[01;31m[Kgeo[m[K,geometry_msgs::Pose>("/chatter", 1000);
                                       [01;31m[K^~~[m[K
[01m[K/home/adminuser/ws_moveit/src/motion_planning/src/sphere_rosBridge.cpp:30:39:[m[K [01;36m[Knote: [m[Ksuggested alternative: ‘[01m[Kfeof[m[K’
   ros::Publisher pub = node.advertise<[01;36m[Kgeo[m[K,geometry_msgs::Pose>("/chatter", 1000);
                                       [01;36m[K^~~[m[K
                                       [32m[Kfeof[m[K
[01m[K/home/adminuser/ws_moveit/src/motion_planning/src/sphere_rosBridge.cpp:93:3:[m[K [01;31m[Kerror: [m[Kexpected ‘[01m[K;[m[K’ before ‘[01m[Kcout[m[K’
   [01;31m[Kcout[m[K << "sphere pose: " << endl;
   [01;31m[K^~~~[m[K
make[2]: *** [CMakeFiles/sphere_rosBridge.dir/src/sphere_rosBridge.cpp.o] Error 1
make[1]: *** [CMakeFiles/sphere_rosBridge.dir/all] Error 2
make[1]: *** Waiting for unfinished jobs....
make: *** [all] Error 2
