[01m[K/home/adminuser/ws_moveit/src/motion_planning/src/des_frame_pub.cpp:[m[K In function ‘[01m[Kint main(int, char**)[m[K’:
[01m[K/home/adminuser/ws_moveit/src/motion_planning/src/des_frame_pub.cpp:18:9:[m[K [01;31m[Kerror: [m[Kno match for ‘[01m[Koperator>>[m[K’ (operand types are ‘[01m[Kstd::istream {aka std::basic_istream<char>}[m[K’ and ‘[01m[Kstd_msgs::String {aka std_msgs::String_<std::allocator<void> >}[m[K’)
     [01;31m[Kcin >> des_frame[m[K;
     [01;31m[K~~~~^~~~~~~~~~~~[m[K
In file included from [01m[K/usr/include/c++/7/iostream:40:0[m[K,
                 from [01m[K/opt/ros/melodic/include/ros/time.h:54[m[K,
                 from [01m[K/opt/ros/melodic/include/ros/ros.h:38[m[K,
                 from [01m[K/home/adminuser/ws_moveit/src/motion_planning/src/des_frame_pub.cpp:1[m[K:
[01m[K/usr/include/c++/7/istream:120:7:[m[K [01;36m[Knote: [m[Kcandidate: std::basic_istream<_CharT, _Traits>::__istream_type& std::basic_istream<_CharT, _Traits>::operator>>(std::basic_istream<_CharT, _Traits>::__istream_type& (*)(std::basic_istream<_CharT, _Traits>::__istream_type&)) [with _CharT = char; _Traits = std::char_traits<char>; std::basic_istream<_CharT, _Traits>::__istream_type = std::basic_istream<char>]
       [01;36m[Koperator[m[K>>(__istream_type& (*__pf)(__istream_type&))
       [01;36m[K^~~~~~~~[m[K
[01m[K/usr/include/c++/7/istream:120:7:[m[K [01;36m[Knote: [m[K  no known conversion for argument 1 from ‘[01m[Kstd_msgs::String {aka std_msgs::String_<std::allocator<void> >}[m[K’ to ‘[01m[Kstd::basic_istream<char>::__istream_type& (*)(std::basic_istream<char>::__istream_type&) {aka std::basic_istream<char>& (*)(std::basic_istream<char>&)}[m[K’
[01m[K/usr/include/c++/7/istream:124:7:[m[K [01;36m[Knote: [m[Kcandidate: std::basic_istream<_CharT, _Traits>::__istream_type& std::basic_istream<_CharT, _Traits>::operator>>(std::basic_istream<_CharT, _Traits>::__ios_type& (*)(std::basic_istream<_CharT, _Traits>::__ios_type&)) [with _CharT = char; _Traits = std::char_traits<char>; std::basic_istream<_CharT, _Traits>::__istream_type = std::basic_istream<char>; std::basic_istream<_CharT, _Traits>::__ios_type = std::basic_ios<char>]
       [01;36m[Koperator[m[K>>(__ios_type& (*__pf)(__ios_type&))
       [01;36m[K^~~~~~~~[m[K
[01m[K/usr/include/c++/7/istream:124:7:[m[K [01;36m[Knote: [m[K  no known conversion for argument 1 from ‘[01m[Kstd_msgs::String {aka std_msgs::String_<std::allocator<void> >}[m[K’ to ‘[01m[Kstd::basic_istream<char>::__ios_type& (*)(std::basic_istream<char>::__ios_type&) {aka std::basic_ios<char>& (*)(std::basic_ios<char>&)}[m[K’
[01m[K/usr/include/c++/7/istream:131:7:[m[K [01;36m[Knote: [m[Kcandidate: std::basic_istream<_CharT, _Traits>::__istream_type& std::basic_istream<_CharT, _Traits>::operator>>(std::ios_base& (*)(std::ios_base&)) [with _CharT = char; _Traits = std::char_traits<char>; std::basic_istream<_CharT, _Traits>::__istream_type = std::basic_istream<char>]
       [01;36m[Koperator[m[K>>(ios_base& (*__pf)(ios_base&))
       [01;36m[K^~~~~~~~[m[K
[01m[K/usr/include/c++/7/istream:131:7:[m[K [01;36m[Knote: [m[K  no known conversion for argument 1 from ‘[01m[Kstd_msgs::String {aka std_msgs::String_<std::allocator<void> >}[m[K’ to ‘[01m[Kstd::ios_base& (*)(std::ios_base&)[m[K’
[01m[K/usr/include/c++/7/istream:168:7:[m[K [01;36m[Knote: [m[Kcandidate: std::basic_istream<_CharT, _Traits>::__istream_type& std::basic_istream<_CharT, _Traits>::operator>>(bool&) [with _CharT = char; _Traits = std::char_traits<char>; std::basic_istream<_CharT, _Traits>::__istream_type = std::basic_istream<char>]
       [01;36m[Koperator[m[K>>(bool& __n)
       [01;36m[K^~~~~~~~[m[K
[01m[K/usr/include/c++/7/istream:168:7:[m[K [01;36m[Knote: [m[K  no known conversion for argument 1 from ‘[01m[Kstd_msgs::String {aka std_msgs::String_<std::allocator<void> >}[m[K’ to ‘[01m[Kbool&[m[K’
[01m[K/usr/include/c++/7/istream:172:7:[m[K [01;36m[Knote: [m[Kcandidate: std::basic_istream<_CharT, _Traits>& std::basic_istream<_CharT, _Traits>::operator>>(short int&) [with _CharT = char; _Traits = std::char_traits<char>]
       [01;36m[Koperator[m[K>>(short& __n);
       [01;36m[K^~~~~~~~[m[K
[01m[K/usr/include/c++/7/istream:172:7:[m[K [01;36m[Knote: [m[K  no known conversion for argument 1 from ‘[01m[Kstd_msgs::String {aka std_msgs::String_<std::allocator<void> >}[m[K’ to ‘[01m[Kshort int&[m[K’
[01m[K/usr/include/c++/7/istream:175:7:[m[K [01;36m[Knote: [m[Kcandidate: std::basic_istream<_CharT, _Traits>::__istream_type& std::basic_istream<_CharT, _Traits>::operator>>(short unsigned int&) [with _CharT = char; _Traits = std::char_traits<char>; std::basic_istream<_CharT, _Traits>::__istream_type = std::basic_istream<char>]
       [01;36m[Koperator[m[K>>(unsigned short& __n)
       [01;36m[K^~~~~~~~[m[K
[01m[K/usr/include/c++/7/istream:175:7:[m[K [01;36m[Knote: [m[K  no known conversion for argument 1 from ‘[01m[Kstd_msgs::String {aka std_msgs::String_<std::allocator<void> >}[m[K’ to ‘[01m[Kshort unsigned int&[m[K’
[01m[K/usr/include/c++/7/istream:179:7:[m[K [01;36m[Knote: [m[Kcandidate: std::basic_istream<_CharT, _Traits>& std::basic_istream<_CharT, _Traits>::operator>>(int&) [with _CharT = char; _Traits = std::char_traits<char>]
       [01;36m[Koperator[m[K>>(int& __n);
       [01;36m[K^~~~~~~~[m[K
[01m[K/usr/include/c++/7/istream:179:7:[m[K [01;36m[Knote: [m[K  no known conversion for argument 1 from ‘[01m[Kstd_msgs::String {aka std_msgs::String_<std::allocator<void> >}[m[K’ to ‘[01m[Kint&[m[K’
[01m[K/usr/include/c++/7/istream:182:7:[m[K [01;36m[Knote: [m[Kcandidate: std::basic_istream<_CharT, _Traits>::__istream_type& std::basic_istream<_CharT, _Traits>::operator>>(unsigned int&) [with _CharT = char; _Traits = std::char_traits<char>; std::basic_istream<_CharT, _Traits>::__istream_type = std::basic_istream<char>]
       [01;36m[Koperator[m[K>>(unsigned int& __n)
       [01;36m[K^~~~~~~~[m[K
[01m[K/usr/include/c++/7/istream:182:7:[m[K [01;36m[Knote: [m[K  no known conversion for argument 1 from ‘[01m[Kstd_msgs::String {aka std_msgs::String_<std::allocator<void> >}[m[K’ to ‘[01m[Kunsigned int&[m[K’
[01m[K/usr/include/c++/7/istream:186:7:[m[K [01;36m[Knote: [m[Kcandidate: std::basic_istream<_CharT, _Traits>::__istream_type& std::basic_istream<_CharT, _Traits>::operator>>(long int&) [with _CharT = char; _Traits = std::char_traits<char>; std::basic_istream<_CharT, _Traits>::__istream_type = std::basic_istream<char>]
       [01;36m[Koperator[m[K>>(long& __n)
       [01;36m[K^~~~~~~~[m[K
[01m[K/usr/include/c++/7/istream:186:7:[m[K [01;36m[Knote: [m[K  no known conversion for argument 1 from ‘[01m[Kstd_msgs::String {aka std_msgs::String_<std::allocator<void> >}[m[K’ to ‘[01m[Klong int&[m[K’
[01m[K/usr/include/c++/7/istream:190:7:[m[K [01;36m[Knote: [m[Kcandidate: std::basic_istream<_CharT, _Traits>::__istream_type& std::basic_istream<_CharT, _Traits>::operator>>(long unsigned int&) [with _CharT = char; _Traits = std::char_traits<char>; std::basic_istream<_CharT, _Traits>::__istream_type = std::basic_istream<char>]
       [01;36m[Koperator[m[K>>(unsigned long& __n)
       [01;36m[K^~~~~~~~[m[K
[01m[K/usr/include/c++/7/istream:190:7:[m[K [01;36m[Knote: [m[K  no known conversion for argument 1 from ‘[01m[Kstd_msgs::String {aka std_msgs::String_<std::allocator<void> >}[m[K’ to ‘[01m[Klong unsigned int&[m[K’
[01m[K/usr/include/c++/7/istream:195:7:[m[K [01;36m[Knote: [m[Kcandidate: std::basic_istream<_CharT, _Traits>::__istream_type& std::basic_istream<_CharT, _Traits>::operator>>(long long int&) [with _CharT = char; _Traits = std::char_traits<char>; std::basic_istream<_CharT, _Traits>::__istream_type = std::basic_istream<char>]
       [01;36m[Koperator[m[K>>(long long& __n)
       [01;36m[K^~~~~~~~[m[K
[01m[K/usr/include/c++/7/istream:195:7:[m[K [01;36m[Knote: [m[K  no known conversion for argument 1 from ‘[01m[Kstd_msgs::String {aka std_msgs::String_<std::allocator<void> >}[m[K’ to ‘[01m[Klong long int&[m[K’
[01m[K/usr/include/c++/7/istream:199:7:[m[K [01;36m[Knote: [m[Kcandidate: std::basic_istream<_CharT, _Traits>::__istream_type& std::basic_istream<_CharT, _Traits>::operator>>(long long unsigned int&) [with _CharT = char; _Traits = std::char_traits<char>; std::basic_istream<_CharT, _Traits>::__istream_type = std::basic_istream<char>]
       [01;36m[Koperator[m[K>>(unsigned long long& __n)
       [01;36m[K^~~~~~~~[m[K
[01m[K/usr/include/c++/7/istream:199:7:[m[K [01;36m[Knote: [m[K  no known conversion for argument 1 from ‘[01m[Kstd_msgs::String {aka std_msgs::String_<std::allocator<void> >}[m[K’ to ‘[01m[Klong long unsigned int&[m[K’
[01m[K/usr/include/c++/7/istream:214:7:[m[K [01;36m[Knote: [m[Kcandidate: std::basic_istream<_CharT, _Traits>::__istream_type& std::basic_istream<_CharT, _Traits>::operator>>(float&) [with _CharT = char; _Traits = std::char_traits<char>; std::basic_istream<_CharT, _Traits>::__istream_type = std::basic_istream<char>]
       [01;36m[Koperator[m[K>>(float& __f)
       [01;36m[K^~~~~~~~[m[K
[01m[K/usr/include/c++/7/istream:214:7:[m[K [01;36m[Knote: [m[K  no known conversion for argument 1 from ‘[01m[Kstd_msgs::String {aka std_msgs::String_<std::allocator<void> >}[m[K’ to ‘[01m[Kfloat&[m[K’
[01m[K/usr/include/c++/7/istream:218:7:[m[K [01;36m[Knote: [m[Kcandidate: std::basic_istream<_CharT, _Traits>::__istream_type& std::basic_istream<_CharT, _Traits>::operator>>(double&) [with _CharT = char; _Traits = std::char_traits<char>; std::basic_istream<_CharT, _Traits>::__istream_type = std::basic_istream<char>]
       [01;36m[Koperator[m[K>>(double& __f)
       [01;36m[K^~~~~~~~[m[K
[01m[K/usr/include/c++/7/istream:218:7:[m[K [01;36m[Knote: [m[K  no known conversion for argument 1 from ‘[01m[Kstd_msgs::String {aka std_msgs::String_<std::allocator<void> >}[m[K’ to ‘[01m[Kdouble&[m[K’
[01m[K/usr/include/c++/7/istream:222:7:[m[K [01;36m[Knote: [m[Kcandidate: std::basic_istream<_CharT, _Traits>::__istream_type& std::basic_istream<_CharT, _Traits>::operator>>(long double&) [with _CharT = char; _Traits = std::char_traits<char>; std::basic_istream<_CharT, _Traits>::__istream_type = std::basic_istream<char>]
       [01;36m[Koperator[m[K>>(long double& __f)
       [01;36m[K^~~~~~~~[m[K
[01m[K/usr/include/c++/7/istream:222:7:[m[K [01;36m[Knote: [m[K  no known conversion for argument 1 from ‘[01m[Kstd_msgs::String {aka std_msgs::String_<std::allocator<void> >}[m[K’ to ‘[01m[Klong double&[m[K’
[01m[K/usr/include/c++/7/istream:235:7:[m[K [01;36m[Knote: [m[Kcandidate: std::basic_istream<_CharT, _Traits>::__istream_type& std::basic_istream<_CharT, _Traits>::operator>>(void*&) [with _CharT = char; _Traits = std::char_traits<char>; std::basic_istream<_CharT, _Traits>::__istream_type = std::basic_istream<char>]
       [01;36m[Koperator[m[K>>(void*& __p)
       [01;36m[K^~~~~~~~[m[K
[01m[K/usr/include/c++/7/istream:235:7:[m[K [01;36m[Knote: [m[K  no known conversion for argument 1 from ‘[01m[Kstd_msgs::String {aka std_msgs::String_<std::allocator<void> >}[m[K’ to ‘[01m[Kvoid*&[m[K’
[01m[K/usr/include/c++/7/istream:259:7:[m[K [01;36m[Knote: [m[Kcandidate: std::basic_istream<_CharT, _Traits>& std::basic_istream<_CharT, _Traits>::operator>>(std::basic_istream<_CharT, _Traits>::__streambuf_type*) [with _CharT = char; _Traits = std::char_traits<char>; std::basic_istream<_CharT, _Traits>::__streambuf_type = std::basic_streambuf<char>]
       [01;36m[Koperator[m[K>>(__streambuf_type* __sb);
       [01;36m[K^~~~~~~~[m[K
[01m[K/usr/include/c++/7/istream:259:7:[m[K [01;36m[Knote: [m[K  no known conversion for argument 1 from ‘[01m[Kstd_msgs::String {aka std_msgs::String_<std::allocator<void> >}[m[K’ to ‘[01m[Kstd::basic_istream<char>::__streambuf_type* {aka std::basic_streambuf<char>*}[m[K’
In file included from [01m[K/usr/include/c++/7/string:53:0[m[K,
                 from [01m[K/opt/ros/melodic/include/ros/platform.h:38[m[K,
                 from [01m[K/opt/ros/melodic/include/ros/time.h:53[m[K,
                 from [01m[K/opt/ros/melodic/include/ros/ros.h:38[m[K,
                 from [01m[K/home/adminuser/ws_moveit/src/motion_planning/src/des_frame_pub.cpp:1[m[K:
[01m[K/usr/include/c++/7/bits/basic_string.tcc:1465:5:[m[K [01;36m[Knote: [m[Kcandidate: template<class _CharT, class _Traits, class _Alloc> std::basic_istream<_CharT, _Traits>& std::operator>>(std::basic_istream<_CharT, _Traits>&, std::__cxx11::basic_string<_CharT, _Traits, _Alloc>&)
     [01;36m[Koperator[m[K>>(basic_istream<_CharT, _Traits>& __in,
     [01;36m[K^~~~~~~~[m[K
[01m[K/usr/include/c++/7/bits/basic_string.tcc:1465:5:[m[K [01;36m[Knote: [m[K  template argument deduction/substitution failed:
[01m[K/home/adminuser/ws_moveit/src/motion_planning/src/des_frame_pub.cpp:18:12:[m[K [01;36m[Knote: [m[K  ‘[01m[Kstd_msgs::String {aka std_msgs::String_<std::allocator<void> >}[m[K’ is not derived from ‘[01m[Kstd::__cxx11::basic_string<_CharT, _Traits, _Alloc>[m[K’
     cin >> [01;36m[Kdes_frame[m[K;
            [01;36m[K^~~~~~~~~[m[K
In file included from [01m[K/usr/include/c++/7/istream:991:0[m[K,
                 from [01m[K/usr/include/c++/7/iostream:40[m[K,
                 from [01m[K/opt/ros/melodic/include/ros/time.h:54[m[K,
                 from [01m[K/opt/ros/melodic/include/ros/ros.h:38[m[K,
                 from [01m[K/home/adminuser/ws_moveit/src/motion_planning/src/des_frame_pub.cpp:1[m[K:
[01m[K/usr/include/c++/7/bits/istream.tcc:963:5:[m[K [01;36m[Knote: [m[Kcandidate: template<class _CharT2, class _Traits2> std::basic_istream<_CharT, _Traits>& std::operator>>(std::basic_istream<_CharT, _Traits>&, _CharT2*)
     [01;36m[Koperator[m[K>>(basic_istream<_CharT, _Traits>& __in, _CharT* __s)
     [01;36m[K^~~~~~~~[m[K
[01m[K/usr/include/c++/7/bits/istream.tcc:963:5:[m[K [01;36m[Knote: [m[K  template argument deduction/substitution failed:
[01m[K/home/adminuser/ws_moveit/src/motion_planning/src/des_frame_pub.cpp:18:12:[m[K [01;36m[Knote: [m[K  mismatched types ‘[01m[K_CharT2*[m[K’ and ‘[01m[Kstd_msgs::String_<std::allocator<void> >[m[K’
     cin >> [01;36m[Kdes_frame[m[K;
            [01;36m[K^~~~~~~~~[m[K
In file included from [01m[K/usr/include/c++/7/istream:991:0[m[K,
                 from [01m[K/usr/include/c++/7/iostream:40[m[K,
                 from [01m[K/opt/ros/melodic/include/ros/time.h:54[m[K,
                 from [01m[K/opt/ros/melodic/include/ros/ros.h:38[m[K,
                 from [01m[K/home/adminuser/ws_moveit/src/motion_planning/src/des_frame_pub.cpp:1[m[K:
[01m[K/usr/include/c++/7/bits/istream.tcc:931:5:[m[K [01;36m[Knote: [m[Kcandidate: template<class _CharT, class _Traits> std::basic_istream<_CharT, _Traits>& std::operator>>(std::basic_istream<_CharT, _Traits>&, _CharT&)
     [01;36m[Koperator[m[K>>(basic_istream<_CharT, _Traits>& __in, _CharT& __c)
     [01;36m[K^~~~~~~~[m[K
[01m[K/usr/include/c++/7/bits/istream.tcc:931:5:[m[K [01;36m[Knote: [m[K  template argument deduction/substitution failed:
[01m[K/home/adminuser/ws_moveit/src/motion_planning/src/des_frame_pub.cpp:18:12:[m[K [01;36m[Knote: [m[K  deduced conflicting types for parameter ‘[01m[K_CharT[m[K’ (‘[01m[Kchar[m[K’ and ‘[01m[Kstd_msgs::String {aka std_msgs::String_<std::allocator<void> >}[m[K’)
     cin >> [01;36m[Kdes_frame[m[K;
            [01;36m[K^~~~~~~~~[m[K
In file included from [01m[K/usr/include/c++/7/iostream:40:0[m[K,
                 from [01m[K/opt/ros/melodic/include/ros/time.h:54[m[K,
                 from [01m[K/opt/ros/melodic/include/ros/ros.h:38[m[K,
                 from [01m[K/home/adminuser/ws_moveit/src/motion_planning/src/des_frame_pub.cpp:1[m[K:
[01m[K/usr/include/c++/7/istream:756:5:[m[K [01;36m[Knote: [m[Kcandidate: template<class _Traits> std::basic_istream<char, _Traits>& std::operator>>(std::basic_istream<char, _Traits>&, unsigned char&)
     [01;36m[Koperator[m[K>>(basic_istream<char, _Traits>& __in, unsigned char& __c)
     [01;36m[K^~~~~~~~[m[K
[01m[K/usr/include/c++/7/istream:756:5:[m[K [01;36m[Knote: [m[K  template argument deduction/substitution failed:
[01m[K/home/adminuser/ws_moveit/src/motion_planning/src/des_frame_pub.cpp:18:12:[m[K [01;36m[Knote: [m[K  cannot convert ‘[01m[Kdes_frame[m[K’ (type ‘[01m[Kstd_msgs::String {aka std_msgs::String_<std::allocator<void> >}[m[K’) to type ‘[01m[Kunsigned char&[m[K’
     cin >> [01;36m[Kdes_frame[m[K;
            [01;36m[K^~~~~~~~~[m[K
In file included from [01m[K/usr/include/c++/7/iostream:40:0[m[K,
                 from [01m[K/opt/ros/melodic/include/ros/time.h:54[m[K,
                 from [01m[K/opt/ros/melodic/include/ros/ros.h:38[m[K,
                 from [01m[K/home/adminuser/ws_moveit/src/motion_planning/src/des_frame_pub.cpp:1[m[K:
[01m[K/usr/include/c++/7/istream:761:5:[m[K [01;36m[Knote: [m[Kcandidate: template<class _Traits> std::basic_istream<char, _Traits>& std::operator>>(std::basic_istream<char, _Traits>&, signed char&)
     [01;36m[Koperator[m[K>>(basic_istream<char, _Traits>& __in, signed char& __c)
     [01;36m[K^~~~~~~~[m[K
[01m[K/usr/include/c++/7/istream:761:5:[m[K [01;36m[Knote: [m[K  template argument deduction/substitution failed:
[01m[K/home/adminuser/ws_moveit/src/motion_planning/src/des_frame_pub.cpp:18:12:[m[K [01;36m[Knote: [m[K  cannot convert ‘[01m[Kdes_frame[m[K’ (type ‘[01m[Kstd_msgs::String {aka std_msgs::String_<std::allocator<void> >}[m[K’) to type ‘[01m[Ksigned char&[m[K’
     cin >> [01;36m[Kdes_frame[m[K;
            [01;36m[K^~~~~~~~~[m[K
In file included from [01m[K/usr/include/c++/7/iostream:40:0[m[K,
                 from [01m[K/opt/ros/melodic/include/ros/time.h:54[m[K,
                 from [01m[K/opt/ros/melodic/include/ros/ros.h:38[m[K,
                 from [01m[K/home/adminuser/ws_moveit/src/motion_planning/src/des_frame_pub.cpp:1[m[K:
[01m[K/usr/include/c++/7/istream:803:5:[m[K [01;36m[Knote: [m[Kcandidate: template<class _Traits> std::basic_istream<char, _Traits>& std::operator>>(std::basic_istream<char, _Traits>&, unsigned char*)
     [01;36m[Koperator[m[K>>(basic_istream<char, _Traits>& __in, unsigned char* __s)
     [01;36m[K^~~~~~~~[m[K
[01m[K/usr/include/c++/7/istream:803:5:[m[K [01;36m[Knote: [m[K  template argument deduction/substitution failed:
[01m[K/home/adminuser/ws_moveit/src/motion_planning/src/des_frame_pub.cpp:18:12:[m[K [01;36m[Knote: [m[K  cannot convert ‘[01m[Kdes_frame[m[K’ (type ‘[01m[Kstd_msgs::String {aka std_msgs::String_<std::allocator<void> >}[m[K’) to type ‘[01m[Kunsigned char*[m[K’
     cin >> [01;36m[Kdes_frame[m[K;
            [01;36m[K^~~~~~~~~[m[K
In file included from [01m[K/usr/include/c++/7/iostream:40:0[m[K,
                 from [01m[K/opt/ros/melodic/include/ros/time.h:54[m[K,
                 from [01m[K/opt/ros/melodic/include/ros/ros.h:38[m[K,
                 from [01m[K/home/adminuser/ws_moveit/src/motion_planning/src/des_frame_pub.cpp:1[m[K:
[01m[K/usr/include/c++/7/istream:808:5:[m[K [01;36m[Knote: [m[Kcandidate: template<class _Traits> std::basic_istream<char, _Traits>& std::operator>>(std::basic_istream<char, _Traits>&, signed char*)
     [01;36m[Koperator[m[K>>(basic_istream<char, _Traits>& __in, signed char* __s)
     [01;36m[K^~~~~~~~[m[K
[01m[K/usr/include/c++/7/istream:808:5:[m[K [01;36m[Knote: [m[K  template argument deduction/substitution failed:
[01m[K/home/adminuser/ws_moveit/src/motion_planning/src/des_frame_pub.cpp:18:12:[m[K [01;36m[Knote: [m[K  cannot convert ‘[01m[Kdes_frame[m[K’ (type ‘[01m[Kstd_msgs::String {aka std_msgs::String_<std::allocator<void> >}[m[K’) to type ‘[01m[Ksigned char*[m[K’
     cin >> [01;36m[Kdes_frame[m[K;
            [01;36m[K^~~~~~~~~[m[K
In file included from [01m[K/usr/include/c++/7/iostream:40:0[m[K,
                 from [01m[K/opt/ros/melodic/include/ros/time.h:54[m[K,
                 from [01m[K/opt/ros/melodic/include/ros/ros.h:38[m[K,
                 from [01m[K/home/adminuser/ws_moveit/src/motion_planning/src/des_frame_pub.cpp:1[m[K:
[01m[K/usr/include/c++/7/istream:980:5:[m[K [01;36m[Knote: [m[Kcandidate: template<class _Istream, class _Tp> typename std::enable_if<std::__and_<std::__not_<std::is_lvalue_reference<_Tp> >, std::__is_convertible_to_basic_istream<_Istream>, std::__is_extractable<typename std::__is_convertible_to_basic_istream<_Tp>::__istream_type, _Tp&&, void> >::value, typename std::__is_convertible_to_basic_istream<_Tp>::__istream_type>::type std::operator>>(_Istream&&, _Tp&&)
     [01;36m[Koperator[m[K>>(_Istream&& __is, _Tp&& __x)
     [01;36m[K^~~~~~~~[m[K
[01m[K/usr/include/c++/7/istream:980:5:[m[K [01;36m[Knote: [m[K  template argument deduction/substitution failed:
/usr/include/c++/7/istream: In substitution of ‘[01m[Ktemplate<class _Istream, class _Tp> typename std::enable_if<std::__and_<std::__not_<std::is_lvalue_reference<_Tp> >, std::__is_convertible_to_basic_istream<_Istream>, std::__is_extractable<typename std::__is_convertible_to_basic_istream<_Tp>::__istream_type, _Tp&&, void> >::value, typename std::__is_convertible_to_basic_istream<_Tp>::__istream_type>::type std::operator>>(_Istream&&, _Tp&&) [with _Istream = std::basic_istream<char>&; _Tp = std_msgs::String_<std::allocator<void> >&][m[K’:
[01m[K/home/adminuser/ws_moveit/src/motion_planning/src/des_frame_pub.cpp:18:12:[m[K   required from here
[01m[K/usr/include/c++/7/istream:980:5:[m[K [01;31m[Kerror: [m[Kno type named ‘[01m[Ktype[m[K’ in ‘[01m[Kstruct std::enable_if<false, std::basic_istream<char>&>[m[K’
In file included from [01m[K/usr/include/boost/math/policies/error_handling.hpp:12:0[m[K,
                 from [01m[K/usr/include/boost/math/special_functions/round.hpp:14[m[K,
                 from [01m[K/opt/ros/melodic/include/ros/time.h:58[m[K,
                 from [01m[K/opt/ros/melodic/include/ros/ros.h:38[m[K,
                 from [01m[K/home/adminuser/ws_moveit/src/motion_planning/src/des_frame_pub.cpp:1[m[K:
[01m[K/usr/include/c++/7/iomanip:71:5:[m[K [01;36m[Knote: [m[Kcandidate: template<class _CharT, class _Traits> std::basic_istream<_CharT, _Traits>& std::operator>>(std::basic_istream<_CharT, _Traits>&, std::_Resetiosflags)
     [01;36m[Koperator[m[K>>(basic_istream<_CharT, _Traits>& __is, _Resetiosflags __f)
     [01;36m[K^~~~~~~~[m[K
[01m[K/usr/include/c++/7/iomanip:71:5:[m[K [01;36m[Knote: [m[K  template argument deduction/substitution failed:
[01m[K/home/adminuser/ws_moveit/src/motion_planning/src/des_frame_pub.cpp:18:12:[m[K [01;36m[Knote: [m[K  cannot convert ‘[01m[Kdes_frame[m[K’ (type ‘[01m[Kstd_msgs::String {aka std_msgs::String_<std::allocator<void> >}[m[K’) to type ‘[01m[Kstd::_Resetiosflags[m[K’
     cin >> [01;36m[Kdes_frame[m[K;
            [01;36m[K^~~~~~~~~[m[K
In file included from [01m[K/usr/include/boost/math/policies/error_handling.hpp:12:0[m[K,
                 from [01m[K/usr/include/boost/math/special_functions/round.hpp:14[m[K,
                 from [01m[K/opt/ros/melodic/include/ros/time.h:58[m[K,
                 from [01m[K/opt/ros/melodic/include/ros/ros.h:38[m[K,
                 from [01m[K/home/adminuser/ws_moveit/src/motion_planning/src/des_frame_pub.cpp:1[m[K:
[01m[K/usr/include/c++/7/iomanip:101:5:[m[K [01;36m[Knote: [m[Kcandidate: template<class _CharT, class _Traits> std::basic_istream<_CharT, _Traits>& std::operator>>(std::basic_istream<_CharT, _Traits>&, std::_Setiosflags)
     [01;36m[Koperator[m[K>>(basic_istream<_CharT, _Traits>& __is, _Setiosflags __f)
     [01;36m[K^~~~~~~~[m[K
[01m[K/usr/include/c++/7/iomanip:101:5:[m[K [01;36m[Knote: [m[K  template argument deduction/substitution failed:
[01m[K/home/adminuser/ws_moveit/src/motion_planning/src/des_frame_pub.cpp:18:12:[m[K [01;36m[Knote: [m[K  cannot convert ‘[01m[Kdes_frame[m[K’ (type ‘[01m[Kstd_msgs::String {aka std_msgs::String_<std::allocator<void> >}[m[K’) to type ‘[01m[Kstd::_Setiosflags[m[K’
     cin >> [01;36m[Kdes_frame[m[K;
            [01;36m[K^~~~~~~~~[m[K
In file included from [01m[K/usr/include/boost/math/policies/error_handling.hpp:12:0[m[K,
                 from [01m[K/usr/include/boost/math/special_functions/round.hpp:14[m[K,
                 from [01m[K/opt/ros/melodic/include/ros/time.h:58[m[K,
                 from [01m[K/opt/ros/melodic/include/ros/ros.h:38[m[K,
                 from [01m[K/home/adminuser/ws_moveit/src/motion_planning/src/des_frame_pub.cpp:1[m[K:
[01m[K/usr/include/c++/7/iomanip:132:5:[m[K [01;36m[Knote: [m[Kcandidate: template<class _CharT, class _Traits> std::basic_istream<_CharT, _Traits>& std::operator>>(std::basic_istream<_CharT, _Traits>&, std::_Setbase)
     [01;36m[Koperator[m[K>>(basic_istream<_CharT, _Traits>& __is, _Setbase __f)
     [01;36m[K^~~~~~~~[m[K
[01m[K/usr/include/c++/7/iomanip:132:5:[m[K [01;36m[Knote: [m[K  template argument deduction/substitution failed:
[01m[K/home/adminuser/ws_moveit/src/motion_planning/src/des_frame_pub.cpp:18:12:[m[K [01;36m[Knote: [m[K  cannot convert ‘[01m[Kdes_frame[m[K’ (type ‘[01m[Kstd_msgs::String {aka std_msgs::String_<std::allocator<void> >}[m[K’) to type ‘[01m[Kstd::_Setbase[m[K’
     cin >> [01;36m[Kdes_frame[m[K;
            [01;36m[K^~~~~~~~~[m[K
In file included from [01m[K/usr/include/boost/math/policies/error_handling.hpp:12:0[m[K,
                 from [01m[K/usr/include/boost/math/special_functions/round.hpp:14[m[K,
                 from [01m[K/opt/ros/melodic/include/ros/time.h:58[m[K,
                 from [01m[K/opt/ros/melodic/include/ros/ros.h:38[m[K,
                 from [01m[K/home/adminuser/ws_moveit/src/motion_planning/src/des_frame_pub.cpp:1[m[K:
[01m[K/usr/include/c++/7/iomanip:170:5:[m[K [01;36m[Knote: [m[Kcandidate: template<class _CharT, class _Traits> std::basic_istream<_CharT, _Traits>& std::operator>>(std::basic_istream<_CharT, _Traits>&, std::_Setfill<_CharT>)
     [01;36m[Koperator[m[K>>(basic_istream<_CharT, _Traits>& __is, _Setfill<_CharT> __f)
     [01;36m[K^~~~~~~~[m[K
[01m[K/usr/include/c++/7/iomanip:170:5:[m[K [01;36m[Knote: [m[K  template argument deduction/substitution failed:
[01m[K/home/adminuser/ws_moveit/src/motion_planning/src/des_frame_pub.cpp:18:12:[m[K [01;36m[Knote: [m[K  ‘[01m[Kstd_msgs::String_<std::allocator<void> >[m[K’ is not derived from ‘[01m[Kstd::_Setfill<_CharT>[m[K’
     cin >> [01;36m[Kdes_frame[m[K;
            [01;36m[K^~~~~~~~~[m[K
In file included from [01m[K/usr/include/boost/math/policies/error_handling.hpp:12:0[m[K,
                 from [01m[K/usr/include/boost/math/special_functions/round.hpp:14[m[K,
                 from [01m[K/opt/ros/melodic/include/ros/time.h:58[m[K,
                 from [01m[K/opt/ros/melodic/include/ros/ros.h:38[m[K,
                 from [01m[K/home/adminuser/ws_moveit/src/motion_planning/src/des_frame_pub.cpp:1[m[K:
[01m[K/usr/include/c++/7/iomanip:200:5:[m[K [01;36m[Knote: [m[Kcandidate: template<class _CharT, class _Traits> std::basic_istream<_CharT, _Traits>& std::operator>>(std::basic_istream<_CharT, _Traits>&, std::_Setprecision)
     [01;36m[Koperator[m[K>>(basic_istream<_CharT, _Traits>& __is, _Setprecision __f)
     [01;36m[K^~~~~~~~[m[K
[01m[K/usr/include/c++/7/iomanip:200:5:[m[K [01;36m[Knote: [m[K  template argument deduction/substitution failed:
[01m[K/home/adminuser/ws_moveit/src/motion_planning/src/des_frame_pub.cpp:18:12:[m[K [01;36m[Knote: [m[K  cannot convert ‘[01m[Kdes_frame[m[K’ (type ‘[01m[Kstd_msgs::String {aka std_msgs::String_<std::allocator<void> >}[m[K’) to type ‘[01m[Kstd::_Setprecision[m[K’
     cin >> [01;36m[Kdes_frame[m[K;
            [01;36m[K^~~~~~~~~[m[K
In file included from [01m[K/usr/include/boost/math/policies/error_handling.hpp:12:0[m[K,
                 from [01m[K/usr/include/boost/math/special_functions/round.hpp:14[m[K,
                 from [01m[K/opt/ros/melodic/include/ros/time.h:58[m[K,
                 from [01m[K/opt/ros/melodic/include/ros/ros.h:38[m[K,
                 from [01m[K/home/adminuser/ws_moveit/src/motion_planning/src/des_frame_pub.cpp:1[m[K:
[01m[K/usr/include/c++/7/iomanip:230:5:[m[K [01;36m[Knote: [m[Kcandidate: template<class _CharT, class _Traits> std::basic_istream<_CharT, _Traits>& std::operator>>(std::basic_istream<_CharT, _Traits>&, std::_Setw)
     [01;36m[Koperator[m[K>>(basic_istream<_CharT, _Traits>& __is, _Setw __f)
     [01;36m[K^~~~~~~~[m[K
[01m[K/usr/include/c++/7/iomanip:230:5:[m[K [01;36m[Knote: [m[K  template argument deduction/substitution failed:
[01m[K/home/adminuser/ws_moveit/src/motion_planning/src/des_frame_pub.cpp:18:12:[m[K [01;36m[Knote: [m[K  cannot convert ‘[01m[Kdes_frame[m[K’ (type ‘[01m[Kstd_msgs::String {aka std_msgs::String_<std::allocator<void> >}[m[K’) to type ‘[01m[Kstd::_Setw[m[K’
     cin >> [01;36m[Kdes_frame[m[K;
            [01;36m[K^~~~~~~~~[m[K
In file included from [01m[K/usr/include/boost/math/policies/error_handling.hpp:12:0[m[K,
                 from [01m[K/usr/include/boost/math/special_functions/round.hpp:14[m[K,
                 from [01m[K/opt/ros/melodic/include/ros/time.h:58[m[K,
                 from [01m[K/opt/ros/melodic/include/ros/ros.h:38[m[K,
                 from [01m[K/home/adminuser/ws_moveit/src/motion_planning/src/des_frame_pub.cpp:1[m[K:
[01m[K/usr/include/c++/7/iomanip:264:5:[m[K [01;36m[Knote: [m[Kcandidate: template<class _CharT, class _Traits, class _MoneyT> std::basic_istream<_CharT, _Traits>& std::operator>>(std::basic_istream<_CharT, _Traits>&, std::_Get_money<_MoneyT>)
     [01;36m[Koperator[m[K>>(basic_istream<_CharT, _Traits>& __is, _Get_money<_MoneyT> __f)
     [01;36m[K^~~~~~~~[m[K
[01m[K/usr/include/c++/7/iomanip:264:5:[m[K [01;36m[Knote: [m[K  template argument deduction/substitution failed:
[01m[K/home/adminuser/ws_moveit/src/motion_planning/src/des_frame_pub.cpp:18:12:[m[K [01;36m[Knote: [m[K  ‘[01m[Kstd_msgs::String_<std::allocator<void> >[m[K’ is not derived from ‘[01m[Kstd::_Get_money<_MoneyT>[m[K’
     cin >> [01;36m[Kdes_frame[m[K;
            [01;36m[K^~~~~~~~~[m[K
In file included from [01m[K/usr/include/boost/math/policies/error_handling.hpp:12:0[m[K,
                 from [01m[K/usr/include/boost/math/special_functions/round.hpp:14[m[K,
                 from [01m[K/opt/ros/melodic/include/ros/time.h:58[m[K,
                 from [01m[K/opt/ros/melodic/include/ros/ros.h:38[m[K,
                 from [01m[K/home/adminuser/ws_moveit/src/motion_planning/src/des_frame_pub.cpp:1[m[K:
[01m[K/usr/include/c++/7/iomanip:418:5:[m[K [01;36m[Knote: [m[Kcandidate: template<class _CharT, class _Traits> std::basic_istream<_CharT, _Traits>& std::operator>>(std::basic_istream<_CharT, _Traits>&, std::_Get_time<_CharT>)
     [01;36m[Koperator[m[K>>(basic_istream<_CharT, _Traits>& __is, _Get_time<_CharT> __f)
     [01;36m[K^~~~~~~~[m[K
[01m[K/usr/include/c++/7/iomanip:418:5:[m[K [01;36m[Knote: [m[K  template argument deduction/substitution failed:
[01m[K/home/adminuser/ws_moveit/src/motion_planning/src/des_frame_pub.cpp:18:12:[m[K [01;36m[Knote: [m[K  ‘[01m[Kstd_msgs::String_<std::allocator<void> >[m[K’ is not derived from ‘[01m[Kstd::_Get_time<_CharT>[m[K’
     cin >> [01;36m[Kdes_frame[m[K;
            [01;36m[K^~~~~~~~~[m[K
In file included from [01m[K/usr/include/boost/config/no_tr1/complex.hpp:21:0[m[K,
                 from [01m[K/usr/include/boost/math/policies/error_handling.hpp:17[m[K,
                 from [01m[K/usr/include/boost/math/special_functions/round.hpp:14[m[K,
                 from [01m[K/opt/ros/melodic/include/ros/time.h:58[m[K,
                 from [01m[K/opt/ros/melodic/include/ros/ros.h:38[m[K,
                 from [01m[K/home/adminuser/ws_moveit/src/motion_planning/src/des_frame_pub.cpp:1[m[K:
[01m[K/usr/include/c++/7/complex:493:5:[m[K [01;36m[Knote: [m[Kcandidate: template<class _Tp, class _CharT, class _Traits> std::basic_istream<_CharT, _Traits>& std::operator>>(std::basic_istream<_CharT, _Traits>&, std::complex<_Tp>&)
     [01;36m[Koperator[m[K>>(basic_istream<_CharT, _Traits>& __is, complex<_Tp>& __x)
     [01;36m[K^~~~~~~~[m[K
[01m[K/usr/include/c++/7/complex:493:5:[m[K [01;36m[Knote: [m[K  template argument deduction/substitution failed:
[01m[K/home/adminuser/ws_moveit/src/motion_planning/src/des_frame_pub.cpp:18:12:[m[K [01;36m[Knote: [m[K  ‘[01m[Kstd_msgs::String {aka std_msgs::String_<std::allocator<void> >}[m[K’ is not derived from ‘[01m[Kstd::complex<_Tp>[m[K’
     cin >> [01;36m[Kdes_frame[m[K;
            [01;36m[K^~~~~~~~~[m[K
make[2]: *** [CMakeFiles/des_frame_pub.dir/src/des_frame_pub.cpp.o] Error 1
make[1]: *** [CMakeFiles/des_frame_pub.dir/all] Error 2
make: *** [all] Error 2
