[01m[K/home/adminuser/ws_moveit/src/motion_planning/src/obj_tf.cpp:[m[K In function ‘[01m[Kint main(int, char**)[m[K’:
[01m[K/home/adminuser/ws_moveit/src/motion_planning/src/obj_tf.cpp:56:7:[m[K [01;31m[Kerror: [m[K‘[01m[Ktransform_listener[m[K’ is not a member of ‘[01m[Ktf[m[K’
   tf::[01;31m[Ktransform_listener[m[K listener;
       [01;31m[K^~~~~~~~~~~~~~~~~~[m[K
[01m[K/home/adminuser/ws_moveit/src/motion_planning/src/obj_tf.cpp:56:7:[m[K [01;36m[Knote: [m[Ksuggested alternative: ‘[01m[KTransformListener[m[K’
   tf::[01;36m[Ktransform_listener[m[K listener;
       [01;36m[K^~~~~~~~~~~~~~~~~~[m[K
       [32m[KTransformListener[m[K
[01m[K/home/adminuser/ws_moveit/src/motion_planning/src/obj_tf.cpp:169:37:[m[K [01;31m[Kerror: [m[K‘[01m[Kgroup[m[K’ was not declared in this scope
     sphere_object.header.frame_id = [01;31m[Kgroup[m[K.getPlanningFrame();
                                     [01;31m[K^~~~~[m[K
[01m[K/home/adminuser/ws_moveit/src/motion_planning/src/obj_tf.cpp:169:37:[m[K [01;36m[Knote: [m[Ksuggested alternative:
In file included from [01m[K/usr/include/boost/format.hpp:48:0[m[K,
                 from [01m[K/opt/ros/melodic/include/rosbag/bag.h:62[m[K,
                 from [01m[K/home/adminuser/ws_moveit/src/motion_planning/src/obj_tf.cpp:26[m[K:
[01m[K/usr/include/boost/format/group.hpp:667:3:[m[K [01;36m[Knote: [m[K  ‘[01m[Kboost::io::group[m[K’
   [01;36m[Kgroup[m[K(T1 a1,T2 a2,T3 a3,T4 a4,T5 a5,T6 a6,T7 a7,T8 a8,T9 a9, Var& var)
   [01;36m[K^~~~~[m[K
[01m[K/home/adminuser/ws_moveit/src/motion_planning/src/obj_tf.cpp:213:5:[m[K [01;31m[Kerror: [m[K‘[01m[Kcurrent_scene[m[K’ was not declared in this scope
     [01;31m[Kcurrent_scene[m[K.addCollisionObjects(collision_objects);
     [01;31m[K^~~~~~~~~~~~~[m[K
[01m[K/home/adminuser/ws_moveit/src/motion_planning/src/obj_tf.cpp:213:5:[m[K [01;36m[Knote: [m[Ksuggested alternative: ‘[01m[Kplanning_scene[m[K’
     [01;36m[Kcurrent_scene[m[K.addCollisionObjects(collision_objects);
     [01;36m[K^~~~~~~~~~~~~[m[K
     [32m[Kplanning_scene[m[K
In file included from [01m[K/opt/ros/melodic/include/tf2/convert.h:39:0[m[K,
                 from [01m[K/opt/ros/melodic/include/tf2_ros/buffer_interface.h:40[m[K,
                 from [01m[K/opt/ros/melodic/include/tf2_ros/buffer.h:35[m[K,
                 from [01m[K/opt/ros/melodic/include/tf/tf.h:49[m[K,
                 from [01m[K/opt/ros/melodic/include/tf/transform_listener.h:38[m[K,
                 from [01m[K/home/adminuser/ws_moveit/src/motion_planning/src/obj_tf.cpp:3[m[K:
/opt/ros/melodic/include/tf2/impl/convert.h: In instantiation of ‘[01m[Kstatic void tf2::impl::Converter<IS_MESSAGE_A, IS_MESSAGE_B>::convert(const A&, B&) [with A = tf2::Quaternion; B = geometry_msgs::Quaternion_<std::allocator<void> >; bool IS_MESSAGE_A = false; bool IS_MESSAGE_B = true][m[K’:
[01m[K/opt/ros/melodic/include/tf2/convert.h:116:113:[m[K   required from ‘[01m[Kvoid tf2::convert(const A&, B&) [with A = tf2::Quaternion; B = geometry_msgs::Quaternion_<std::allocator<void> >][m[K’
[01m[K/home/adminuser/ws_moveit/src/motion_planning/src/obj_tf.cpp:201:49:[m[K   required from here
[01m[K/opt/ros/melodic/include/tf2/impl/convert.h:65:12:[m[K [01;31m[Kerror: [m[Kno matching function for call to ‘[01m[KtoMsg(const tf2::Quaternion&)[m[K’
   b = [01;31m[KtoMsg(a)[m[K;
       [01;31m[K~~~~~^~~[m[K
In file included from [01m[K/opt/ros/melodic/include/tf2_ros/buffer_interface.h:40:0[m[K,
                 from [01m[K/opt/ros/melodic/include/tf2_ros/buffer.h:35[m[K,
                 from [01m[K/opt/ros/melodic/include/tf/tf.h:49[m[K,
                 from [01m[K/opt/ros/melodic/include/tf/transform_listener.h:38[m[K,
                 from [01m[K/home/adminuser/ws_moveit/src/motion_planning/src/obj_tf.cpp:3[m[K:
[01m[K/opt/ros/melodic/include/tf2/convert.h:94:5:[m[K [01;36m[Knote: [m[Kcandidate: template<class A, class B> B tf2::toMsg(const A&)
   B [01;36m[KtoMsg[m[K(const A& a);
     [01;36m[K^~~~~[m[K
[01m[K/opt/ros/melodic/include/tf2/convert.h:94:5:[m[K [01;36m[Knote: [m[K  template argument deduction/substitution failed:
In file included from [01m[K/opt/ros/melodic/include/tf2/convert.h:39:0[m[K,
                 from [01m[K/opt/ros/melodic/include/tf2_ros/buffer_interface.h:40[m[K,
                 from [01m[K/opt/ros/melodic/include/tf2_ros/buffer.h:35[m[K,
                 from [01m[K/opt/ros/melodic/include/tf/tf.h:49[m[K,
                 from [01m[K/opt/ros/melodic/include/tf/transform_listener.h:38[m[K,
                 from [01m[K/home/adminuser/ws_moveit/src/motion_planning/src/obj_tf.cpp:3[m[K:
[01m[K/opt/ros/melodic/include/tf2/impl/convert.h:65:12:[m[K [01;36m[Knote: [m[K  couldn't deduce template parameter ‘[01m[KB[m[K’
   b = [01;36m[KtoMsg(a)[m[K;
       [01;36m[K~~~~~^~~[m[K
make[2]: *** [CMakeFiles/obj_tf.dir/src/obj_tf.cpp.o] Error 1
make[1]: *** [CMakeFiles/obj_tf.dir/all] Error 2
make: *** [all] Error 2
