[01m[K/home/adminuser/ws_moveit/src/motion_planning/src/velocity_scaling.cpp:[m[K In function ‘[01m[Kint main(int, char**)[m[K’:
[01m[K/home/adminuser/ws_moveit/src/motion_planning/src/velocity_scaling.cpp:170:18:[m[K [01;31m[Kerror: [m[K‘[01m[Ksize[m[K’ was not declared in this scope
   int n_joints = [01;31m[Ksize[m[K(my_plan2.trajectory_.joint_trajectory.joint_names);
                  [01;31m[K^~~~[m[K
[01m[K/home/adminuser/ws_moveit/src/motion_planning/src/velocity_scaling.cpp:170:18:[m[K [01;36m[Knote: [m[Ksuggested alternatives:
In file included from [01m[K/usr/include/boost/range/functions.hpp:20:0[m[K,
                 from [01m[K/usr/include/boost/range/iterator_range_core.hpp:38[m[K,
                 from [01m[K/usr/include/boost/lexical_cast.hpp:30[m[K,
                 from [01m[K/opt/ros/melodic/include/ros/transport_hints.h:34[m[K,
                 from [01m[K/opt/ros/melodic/include/ros/subscribe_options.h:33[m[K,
                 from [01m[K/opt/ros/melodic/include/ros/node_handle.h:42[m[K,
                 from [01m[K/opt/ros/melodic/include/ros/ros.h:45[m[K,
                 from [01m[K/opt/ros/melodic/include/tf2_ros/buffer.h:38[m[K,
                 from [01m[K/opt/ros/melodic/include/tf/tf.h:49[m[K,
                 from [01m[K/opt/ros/melodic/include/tf/transform_listener.h:38[m[K,
                 from [01m[K/home/adminuser/ws_moveit/src/motion_planning/src/velocity_scaling.cpp:3[m[K:
[01m[K/usr/include/boost/range/size.hpp:55:5:[m[K [01;36m[Knote: [m[K  ‘[01m[Kboost::size[m[K’
     [01;36m[Ksize[m[K(const SinglePassRange& rng)
     [01;36m[K^~~~[m[K
In file included from [01m[K/usr/include/boost/mpl/list/aux_/size.hpp:17:0[m[K,
                 from [01m[K/usr/include/boost/mpl/list/list0.hpp:25[m[K,
                 from [01m[K/usr/include/boost/mpl/list/list10.hpp:18[m[K,
                 from [01m[K/usr/include/boost/mpl/list/list20.hpp:18[m[K,
                 from [01m[K/usr/include/boost/mpl/list.hpp:36[m[K,
                 from [01m[K/usr/include/boost/math/policies/policy.hpp:9[m[K,
                 from [01m[K/usr/include/boost/math/policies/error_handling.hpp:21[m[K,
                 from [01m[K/usr/include/boost/math/special_functions/round.hpp:14[m[K,
                 from [01m[K/opt/ros/melodic/include/ros/time.h:58[m[K,
                 from [01m[K/opt/ros/melodic/include/ros/serialization.h:34[m[K,
                 from [01m[K/opt/ros/melodic/include/sensor_msgs/PointCloud.h:14[m[K,
                 from [01m[K/opt/ros/melodic/include/tf/transform_listener.h:35[m[K,
                 from [01m[K/home/adminuser/ws_moveit/src/motion_planning/src/velocity_scaling.cpp:3[m[K:
[01m[K/usr/include/boost/mpl/size_fwd.hpp:20:38:[m[K [01;36m[Knote: [m[K  ‘[01m[Kboost::mpl::size[m[K’
 template< typename Sequence > struct [01;36m[Ksize[m[K;
                                      [01;36m[K^~~~[m[K
make[2]: *** [CMakeFiles/velocity_scaling.dir/src/velocity_scaling.cpp.o] Error 1
make[1]: *** [CMakeFiles/velocity_scaling.dir/all] Error 2
make: *** [all] Error 2
