Symlinking /home/adminuser/ws_moveit/devel/share/motion_planning/cmake/motion_planningConfig.cmake
Symlinking /home/adminuser/ws_moveit/devel/share/motion_planning/cmake/motion_planningConfig-version.cmake
Symlinking /home/adminuser/ws_moveit/devel/lib/pkgconfig/motion_planning.pc
Symlinking /home/adminuser/ws_moveit/devel/lib/motion_planning/sphere_rosBridge
Symlinking /home/adminuser/ws_moveit/devel/lib/motion_planning/matrix_reader_18
Symlinking /home/adminuser/ws_moveit/devel/lib/motion_planning/matrix_storer_18
Symlinking /home/adminuser/ws_moveit/devel/lib/motion_planning/move_cSpace
Symlinking /home/adminuser/ws_moveit/devel/lib/motion_planning/matrix_reader_5
Symlinking /home/adminuser/ws_moveit/devel/lib/motion_planning/matrix_storer_5
Symlinking /home/adminuser/ws_moveit/devel/lib/motion_planning/plan_storer
Symlinking /home/adminuser/ws_moveit/devel/lib/motion_planning/trajectory_pub
Symlinking /home/adminuser/ws_moveit/devel/lib/motion_planning/add_body
Symlinking /home/adminuser/ws_moveit/devel/lib/motion_planning/matrix_storer
Symlinking /home/adminuser/ws_moveit/devel/lib/motion_planning/des_frame_pub
Symlinking /home/adminuser/ws_moveit/devel/lib/motion_planning/move_jSpace
Symlinking /home/adminuser/ws_moveit/devel/lib/motion_planning/into_ws
Symlinking /home/adminuser/ws_moveit/devel/lib/motion_planning/plan_reader
Symlinking /home/adminuser/ws_moveit/devel/lib/motion_planning/des_point_pub
Symlinking /home/adminuser/ws_moveit/devel/lib/motion_planning/move_cartesian
Symlinking /home/adminuser/ws_moveit/devel/lib/motion_planning/move_to_points
Symlinking /home/adminuser/ws_moveit/devel/lib/motion_planning/velocity_scaling
Symlinking /home/adminuser/ws_moveit/devel/lib/motion_planning/obj_tf
Symlinking /home/adminuser/ws_moveit/devel/lib/motion_planning/matrix_reader
Symlinking /home/adminuser/ws_moveit/devel/lib/motion_planning/goal_publisher
Symlinking /home/adminuser/ws_moveit/devel/lib/motion_planning/tf_listener
Symlinking /home/adminuser/ws_moveit/devel/lib/motion_planning/move_person
Symlinking /home/adminuser/ws_moveit/devel/lib/motion_planning/move_surfaces
Symlinking /home/adminuser/ws_moveit/devel/lib/motion_planning/matrix_storer_28
Symlinking /home/adminuser/ws_moveit/devel/lib/motion_planning/move_iter_plan
