[01m[K/home/adminuser/ws_moveit/src/motion_planning/src/obj_tf.cpp:[m[K In function ‘[01m[Kint main(int, char**)[m[K’:
[01m[K/home/adminuser/ws_moveit/src/motion_planning/src/obj_tf.cpp:186:108:[m[K [01;31m[Kerror: [m[Kuse of deleted function ‘[01m[Ktf::TransformListener::TransformListener(tf::TransformListener&)[m[K’
     spawn_sphere("left_wrist", "/left_wrist", "/world", 0.2, listener, planning_scene_interface, move_group[01;31m[K)[m[K;
                                                                                                            [01;31m[K^[m[K
In file included from [01m[K/home/adminuser/ws_moveit/src/motion_planning/src/obj_tf.cpp:5:0[m[K:
[01m[K/opt/ros/melodic/include/tf/transform_listener.h:70:7:[m[K [01;36m[Knote: [m[K‘[01m[Ktf::TransformListener::TransformListener(tf::TransformListener&)[m[K’ is implicitly deleted because the default definition would be ill-formed:
 class [01;36m[KTransformListener[m[K : public Transformer { //subscribes to message and automatically stores incoming data
       [01;36m[K^~~~~~~~~~~~~~~~~[m[K
[01m[K/opt/ros/melodic/include/tf/transform_listener.h:70:7:[m[K [01;31m[Kerror: [m[Kuse of deleted function ‘[01m[Ktf2_ros::TransformListener::TransformListener(tf2_ros::TransformListener&)[m[K’
In file included from [01m[K/opt/ros/melodic/include/tf/transform_listener.h:46:0[m[K,
                 from [01m[K/home/adminuser/ws_moveit/src/motion_planning/src/obj_tf.cpp:5[m[K:
[01m[K/opt/ros/melodic/include/tf2_ros/transform_listener.h:48:7:[m[K [01;36m[Knote: [m[K‘[01m[Ktf2_ros::TransformListener::TransformListener(tf2_ros::TransformListener&)[m[K’ is implicitly deleted because the default definition would be ill-formed:
 class [01;36m[KTransformListener[m[K
       [01;36m[K^~~~~~~~~~~~~~~~~[m[K
[01m[K/opt/ros/melodic/include/tf2_ros/transform_listener.h:48:7:[m[K [01;31m[Kerror: [m[Kuse of deleted function ‘[01m[Kros::CallbackQueue::CallbackQueue(ros::CallbackQueue&)[m[K’
In file included from [01m[K/opt/ros/melodic/include/tf/transform_listener.h:40:0[m[K,
                 from [01m[K/home/adminuser/ws_moveit/src/motion_planning/src/obj_tf.cpp:5[m[K:
[01m[K/opt/ros/melodic/include/ros/callback_queue.h:57:19:[m[K [01;36m[Knote: [m[K‘[01m[Kros::CallbackQueue::CallbackQueue(ros::CallbackQueue&)[m[K’ is implicitly deleted because the default definition would be ill-formed:
 class ROSCPP_DECL [01;36m[KCallbackQueue[m[K : public CallbackQueueInterface
                   [01;36m[K^~~~~~~~~~~~~[m[K
[01m[K/opt/ros/melodic/include/ros/callback_queue.h:57:19:[m[K [01;31m[Kerror: [m[Kuse of deleted function ‘[01m[Kboost::mutex::mutex(const boost::mutex&)[m[K’
In file included from [01m[K/usr/include/boost/thread/detail/move.hpp:26:0[m[K,
                 from [01m[K/usr/include/boost/thread/lock_types.hpp:11[m[K,
                 from [01m[K/usr/include/boost/thread/pthread/mutex.hpp:16[m[K,
                 from [01m[K/usr/include/boost/thread/mutex.hpp:16[m[K,
                 from [01m[K/opt/ros/melodic/include/tf/time_cache.h:36[m[K,
                 from [01m[K/opt/ros/melodic/include/tf/tf.h:44[m[K,
                 from [01m[K/opt/ros/melodic/include/tf/transform_listener.h:38[m[K,
                 from [01m[K/home/adminuser/ws_moveit/src/motion_planning/src/obj_tf.cpp:5[m[K:
[01m[K/usr/include/boost/thread/pthread/mutex.hpp:97:9:[m[K [01;36m[Knote: [m[Kdeclared here
         [01;36m[KB[m[KOOST_THREAD_NO_COPYABLE(mutex)
         [01;36m[K^[m[K
In file included from [01m[K/opt/ros/melodic/include/tf/transform_listener.h:40:0[m[K,
                 from [01m[K/home/adminuser/ws_moveit/src/motion_planning/src/obj_tf.cpp:5[m[K:
[01m[K/opt/ros/melodic/include/ros/callback_queue.h:57:19:[m[K [01;31m[Kerror: [m[Kuse of deleted function ‘[01m[Kboost::mutex::mutex(const boost::mutex&)[m[K’
 class ROSCPP_DECL [01;31m[KCallbackQueue[m[K : public CallbackQueueInterface
                   [01;31m[K^~~~~~~~~~~~~[m[K
In file included from [01m[K/usr/include/boost/thread/detail/move.hpp:26:0[m[K,
                 from [01m[K/usr/include/boost/thread/lock_types.hpp:11[m[K,
                 from [01m[K/usr/include/boost/thread/pthread/mutex.hpp:16[m[K,
                 from [01m[K/usr/include/boost/thread/mutex.hpp:16[m[K,
                 from [01m[K/opt/ros/melodic/include/tf/time_cache.h:36[m[K,
                 from [01m[K/opt/ros/melodic/include/tf/tf.h:44[m[K,
                 from [01m[K/opt/ros/melodic/include/tf/transform_listener.h:38[m[K,
                 from [01m[K/home/adminuser/ws_moveit/src/motion_planning/src/obj_tf.cpp:5[m[K:
[01m[K/usr/include/boost/thread/pthread/mutex.hpp:97:9:[m[K [01;36m[Knote: [m[Kdeclared here
         [01;36m[KB[m[KOOST_THREAD_NO_COPYABLE(mutex)
         [01;36m[K^[m[K
In file included from [01m[K/opt/ros/melodic/include/tf/transform_listener.h:40:0[m[K,
                 from [01m[K/home/adminuser/ws_moveit/src/motion_planning/src/obj_tf.cpp:5[m[K:
[01m[K/opt/ros/melodic/include/ros/callback_queue.h:57:19:[m[K [01;31m[Kerror: [m[K‘[01m[Kboost::thread_specific_ptr<T>::thread_specific_ptr(boost::thread_specific_ptr<T>&) [with T = ros::CallbackQueue::TLS][m[K’ is private within this context
 class ROSCPP_DECL [01;31m[KCallbackQueue[m[K : public CallbackQueueInterface
                   [01;31m[K^~~~~~~~~~~~~[m[K
In file included from [01m[K/opt/ros/melodic/include/ros/callback_queue.h:46:0[m[K,
                 from [01m[K/opt/ros/melodic/include/tf/transform_listener.h:40[m[K,
                 from [01m[K/home/adminuser/ws_moveit/src/motion_planning/src/obj_tf.cpp:5[m[K:
[01m[K/usr/include/boost/thread/tss.hpp:34:9:[m[K [01;36m[Knote: [m[Kdeclared private here
         [01;36m[Kthread_specific_ptr[m[K(thread_specific_ptr&);
         [01;36m[K^~~~~~~~~~~~~~~~~~~[m[K
[01m[K/home/adminuser/ws_moveit/src/motion_planning/src/obj_tf.cpp:32:6:[m[K [01;36m[Knote: [m[K  initializing argument 5 of ‘[01m[Kvoid spawn_sphere(std::__cxx11::string, std::__cxx11::string, std::__cxx11::string, double, tf::TransformListener, moveit::planning_interface::PlanningSceneInterface, moveit::planning_interface::MoveGroupInterface)[m[K’
 void [01;36m[Kspawn_sphere[m[K(std::string obj_id, std::string des_frame, std::string ref_frame, double radius, tf::TransformListener listener, moveit::planning_interface::PlanningSceneInterface planning_scene_interface, moveit::planning_interface::MoveGroupInterface move_group){
      [01;36m[K^~~~~~~~~~~~[m[K
[01m[K/home/adminuser/ws_moveit/src/motion_planning/src/obj_tf.cpp:186:108:[m[K [01;31m[Kerror: [m[Kuse of deleted function ‘[01m[Kmoveit::planning_interface::MoveGroupInterface::MoveGroupInterface(const moveit::planning_interface::MoveGroupInterface&)[m[K’
     spawn_sphere("left_wrist", "/left_wrist", "/world", 0.2, listener, planning_scene_interface, move_group[01;31m[K)[m[K;
                                                                                                            [01;31m[K^[m[K
In file included from [01m[K/home/adminuser/ws_moveit/src/motion_planning/src/obj_tf.cpp:7:0[m[K:
[01m[K/opt/ros/melodic/include/moveit/move_group_interface/move_group_interface.h:177:3:[m[K [01;36m[Knote: [m[Kdeclared here
   [01;36m[KMoveGroupInterface[m[K(const MoveGroupInterface&) = delete;
   [01;36m[K^~~~~~~~~~~~~~~~~~[m[K
[01m[K/home/adminuser/ws_moveit/src/motion_planning/src/obj_tf.cpp:32:6:[m[K [01;36m[Knote: [m[K  initializing argument 7 of ‘[01m[Kvoid spawn_sphere(std::__cxx11::string, std::__cxx11::string, std::__cxx11::string, double, tf::TransformListener, moveit::planning_interface::PlanningSceneInterface, moveit::planning_interface::MoveGroupInterface)[m[K’
 void [01;36m[Kspawn_sphere[m[K(std::string obj_id, std::string des_frame, std::string ref_frame, double radius, tf::TransformListener listener, moveit::planning_interface::PlanningSceneInterface planning_scene_interface, moveit::planning_interface::MoveGroupInterface move_group){
      [01;36m[K^~~~~~~~~~~~[m[K
make[2]: *** [CMakeFiles/obj_tf.dir/src/obj_tf.cpp.o] Error 1
make[1]: *** [CMakeFiles/obj_tf.dir/all] Error 2
make: *** [all] Error 2
