[01m[K/home/adminuser/ws_moveit/src/motion_planning/src/into_ws.cpp:[m[K In function ‘[01m[Kint main(int, char**)[m[K’:
[01m[K/home/adminuser/ws_moveit/src/motion_planning/src/into_ws.cpp:73:27:[m[K [01;31m[Kerror: [m[K‘[01m[KPlannigSceneMonitorPtr[m[K’ is not a member of ‘[01m[Kplanning_scene_monitor[m[K’
   planning_scene_monitor::[01;31m[KPlannigSceneMonitorPtr[m[K planning_scene_monitor_ptr;
                           [01;31m[K^~~~~~~~~~~~~~~~~~~~~~[m[K
[01m[K/home/adminuser/ws_moveit/src/motion_planning/src/into_ws.cpp:73:27:[m[K [01;36m[Knote: [m[Ksuggested alternative: ‘[01m[KPlanningSceneMonitorPtr[m[K’
   planning_scene_monitor::[01;36m[KPlannigSceneMonitorPtr[m[K planning_scene_monitor_ptr;
                           [01;36m[K^~~~~~~~~~~~~~~~~~~~~~[m[K
                           [32m[KPlanningSceneMonitorPtr[m[K
[01m[K/home/adminuser/ws_moveit/src/motion_planning/src/into_ws.cpp:74:3:[m[K [01;31m[Kerror: [m[K‘[01m[Kplanning_scene_monitor_ptr[m[K’ was not declared in this scope
   [01;31m[Kplanning_scene_monitor_ptr[m[K = new planning_scene_monitor::PlanningSceneMonitorPtr(ROBOT_DESCRIPTION);
   [01;31m[K^~~~~~~~~~~~~~~~~~~~~~~~~~[m[K
[01m[K/home/adminuser/ws_moveit/src/motion_planning/src/into_ws.cpp:74:3:[m[K [01;36m[Knote: [m[Ksuggested alternative: ‘[01m[Kplanning_scene_monitor[m[K’
   [01;36m[Kplanning_scene_monitor_ptr[m[K = new planning_scene_monitor::PlanningSceneMonitorPtr(ROBOT_DESCRIPTION);
   [01;36m[K^~~~~~~~~~~~~~~~~~~~~~~~~~[m[K
   [32m[Kplanning_scene_monitor[m[K
[01m[K/home/adminuser/ws_moveit/src/motion_planning/src/into_ws.cpp:74:101:[m[K [01;31m[Kerror: [m[Kno matching function for call to ‘[01m[Kstd::shared_ptr<planning_scene_monitor::PlanningSceneMonitor>::shared_ptr(const string&)[m[K’
   planning_scene_monitor_ptr = new planning_scene_monitor::PlanningSceneMonitorPtr(ROBOT_DESCRIPTION[01;31m[K)[m[K;
                                                                                                     [01;31m[K^[m[K
In file included from [01m[K/usr/include/c++/7/memory:81:0[m[K,
                 from [01m[K/usr/include/boost/smart_ptr/shared_array.hpp:19[m[K,
                 from [01m[K/usr/include/boost/shared_array.hpp:17[m[K,
                 from [01m[K/opt/ros/melodic/include/ros/serialized_message.h:33[m[K,
                 from [01m[K/opt/ros/melodic/include/ros/serialization.h:36[m[K,
                 from [01m[K/opt/ros/melodic/include/sensor_msgs/PointCloud.h:14[m[K,
                 from [01m[K/opt/ros/melodic/include/tf/transform_listener.h:35[m[K,
                 from [01m[K/home/adminuser/ws_moveit/src/motion_planning/src/into_ws.cpp:3[m[K:
[01m[K/usr/include/c++/7/bits/shared_ptr.h:352:7:[m[K [01;36m[Knote: [m[Kcandidate: std::shared_ptr<_Tp>::shared_ptr(const std::weak_ptr<_Tp>&, std::nothrow_t) [with _Tp = planning_scene_monitor::PlanningSceneMonitor]
       [01;36m[Kshared_ptr[m[K(const weak_ptr<_Tp>& __r, std::nothrow_t)
       [01;36m[K^~~~~~~~~~[m[K
[01m[K/usr/include/c++/7/bits/shared_ptr.h:352:7:[m[K [01;36m[Knote: [m[K  candidate expects 2 arguments, 1 provided
[01m[K/usr/include/c++/7/bits/shared_ptr.h:342:2:[m[K [01;36m[Knote: [m[Kcandidate: template<class _Alloc, class ... _Args> std::shared_ptr<_Tp>::shared_ptr(std::_Sp_make_shared_tag, const _Alloc&, _Args&& ...)
  [01;36m[Kshared_ptr[m[K(_Sp_make_shared_tag __tag, const _Alloc& __a,
  [01;36m[K^~~~~~~~~~[m[K
[01m[K/usr/include/c++/7/bits/shared_ptr.h:342:2:[m[K [01;36m[Knote: [m[K  template argument deduction/substitution failed:
[01m[K/home/adminuser/ws_moveit/src/motion_planning/src/into_ws.cpp:74:101:[m[K [01;36m[Knote: [m[K  candidate expects at least 2 arguments, 1 provided
   planning_scene_monitor_ptr = new planning_scene_monitor::PlanningSceneMonitorPtr(ROBOT_DESCRIPTION[01;36m[K)[m[K;
                                                                                                     [01;36m[K^[m[K
In file included from [01m[K/usr/include/c++/7/memory:81:0[m[K,
                 from [01m[K/usr/include/boost/smart_ptr/shared_array.hpp:19[m[K,
                 from [01m[K/usr/include/boost/shared_array.hpp:17[m[K,
                 from [01m[K/opt/ros/melodic/include/ros/serialized_message.h:33[m[K,
                 from [01m[K/opt/ros/melodic/include/ros/serialization.h:36[m[K,
                 from [01m[K/opt/ros/melodic/include/sensor_msgs/PointCloud.h:14[m[K,
                 from [01m[K/opt/ros/melodic/include/tf/transform_listener.h:35[m[K,
                 from [01m[K/home/adminuser/ws_moveit/src/motion_planning/src/into_ws.cpp:3[m[K:
[01m[K/usr/include/c++/7/bits/shared_ptr.h:294:17:[m[K [01;36m[Knote: [m[Kcandidate: constexpr std::shared_ptr<_Tp>::shared_ptr(std::nullptr_t) [with _Tp = planning_scene_monitor::PlanningSceneMonitor; std::nullptr_t = std::nullptr_t]
       constexpr [01;36m[Kshared_ptr[m[K(nullptr_t) noexcept : shared_ptr() { }
                 [01;36m[K^~~~~~~~~~[m[K
[01m[K/usr/include/c++/7/bits/shared_ptr.h:294:17:[m[K [01;36m[Knote: [m[K  no known conversion for argument 1 from ‘[01m[Kconst string {aka const std::__cxx11::basic_string<char>}[m[K’ to ‘[01m[Kstd::nullptr_t[m[K’
[01m[K/usr/include/c++/7/bits/shared_ptr.h:286:2:[m[K [01;36m[Knote: [m[Kcandidate: template<class _Yp, class _Del, std::shared_ptr<planning_scene_monitor::PlanningSceneMonitor>::_Constructible<std::unique_ptr<_Tp, _Dp>, std::__sp_array_delete>* <anonymous> > std::shared_ptr<_Tp>::shared_ptr(std::unique_ptr<_Up, _Ep>&&)
  [01;36m[Kshared_ptr[m[K(unique_ptr<_Yp, _Del>&& __r)
  [01;36m[K^~~~~~~~~~[m[K
[01m[K/usr/include/c++/7/bits/shared_ptr.h:286:2:[m[K [01;36m[Knote: [m[K  template argument deduction/substitution failed:
[01m[K/home/adminuser/ws_moveit/src/motion_planning/src/into_ws.cpp:74:101:[m[K [01;36m[Knote: [m[K  types ‘[01m[Kstd::unique_ptr<_Tp, _Dp>[m[K’ and ‘[01m[Kconst string {aka const std::__cxx11::basic_string<char>}[m[K’ have incompatible cv-qualifiers
   planning_scene_monitor_ptr = new planning_scene_monitor::PlanningSceneMonitorPtr(ROBOT_DESCRIPTION[01;36m[K)[m[K;
                                                                                                     [01;36m[K^[m[K
In file included from [01m[K/usr/include/c++/7/memory:81:0[m[K,
                 from [01m[K/usr/include/boost/smart_ptr/shared_array.hpp:19[m[K,
                 from [01m[K/usr/include/boost/shared_array.hpp:17[m[K,
                 from [01m[K/opt/ros/melodic/include/ros/serialized_message.h:33[m[K,
                 from [01m[K/opt/ros/melodic/include/ros/serialization.h:36[m[K,
                 from [01m[K/opt/ros/melodic/include/sensor_msgs/PointCloud.h:14[m[K,
                 from [01m[K/opt/ros/melodic/include/tf/transform_listener.h:35[m[K,
                 from [01m[K/home/adminuser/ws_moveit/src/motion_planning/src/into_ws.cpp:3[m[K:
[01m[K/usr/include/c++/7/bits/shared_ptr.h:277:2:[m[K [01;36m[Knote: [m[Kcandidate: template<class _Yp, class _Del, class> std::shared_ptr<_Tp>::shared_ptr(std::unique_ptr<_Up, _Ep>&&)
  [01;36m[Kshared_ptr[m[K(unique_ptr<_Yp, _Del>&& __r)
  [01;36m[K^~~~~~~~~~[m[K
[01m[K/usr/include/c++/7/bits/shared_ptr.h:277:2:[m[K [01;36m[Knote: [m[K  template argument deduction/substitution failed:
[01m[K/home/adminuser/ws_moveit/src/motion_planning/src/into_ws.cpp:74:101:[m[K [01;36m[Knote: [m[K  types ‘[01m[Kstd::unique_ptr<_Tp, _Dp>[m[K’ and ‘[01m[Kconst string {aka const std::__cxx11::basic_string<char>}[m[K’ have incompatible cv-qualifiers
   planning_scene_monitor_ptr = new planning_scene_monitor::PlanningSceneMonitorPtr(ROBOT_DESCRIPTION[01;36m[K)[m[K;
                                                                                                     [01;36m[K^[m[K
In file included from [01m[K/usr/include/c++/7/memory:81:0[m[K,
                 from [01m[K/usr/include/boost/smart_ptr/shared_array.hpp:19[m[K,
                 from [01m[K/usr/include/boost/shared_array.hpp:17[m[K,
                 from [01m[K/opt/ros/melodic/include/ros/serialized_message.h:33[m[K,
                 from [01m[K/opt/ros/melodic/include/ros/serialization.h:36[m[K,
                 from [01m[K/opt/ros/melodic/include/sensor_msgs/PointCloud.h:14[m[K,
                 from [01m[K/opt/ros/melodic/include/tf/transform_listener.h:35[m[K,
                 from [01m[K/home/adminuser/ws_moveit/src/motion_planning/src/into_ws.cpp:3[m[K:
[01m[K/usr/include/c++/7/bits/shared_ptr.h:270:2:[m[K [01;36m[Knote: [m[Kcandidate: template<class _Yp, class> std::shared_ptr<_Tp>::shared_ptr(std::auto_ptr<_Up>&&)
  [01;36m[Kshared_ptr[m[K(auto_ptr<_Yp>&& __r);
  [01;36m[K^~~~~~~~~~[m[K
[01m[K/usr/include/c++/7/bits/shared_ptr.h:270:2:[m[K [01;36m[Knote: [m[K  template argument deduction/substitution failed:
[01m[K/home/adminuser/ws_moveit/src/motion_planning/src/into_ws.cpp:74:101:[m[K [01;36m[Knote: [m[K  types ‘[01m[Kstd::auto_ptr<Y>[m[K’ and ‘[01m[Kconst string {aka const std::__cxx11::basic_string<char>}[m[K’ have incompatible cv-qualifiers
   planning_scene_monitor_ptr = new planning_scene_monitor::PlanningSceneMonitorPtr(ROBOT_DESCRIPTION[01;36m[K)[m[K;
                                                                                                     [01;36m[K^[m[K
In file included from [01m[K/usr/include/c++/7/memory:81:0[m[K,
                 from [01m[K/usr/include/boost/smart_ptr/shared_array.hpp:19[m[K,
                 from [01m[K/usr/include/boost/shared_array.hpp:17[m[K,
                 from [01m[K/opt/ros/melodic/include/ros/serialized_message.h:33[m[K,
                 from [01m[K/opt/ros/melodic/include/ros/serialization.h:36[m[K,
                 from [01m[K/opt/ros/melodic/include/sensor_msgs/PointCloud.h:14[m[K,
                 from [01m[K/opt/ros/melodic/include/tf/transform_listener.h:35[m[K,
                 from [01m[K/home/adminuser/ws_moveit/src/motion_planning/src/into_ws.cpp:3[m[K:
[01m[K/usr/include/c++/7/bits/shared_ptr.h:265:11:[m[K [01;36m[Knote: [m[Kcandidate: template<class _Yp, class> std::shared_ptr<_Tp>::shared_ptr(const std::weak_ptr<_Yp>&)
  explicit [01;36m[Kshared_ptr[m[K(const weak_ptr<_Yp>& __r)
           [01;36m[K^~~~~~~~~~[m[K
[01m[K/usr/include/c++/7/bits/shared_ptr.h:265:11:[m[K [01;36m[Knote: [m[K  template argument deduction/substitution failed:
[01m[K/home/adminuser/ws_moveit/src/motion_planning/src/into_ws.cpp:74:101:[m[K [01;36m[Knote: [m[K  ‘[01m[Kconst string {aka const std::__cxx11::basic_string<char>}[m[K’ is not derived from ‘[01m[Kconst std::weak_ptr<_Tp>[m[K’
   planning_scene_monitor_ptr = new planning_scene_monitor::PlanningSceneMonitorPtr(ROBOT_DESCRIPTION[01;36m[K)[m[K;
                                                                                                     [01;36m[K^[m[K
In file included from [01m[K/usr/include/c++/7/memory:81:0[m[K,
                 from [01m[K/usr/include/boost/smart_ptr/shared_array.hpp:19[m[K,
                 from [01m[K/usr/include/boost/shared_array.hpp:17[m[K,
                 from [01m[K/opt/ros/melodic/include/ros/serialized_message.h:33[m[K,
                 from [01m[K/opt/ros/melodic/include/ros/serialization.h:36[m[K,
                 from [01m[K/opt/ros/melodic/include/sensor_msgs/PointCloud.h:14[m[K,
                 from [01m[K/opt/ros/melodic/include/tf/transform_listener.h:35[m[K,
                 from [01m[K/home/adminuser/ws_moveit/src/motion_planning/src/into_ws.cpp:3[m[K:
[01m[K/usr/include/c++/7/bits/shared_ptr.h:253:2:[m[K [01;36m[Knote: [m[Kcandidate: template<class _Yp, class> std::shared_ptr<_Tp>::shared_ptr(std::shared_ptr<_Yp>&&)
  [01;36m[Kshared_ptr[m[K(shared_ptr<_Yp>&& __r) noexcept
  [01;36m[K^~~~~~~~~~[m[K
[01m[K/usr/include/c++/7/bits/shared_ptr.h:253:2:[m[K [01;36m[Knote: [m[K  template argument deduction/substitution failed:
[01m[K/home/adminuser/ws_moveit/src/motion_planning/src/into_ws.cpp:74:101:[m[K [01;36m[Knote: [m[K  types ‘[01m[Kstd::shared_ptr<_Tp>[m[K’ and ‘[01m[Kconst string {aka const std::__cxx11::basic_string<char>}[m[K’ have incompatible cv-qualifiers
   planning_scene_monitor_ptr = new planning_scene_monitor::PlanningSceneMonitorPtr(ROBOT_DESCRIPTION[01;36m[K)[m[K;
                                                                                                     [01;36m[K^[m[K
In file included from [01m[K/usr/include/c++/7/memory:81:0[m[K,
                 from [01m[K/usr/include/boost/smart_ptr/shared_array.hpp:19[m[K,
                 from [01m[K/usr/include/boost/shared_array.hpp:17[m[K,
                 from [01m[K/opt/ros/melodic/include/ros/serialized_message.h:33[m[K,
                 from [01m[K/opt/ros/melodic/include/ros/serialization.h:36[m[K,
                 from [01m[K/opt/ros/melodic/include/sensor_msgs/PointCloud.h:14[m[K,
                 from [01m[K/opt/ros/melodic/include/tf/transform_listener.h:35[m[K,
                 from [01m[K/home/adminuser/ws_moveit/src/motion_planning/src/into_ws.cpp:3[m[K:
[01m[K/usr/include/c++/7/bits/shared_ptr.h:244:7:[m[K [01;36m[Knote: [m[Kcandidate: std::shared_ptr<_Tp>::shared_ptr(std::shared_ptr<_Tp>&&) [with _Tp = planning_scene_monitor::PlanningSceneMonitor]
       [01;36m[Kshared_ptr[m[K(shared_ptr&& __r) noexcept
       [01;36m[K^~~~~~~~~~[m[K
[01m[K/usr/include/c++/7/bits/shared_ptr.h:244:7:[m[K [01;36m[Knote: [m[K  no known conversion for argument 1 from ‘[01m[Kconst string {aka const std::__cxx11::basic_string<char>}[m[K’ to ‘[01m[Kstd::shared_ptr<planning_scene_monitor::PlanningSceneMonitor>&&[m[K’
[01m[K/usr/include/c++/7/bits/shared_ptr.h:236:2:[m[K [01;36m[Knote: [m[Kcandidate: template<class _Yp, class> std::shared_ptr<_Tp>::shared_ptr(const std::shared_ptr<_Yp>&)
  [01;36m[Kshared_ptr[m[K(const shared_ptr<_Yp>& __r) noexcept
  [01;36m[K^~~~~~~~~~[m[K
[01m[K/usr/include/c++/7/bits/shared_ptr.h:236:2:[m[K [01;36m[Knote: [m[K  template argument deduction/substitution failed:
[01m[K/home/adminuser/ws_moveit/src/motion_planning/src/into_ws.cpp:74:101:[m[K [01;36m[Knote: [m[K  ‘[01m[Kconst string {aka const std::__cxx11::basic_string<char>}[m[K’ is not derived from ‘[01m[Kconst std::shared_ptr<_Tp>[m[K’
   planning_scene_monitor_ptr = new planning_scene_monitor::PlanningSceneMonitorPtr(ROBOT_DESCRIPTION[01;36m[K)[m[K;
                                                                                                     [01;36m[K^[m[K
In file included from [01m[K/usr/include/c++/7/memory:81:0[m[K,
                 from [01m[K/usr/include/boost/smart_ptr/shared_array.hpp:19[m[K,
                 from [01m[K/usr/include/boost/shared_array.hpp:17[m[K,
                 from [01m[K/opt/ros/melodic/include/ros/serialized_message.h:33[m[K,
                 from [01m[K/opt/ros/melodic/include/ros/serialization.h:36[m[K,
                 from [01m[K/opt/ros/melodic/include/sensor_msgs/PointCloud.h:14[m[K,
                 from [01m[K/opt/ros/melodic/include/tf/transform_listener.h:35[m[K,
                 from [01m[K/home/adminuser/ws_moveit/src/motion_planning/src/into_ws.cpp:3[m[K:
[01m[K/usr/include/c++/7/bits/shared_ptr.h:224:2:[m[K [01;36m[Knote: [m[Kcandidate: template<class _Yp> std::shared_ptr<_Tp>::shared_ptr(const std::shared_ptr<_Yp>&, std::shared_ptr<_Tp>::element_type*)
  [01;36m[Kshared_ptr[m[K(const shared_ptr<_Yp>& __r, element_type* __p) noexcept
  [01;36m[K^~~~~~~~~~[m[K
[01m[K/usr/include/c++/7/bits/shared_ptr.h:224:2:[m[K [01;36m[Knote: [m[K  template argument deduction/substitution failed:
[01m[K/home/adminuser/ws_moveit/src/motion_planning/src/into_ws.cpp:74:101:[m[K [01;36m[Knote: [m[K  ‘[01m[Kconst string {aka const std::__cxx11::basic_string<char>}[m[K’ is not derived from ‘[01m[Kconst std::shared_ptr<_Tp>[m[K’
   planning_scene_monitor_ptr = new planning_scene_monitor::PlanningSceneMonitorPtr(ROBOT_DESCRIPTION[01;36m[K)[m[K;
                                                                                                     [01;36m[K^[m[K
In file included from [01m[K/usr/include/c++/7/memory:81:0[m[K,
                 from [01m[K/usr/include/boost/smart_ptr/shared_array.hpp:19[m[K,
                 from [01m[K/usr/include/boost/shared_array.hpp:17[m[K,
                 from [01m[K/opt/ros/melodic/include/ros/serialized_message.h:33[m[K,
                 from [01m[K/opt/ros/melodic/include/ros/serialization.h:36[m[K,
                 from [01m[K/opt/ros/melodic/include/sensor_msgs/PointCloud.h:14[m[K,
                 from [01m[K/opt/ros/melodic/include/tf/transform_listener.h:35[m[K,
                 from [01m[K/home/adminuser/ws_moveit/src/motion_planning/src/into_ws.cpp:3[m[K:
[01m[K/usr/include/c++/7/bits/shared_ptr.h:202:2:[m[K [01;36m[Knote: [m[Kcandidate: template<class _Deleter, class _Alloc> std::shared_ptr<_Tp>::shared_ptr(std::nullptr_t, _Deleter, _Alloc)
  [01;36m[Kshared_ptr[m[K(nullptr_t __p, _Deleter __d, _Alloc __a)
  [01;36m[K^~~~~~~~~~[m[K
[01m[K/usr/include/c++/7/bits/shared_ptr.h:202:2:[m[K [01;36m[Knote: [m[K  template argument deduction/substitution failed:
[01m[K/home/adminuser/ws_moveit/src/motion_planning/src/into_ws.cpp:74:101:[m[K [01;36m[Knote: [m[K  candidate expects 3 arguments, 1 provided
   planning_scene_monitor_ptr = new planning_scene_monitor::PlanningSceneMonitorPtr(ROBOT_DESCRIPTION[01;36m[K)[m[K;
                                                                                                     [01;36m[K^[m[K
In file included from [01m[K/usr/include/c++/7/memory:81:0[m[K,
                 from [01m[K/usr/include/boost/smart_ptr/shared_array.hpp:19[m[K,
                 from [01m[K/usr/include/boost/shared_array.hpp:17[m[K,
                 from [01m[K/opt/ros/melodic/include/ros/serialized_message.h:33[m[K,
                 from [01m[K/opt/ros/melodic/include/ros/serialization.h:36[m[K,
                 from [01m[K/opt/ros/melodic/include/sensor_msgs/PointCloud.h:14[m[K,
                 from [01m[K/opt/ros/melodic/include/tf/transform_listener.h:35[m[K,
                 from [01m[K/home/adminuser/ws_moveit/src/motion_planning/src/into_ws.cpp:3[m[K:
[01m[K/usr/include/c++/7/bits/shared_ptr.h:183:2:[m[K [01;36m[Knote: [m[Kcandidate: template<class _Yp, class _Deleter, class _Alloc, class> std::shared_ptr<_Tp>::shared_ptr(_Yp*, _Deleter, _Alloc)
  [01;36m[Kshared_ptr[m[K(_Yp* __p, _Deleter __d, _Alloc __a)
  [01;36m[K^~~~~~~~~~[m[K
[01m[K/usr/include/c++/7/bits/shared_ptr.h:183:2:[m[K [01;36m[Knote: [m[K  template argument deduction/substitution failed:
[01m[K/home/adminuser/ws_moveit/src/motion_planning/src/into_ws.cpp:74:101:[m[K [01;36m[Knote: [m[K  mismatched types ‘[01m[K_Yp*[m[K’ and ‘[01m[Kstd::__cxx11::basic_string<char>[m[K’
   planning_scene_monitor_ptr = new planning_scene_monitor::PlanningSceneMonitorPtr(ROBOT_DESCRIPTION[01;36m[K)[m[K;
                                                                                                     [01;36m[K^[m[K
In file included from [01m[K/usr/include/c++/7/memory:81:0[m[K,
                 from [01m[K/usr/include/boost/smart_ptr/shared_array.hpp:19[m[K,
                 from [01m[K/usr/include/boost/shared_array.hpp:17[m[K,
                 from [01m[K/opt/ros/melodic/include/ros/serialized_message.h:33[m[K,
                 from [01m[K/opt/ros/melodic/include/ros/serialization.h:36[m[K,
                 from [01m[K/opt/ros/melodic/include/sensor_msgs/PointCloud.h:14[m[K,
                 from [01m[K/opt/ros/melodic/include/tf/transform_listener.h:35[m[K,
                 from [01m[K/home/adminuser/ws_moveit/src/motion_planning/src/into_ws.cpp:3[m[K:
[01m[K/usr/include/c++/7/bits/shared_ptr.h:163:2:[m[K [01;36m[Knote: [m[Kcandidate: template<class _Deleter> std::shared_ptr<_Tp>::shared_ptr(std::nullptr_t, _Deleter)
  [01;36m[Kshared_ptr[m[K(nullptr_t __p, _Deleter __d)
  [01;36m[K^~~~~~~~~~[m[K
[01m[K/usr/include/c++/7/bits/shared_ptr.h:163:2:[m[K [01;36m[Knote: [m[K  template argument deduction/substitution failed:
[01m[K/home/adminuser/ws_moveit/src/motion_planning/src/into_ws.cpp:74:101:[m[K [01;36m[Knote: [m[K  candidate expects 2 arguments, 1 provided
   planning_scene_monitor_ptr = new planning_scene_monitor::PlanningSceneMonitorPtr(ROBOT_DESCRIPTION[01;36m[K)[m[K;
                                                                                                     [01;36m[K^[m[K
In file included from [01m[K/usr/include/c++/7/memory:81:0[m[K,
                 from [01m[K/usr/include/boost/smart_ptr/shared_array.hpp:19[m[K,
                 from [01m[K/usr/include/boost/shared_array.hpp:17[m[K,
                 from [01m[K/opt/ros/melodic/include/ros/serialized_message.h:33[m[K,
                 from [01m[K/opt/ros/melodic/include/ros/serialization.h:36[m[K,
                 from [01m[K/opt/ros/melodic/include/sensor_msgs/PointCloud.h:14[m[K,
                 from [01m[K/opt/ros/melodic/include/tf/transform_listener.h:35[m[K,
                 from [01m[K/home/adminuser/ws_moveit/src/motion_planning/src/into_ws.cpp:3[m[K:
[01m[K/usr/include/c++/7/bits/shared_ptr.h:146:2:[m[K [01;36m[Knote: [m[Kcandidate: template<class _Yp, class _Deleter, class> std::shared_ptr<_Tp>::shared_ptr(_Yp*, _Deleter)
  [01;36m[Kshared_ptr[m[K(_Yp* __p, _Deleter __d)
  [01;36m[K^~~~~~~~~~[m[K
[01m[K/usr/include/c++/7/bits/shared_ptr.h:146:2:[m[K [01;36m[Knote: [m[K  template argument deduction/substitution failed:
[01m[K/home/adminuser/ws_moveit/src/motion_planning/src/into_ws.cpp:74:101:[m[K [01;36m[Knote: [m[K  mismatched types ‘[01m[K_Yp*[m[K’ and ‘[01m[Kstd::__cxx11::basic_string<char>[m[K’
   planning_scene_monitor_ptr = new planning_scene_monitor::PlanningSceneMonitorPtr(ROBOT_DESCRIPTION[01;36m[K)[m[K;
                                                                                                     [01;36m[K^[m[K
In file included from [01m[K/usr/include/c++/7/memory:81:0[m[K,
                 from [01m[K/usr/include/boost/smart_ptr/shared_array.hpp:19[m[K,
                 from [01m[K/usr/include/boost/shared_array.hpp:17[m[K,
                 from [01m[K/opt/ros/melodic/include/ros/serialized_message.h:33[m[K,
                 from [01m[K/opt/ros/melodic/include/ros/serialization.h:36[m[K,
                 from [01m[K/opt/ros/melodic/include/sensor_msgs/PointCloud.h:14[m[K,
                 from [01m[K/opt/ros/melodic/include/tf/transform_listener.h:35[m[K,
                 from [01m[K/home/adminuser/ws_moveit/src/motion_planning/src/into_ws.cpp:3[m[K:
[01m[K/usr/include/c++/7/bits/shared_ptr.h:129:2:[m[K [01;36m[Knote: [m[Kcandidate: template<class _Yp, class> std::shared_ptr<_Tp>::shared_ptr(_Yp*)
  [01;36m[Kshared_ptr[m[K(_Yp* __p) : __shared_ptr<_Tp>(__p) { }
  [01;36m[K^~~~~~~~~~[m[K
[01m[K/usr/include/c++/7/bits/shared_ptr.h:129:2:[m[K [01;36m[Knote: [m[K  template argument deduction/substitution failed:
[01m[K/home/adminuser/ws_moveit/src/motion_planning/src/into_ws.cpp:74:101:[m[K [01;36m[Knote: [m[K  mismatched types ‘[01m[K_Yp*[m[K’ and ‘[01m[Kstd::__cxx11::basic_string<char>[m[K’
   planning_scene_monitor_ptr = new planning_scene_monitor::PlanningSceneMonitorPtr(ROBOT_DESCRIPTION[01;36m[K)[m[K;
                                                                                                     [01;36m[K^[m[K
In file included from [01m[K/usr/include/c++/7/memory:81:0[m[K,
                 from [01m[K/usr/include/boost/smart_ptr/shared_array.hpp:19[m[K,
                 from [01m[K/usr/include/boost/shared_array.hpp:17[m[K,
                 from [01m[K/opt/ros/melodic/include/ros/serialized_message.h:33[m[K,
                 from [01m[K/opt/ros/melodic/include/ros/serialization.h:36[m[K,
                 from [01m[K/opt/ros/melodic/include/sensor_msgs/PointCloud.h:14[m[K,
                 from [01m[K/opt/ros/melodic/include/tf/transform_listener.h:35[m[K,
                 from [01m[K/home/adminuser/ws_moveit/src/motion_planning/src/into_ws.cpp:3[m[K:
[01m[K/usr/include/c++/7/bits/shared_ptr.h:119:7:[m[K [01;36m[Knote: [m[Kcandidate: std::shared_ptr<_Tp>::shared_ptr(const std::shared_ptr<_Tp>&) [with _Tp = planning_scene_monitor::PlanningSceneMonitor]
       [01;36m[Kshared_ptr[m[K(const shared_ptr&) noexcept = default;
       [01;36m[K^~~~~~~~~~[m[K
[01m[K/usr/include/c++/7/bits/shared_ptr.h:119:7:[m[K [01;36m[Knote: [m[K  no known conversion for argument 1 from ‘[01m[Kconst string {aka const std::__cxx11::basic_string<char>}[m[K’ to ‘[01m[Kconst std::shared_ptr<planning_scene_monitor::PlanningSceneMonitor>&[m[K’
[01m[K/usr/include/c++/7/bits/shared_ptr.h:117:17:[m[K [01;36m[Knote: [m[Kcandidate: constexpr std::shared_ptr<_Tp>::shared_ptr() [with _Tp = planning_scene_monitor::PlanningSceneMonitor]
       constexpr [01;36m[Kshared_ptr[m[K() noexcept : __shared_ptr<_Tp>() { }
                 [01;36m[K^~~~~~~~~~[m[K
[01m[K/usr/include/c++/7/bits/shared_ptr.h:117:17:[m[K [01;36m[Knote: [m[K  candidate expects 0 arguments, 1 provided
make[2]: *** [CMakeFiles/into_ws.dir/src/into_ws.cpp.o] Error 1
make[1]: *** [CMakeFiles/into_ws.dir/all] Error 2
make: *** [all] Error 2
