[01m[K/home/adminuser/ws_moveit/src/motion_planning/src/sphere_rosBridge.cpp:[m[K In function ‘[01m[Kint main(int, char**)[m[K’:
[01m[K/home/adminuser/ws_moveit/src/motion_planning/src/sphere_rosBridge.cpp:141:37:[m[K [01;31m[Kerror: [m[K‘[01m[Kgroup[m[K’ was not declared in this scope
     sphere_object.header.frame_id = [01;31m[Kgroup[m[K.getPlanningFrame();
                                     [01;31m[K^~~~~[m[K
[01m[K/home/adminuser/ws_moveit/src/motion_planning/src/sphere_rosBridge.cpp:141:37:[m[K [01;36m[Knote: [m[Ksuggested alternative:
In file included from [01m[K/usr/include/boost/format.hpp:48:0[m[K,
                 from [01m[K/opt/ros/melodic/include/rosbag/bag.h:62[m[K,
                 from [01m[K/home/adminuser/ws_moveit/src/motion_planning/src/sphere_rosBridge.cpp:28[m[K:
[01m[K/usr/include/boost/format/group.hpp:667:3:[m[K [01;36m[Knote: [m[K  ‘[01m[Kboost::io::group[m[K’
   [01;36m[Kgroup[m[K(T1 a1,T2 a2,T3 a3,T4 a4,T5 a5,T6 a6,T7 a7,T8 a8,T9 a9, Var& var)
   [01;36m[K^~~~~[m[K
[01m[K/home/adminuser/ws_moveit/src/motion_planning/src/sphere_rosBridge.cpp:184:5:[m[K [01;31m[Kerror: [m[K‘[01m[Kcurrent_scene[m[K’ was not declared in this scope
     [01;31m[Kcurrent_scene[m[K.addCollisionObjects(collision_objects);
     [01;31m[K^~~~~~~~~~~~~[m[K
[01m[K/home/adminuser/ws_moveit/src/motion_planning/src/sphere_rosBridge.cpp:184:5:[m[K [01;36m[Knote: [m[Ksuggested alternative: ‘[01m[Kplanning_scene[m[K’
     [01;36m[Kcurrent_scene[m[K.addCollisionObjects(collision_objects);
     [01;36m[K^~~~~~~~~~~~~[m[K
     [32m[Kplanning_scene[m[K
make[2]: *** [CMakeFiles/sphere_rosBridge.dir/src/sphere_rosBridge.cpp.o] Error 1
make[1]: *** [CMakeFiles/sphere_rosBridge.dir/all] Error 2
make: *** [all] Error 2
