[01m[K/home/adminuser/ws_moveit/src/motion_planning/src/sphere_rosBridge.cpp:35:62:[m[K [01;31m[Kerror: [m[Kconversion from ‘[01m[Kdouble[m[K’ to non-scalar type ‘[01m[KEigen::Matrix3d {aka Eigen::Matrix<double, 3, 3>}[m[K’ requested
 Eigen::Matrix3d Rx = [01;31m[K(1.0, 0.0, 0.0, 0.0, 0.0, 1.0, 0.0, -1.0, 0.0)[m[K;
                      [01;31m[K~~~~~~~~~~~~~~~~~~~~~~~~~~~~~~~~~~~~~~~~^~~~~~[m[K
[01m[K/home/adminuser/ws_moveit/src/motion_planning/src/sphere_rosBridge.cpp:48:4:[m[K [01;31m[Kerror: [m[Kexpected constructor, destructor, or type conversion before ‘[01m[K([m[K’ token
 R_z[01;31m[K([m[K0,0) = 0; R_z(0,1) = -1; R_z(0,2) = 0;
    [01;31m[K^[m[K
[01m[K/home/adminuser/ws_moveit/src/motion_planning/src/sphere_rosBridge.cpp:48:18:[m[K [01;31m[Kerror: [m[Kexpected constructor, destructor, or type conversion before ‘[01m[K([m[K’ token
 R_z(0,0) = 0; R_z[01;31m[K([m[K0,1) = -1; R_z(0,2) = 0;
                  [01;31m[K^[m[K
[01m[K/home/adminuser/ws_moveit/src/motion_planning/src/sphere_rosBridge.cpp:48:33:[m[K [01;31m[Kerror: [m[Kexpected constructor, destructor, or type conversion before ‘[01m[K([m[K’ token
 R_z(0,0) = 0; R_z(0,1) = -1; R_z[01;31m[K([m[K0,2) = 0;
                                 [01;31m[K^[m[K
[01m[K/home/adminuser/ws_moveit/src/motion_planning/src/sphere_rosBridge.cpp:49:4:[m[K [01;31m[Kerror: [m[Kexpected constructor, destructor, or type conversion before ‘[01m[K([m[K’ token
 R_z[01;31m[K([m[K1,0) = 1; R_z(1,1) = 0; R_z(1,2) = 0;
    [01;31m[K^[m[K
[01m[K/home/adminuser/ws_moveit/src/motion_planning/src/sphere_rosBridge.cpp:49:18:[m[K [01;31m[Kerror: [m[Kexpected constructor, destructor, or type conversion before ‘[01m[K([m[K’ token
 R_z(1,0) = 1; R_z[01;31m[K([m[K1,1) = 0; R_z(1,2) = 0;
                  [01;31m[K^[m[K
[01m[K/home/adminuser/ws_moveit/src/motion_planning/src/sphere_rosBridge.cpp:49:32:[m[K [01;31m[Kerror: [m[Kexpected constructor, destructor, or type conversion before ‘[01m[K([m[K’ token
 R_z(1,0) = 1; R_z(1,1) = 0; R_z[01;31m[K([m[K1,2) = 0;
                                [01;31m[K^[m[K
[01m[K/home/adminuser/ws_moveit/src/motion_planning/src/sphere_rosBridge.cpp:50:4:[m[K [01;31m[Kerror: [m[Kexpected constructor, destructor, or type conversion before ‘[01m[K([m[K’ token
 R_z[01;31m[K([m[K2,0) = 0; R_z(2,1) = 0; R_z(2,2) = 1;
    [01;31m[K^[m[K
[01m[K/home/adminuser/ws_moveit/src/motion_planning/src/sphere_rosBridge.cpp:50:18:[m[K [01;31m[Kerror: [m[Kexpected constructor, destructor, or type conversion before ‘[01m[K([m[K’ token
 R_z(2,0) = 0; R_z[01;31m[K([m[K2,1) = 0; R_z(2,2) = 1;
                  [01;31m[K^[m[K
[01m[K/home/adminuser/ws_moveit/src/motion_planning/src/sphere_rosBridge.cpp:50:32:[m[K [01;31m[Kerror: [m[Kexpected constructor, destructor, or type conversion before ‘[01m[K([m[K’ token
 R_z(2,0) = 0; R_z(2,1) = 0; R_z[01;31m[K([m[K2,2) = 1;
                                [01;31m[K^[m[K
[01m[K/home/adminuser/ws_moveit/src/motion_planning/src/sphere_rosBridge.cpp:[m[K In function ‘[01m[Kvoid cb_pose(geometry_msgs::Pose)[m[K’:
[01m[K/home/adminuser/ws_moveit/src/motion_planning/src/sphere_rosBridge.cpp:86:29:[m[K [01;31m[Kerror: [m[K‘[01m[KR_x[m[K’ was not declared in this scope
   Eigen::Matrix3d R_fin = R*[01;31m[KR_x[m[K*R_z;
                             [01;31m[K^~~[m[K
[01m[K/home/adminuser/ws_moveit/src/motion_planning/src/sphere_rosBridge.cpp:86:29:[m[K [01;36m[Knote: [m[Ksuggested alternative: ‘[01m[KR_z[m[K’
   Eigen::Matrix3d R_fin = R*[01;36m[KR_x[m[K*R_z;
                             [01;36m[K^~~[m[K
                             [32m[KR_z[m[K
make[2]: *** [CMakeFiles/sphere_rosBridge.dir/src/sphere_rosBridge.cpp.o] Error 1
make[1]: *** [CMakeFiles/sphere_rosBridge.dir/all] Error 2
make: *** [all] Error 2
