In file included from [01m[K/opt/ros/melodic/include/ros/serialization.h:37:0[m[K,
                 from [01m[K/opt/ros/melodic/include/sensor_msgs/PointCloud.h:14[m[K,
                 from [01m[K/opt/ros/melodic/include/tf/transform_listener.h:35[m[K,
                 from [01m[K/home/adminuser/ws_moveit/src/motion_planning/src/matrix_storer.cpp:3[m[K:
/opt/ros/melodic/include/ros/message_traits.h: In instantiation of ‘[01m[Kstatic const char* ros::message_traits::DataType<M>::value(const M&) [with M = std::vector<std_msgs::Header_<std::allocator<void> > >][m[K’:
[01m[K/opt/ros/melodic/include/ros/message_traits.h:263:104:[m[K   required from ‘[01m[Kconst char* ros::message_traits::datatype(const M&) [with M = std::vector<std_msgs::Header_<std::allocator<void> > >][m[K’
[01m[K/opt/ros/melodic/include/rosbag/bag.h:577:82:[m[K   required from ‘[01m[Kvoid rosbag::Bag::doWrite(const string&, const ros::Time&, const T&, const boost::shared_ptr<std::map<std::__cxx11::basic_string<char>, std::__cxx11::basic_string<char> > >&) [with T = std::vector<std_msgs::Header_<std::allocator<void> > >; std::__cxx11::string = std::__cxx11::basic_string<char>][m[K’
[01m[K/opt/ros/melodic/include/rosbag/bag.h:375:5:[m[K   required from ‘[01m[Kvoid rosbag::Bag::write(const string&, const ros::Time&, const T&, boost::shared_ptr<std::map<std::__cxx11::basic_string<char>, std::__cxx11::basic_string<char> > >) [with T = std::vector<std_msgs::Header_<std::allocator<void> > >; std::__cxx11::string = std::__cxx11::basic_string<char>][m[K’
[01m[K/home/adminuser/ws_moveit/src/motion_planning/src/matrix_storer.cpp:403:49:[m[K   required from here
[01m[K/opt/ros/melodic/include/ros/message_traits.h:142:14:[m[K [01;31m[Kerror: [m[K‘[01m[Kconst class std::vector<std_msgs::Header_<std::allocator<void> > >[m[K’ has no member named ‘[01m[K__getDataType[m[K’
     return [01;31m[Km.__getDataType[m[K().c_str();
            [01;31m[K~~^~~~~~~~~~~~~[m[K
/opt/ros/melodic/include/ros/message_traits.h: In instantiation of ‘[01m[Kstatic const char* ros::message_traits::MD5Sum<M>::value(const M&) [with M = std::vector<std_msgs::Header_<std::allocator<void> > >][m[K’:
[01m[K/opt/ros/melodic/include/ros/message_traits.h:254:102:[m[K   required from ‘[01m[Kconst char* ros::message_traits::md5sum(const M&) [with M = std::vector<std_msgs::Header_<std::allocator<void> > >][m[K’
[01m[K/opt/ros/melodic/include/rosbag/bag.h:578:80:[m[K   required from ‘[01m[Kvoid rosbag::Bag::doWrite(const string&, const ros::Time&, const T&, const boost::shared_ptr<std::map<std::__cxx11::basic_string<char>, std::__cxx11::basic_string<char> > >&) [with T = std::vector<std_msgs::Header_<std::allocator<void> > >; std::__cxx11::string = std::__cxx11::basic_string<char>][m[K’
[01m[K/opt/ros/melodic/include/rosbag/bag.h:375:5:[m[K   required from ‘[01m[Kvoid rosbag::Bag::write(const string&, const ros::Time&, const T&, boost::shared_ptr<std::map<std::__cxx11::basic_string<char>, std::__cxx11::basic_string<char> > >) [with T = std::vector<std_msgs::Header_<std::allocator<void> > >; std::__cxx11::string = std::__cxx11::basic_string<char>][m[K’
[01m[K/home/adminuser/ws_moveit/src/motion_planning/src/matrix_storer.cpp:403:49:[m[K   required from here
[01m[K/opt/ros/melodic/include/ros/message_traits.h:125:14:[m[K [01;31m[Kerror: [m[K‘[01m[Kconst class std::vector<std_msgs::Header_<std::allocator<void> > >[m[K’ has no member named ‘[01m[K__getMD5Sum[m[K’
     return [01;31m[Km.__getMD5Sum[m[K().c_str();
            [01;31m[K~~^~~~~~~~~~~[m[K
/opt/ros/melodic/include/ros/message_traits.h: In instantiation of ‘[01m[Kstatic const char* ros::message_traits::Definition<M>::value(const M&) [with M = std::vector<std_msgs::Header_<std::allocator<void> > >][m[K’:
[01m[K/opt/ros/melodic/include/ros/message_traits.h:272:106:[m[K   required from ‘[01m[Kconst char* ros::message_traits::definition(const M&) [with M = std::vector<std_msgs::Header_<std::allocator<void> > >][m[K’
[01m[K/opt/ros/melodic/include/rosbag/bag.h:579:84:[m[K   required from ‘[01m[Kvoid rosbag::Bag::doWrite(const string&, const ros::Time&, const T&, const boost::shared_ptr<std::map<std::__cxx11::basic_string<char>, std::__cxx11::basic_string<char> > >&) [with T = std::vector<std_msgs::Header_<std::allocator<void> > >; std::__cxx11::string = std::__cxx11::basic_string<char>][m[K’
[01m[K/opt/ros/melodic/include/rosbag/bag.h:375:5:[m[K   required from ‘[01m[Kvoid rosbag::Bag::write(const string&, const ros::Time&, const T&, boost::shared_ptr<std::map<std::__cxx11::basic_string<char>, std::__cxx11::basic_string<char> > >) [with T = std::vector<std_msgs::Header_<std::allocator<void> > >; std::__cxx11::string = std::__cxx11::basic_string<char>][m[K’
[01m[K/home/adminuser/ws_moveit/src/motion_planning/src/matrix_storer.cpp:403:49:[m[K   required from here
[01m[K/opt/ros/melodic/include/ros/message_traits.h:159:14:[m[K [01;31m[Kerror: [m[K‘[01m[Kconst class std::vector<std_msgs::Header_<std::allocator<void> > >[m[K’ has no member named ‘[01m[K__getMessageDefinition[m[K’
     return [01;31m[Km.__getMessageDefinition[m[K().c_str();
            [01;31m[K~~^~~~~~~~~~~~~~~~~~~~~~[m[K
/opt/ros/melodic/include/ros/message_traits.h: In instantiation of ‘[01m[Kstatic const char* ros::message_traits::DataType<M>::value(const M&) [with M = std::vector<double> [6]][m[K’:
[01m[K/opt/ros/melodic/include/ros/message_traits.h:263:104:[m[K   required from ‘[01m[Kconst char* ros::message_traits::datatype(const M&) [with M = std::vector<double> [6]][m[K’
[01m[K/opt/ros/melodic/include/rosbag/bag.h:577:82:[m[K   required from ‘[01m[Kvoid rosbag::Bag::doWrite(const string&, const ros::Time&, const T&, const boost::shared_ptr<std::map<std::__cxx11::basic_string<char>, std::__cxx11::basic_string<char> > >&) [with T = std::vector<double> [6]; std::__cxx11::string = std::__cxx11::basic_string<char>][m[K’
[01m[K/opt/ros/melodic/include/rosbag/bag.h:375:5:[m[K   required from ‘[01m[Kvoid rosbag::Bag::write(const string&, const ros::Time&, const T&, boost::shared_ptr<std::map<std::__cxx11::basic_string<char>, std::__cxx11::basic_string<char> > >) [with T = std::vector<double> [6]; std::__cxx11::string = std::__cxx11::basic_string<char>][m[K’
[01m[K/home/adminuser/ws_moveit/src/motion_planning/src/matrix_storer.cpp:404:59:[m[K   required from here
[01m[K/opt/ros/melodic/include/ros/message_traits.h:142:14:[m[K [01;31m[Kerror: [m[Krequest for member ‘[01m[K__getDataType[m[K’ in ‘[01m[Km[m[K’, which is of non-class type ‘[01m[Kconst std::vector<double> [6][m[K’
     return [01;31m[Km.__getDataType[m[K().c_str();
            [01;31m[K~~^~~~~~~~~~~~~[m[K
/opt/ros/melodic/include/ros/message_traits.h: In instantiation of ‘[01m[Kstatic const char* ros::message_traits::MD5Sum<M>::value(const M&) [with M = std::vector<double> [6]][m[K’:
[01m[K/opt/ros/melodic/include/ros/message_traits.h:254:102:[m[K   required from ‘[01m[Kconst char* ros::message_traits::md5sum(const M&) [with M = std::vector<double> [6]][m[K’
[01m[K/opt/ros/melodic/include/rosbag/bag.h:578:80:[m[K   required from ‘[01m[Kvoid rosbag::Bag::doWrite(const string&, const ros::Time&, const T&, const boost::shared_ptr<std::map<std::__cxx11::basic_string<char>, std::__cxx11::basic_string<char> > >&) [with T = std::vector<double> [6]; std::__cxx11::string = std::__cxx11::basic_string<char>][m[K’
[01m[K/opt/ros/melodic/include/rosbag/bag.h:375:5:[m[K   required from ‘[01m[Kvoid rosbag::Bag::write(const string&, const ros::Time&, const T&, boost::shared_ptr<std::map<std::__cxx11::basic_string<char>, std::__cxx11::basic_string<char> > >) [with T = std::vector<double> [6]; std::__cxx11::string = std::__cxx11::basic_string<char>][m[K’
[01m[K/home/adminuser/ws_moveit/src/motion_planning/src/matrix_storer.cpp:404:59:[m[K   required from here
[01m[K/opt/ros/melodic/include/ros/message_traits.h:125:14:[m[K [01;31m[Kerror: [m[Krequest for member ‘[01m[K__getMD5Sum[m[K’ in ‘[01m[Km[m[K’, which is of non-class type ‘[01m[Kconst std::vector<double> [6][m[K’
     return [01;31m[Km.__getMD5Sum[m[K().c_str();
            [01;31m[K~~^~~~~~~~~~~[m[K
/opt/ros/melodic/include/ros/message_traits.h: In instantiation of ‘[01m[Kstatic const char* ros::message_traits::Definition<M>::value(const M&) [with M = std::vector<double> [6]][m[K’:
[01m[K/opt/ros/melodic/include/ros/message_traits.h:272:106:[m[K   required from ‘[01m[Kconst char* ros::message_traits::definition(const M&) [with M = std::vector<double> [6]][m[K’
[01m[K/opt/ros/melodic/include/rosbag/bag.h:579:84:[m[K   required from ‘[01m[Kvoid rosbag::Bag::doWrite(const string&, const ros::Time&, const T&, const boost::shared_ptr<std::map<std::__cxx11::basic_string<char>, std::__cxx11::basic_string<char> > >&) [with T = std::vector<double> [6]; std::__cxx11::string = std::__cxx11::basic_string<char>][m[K’
[01m[K/opt/ros/melodic/include/rosbag/bag.h:375:5:[m[K   required from ‘[01m[Kvoid rosbag::Bag::write(const string&, const ros::Time&, const T&, boost::shared_ptr<std::map<std::__cxx11::basic_string<char>, std::__cxx11::basic_string<char> > >) [with T = std::vector<double> [6]; std::__cxx11::string = std::__cxx11::basic_string<char>][m[K’
[01m[K/home/adminuser/ws_moveit/src/motion_planning/src/matrix_storer.cpp:404:59:[m[K   required from here
[01m[K/opt/ros/melodic/include/ros/message_traits.h:159:14:[m[K [01;31m[Kerror: [m[Krequest for member ‘[01m[K__getMessageDefinition[m[K’ in ‘[01m[Km[m[K’, which is of non-class type ‘[01m[Kconst std::vector<double> [6][m[K’
     return [01;31m[Km.__getMessageDefinition[m[K().c_str();
            [01;31m[K~~^~~~~~~~~~~~~~~~~~~~~~[m[K
In file included from [01m[K/opt/ros/melodic/include/sensor_msgs/PointCloud.h:14:0[m[K,
                 from [01m[K/opt/ros/melodic/include/tf/transform_listener.h:35[m[K,
                 from [01m[K/home/adminuser/ws_moveit/src/motion_planning/src/matrix_storer.cpp:3[m[K:
/opt/ros/melodic/include/ros/serialization.h: In instantiation of ‘[01m[Kstatic uint32_t ros::serialization::Serializer<T>::serializedLength(typename boost::call_traits<T>::param_type) [with T = std::vector<double> [6]; uint32_t = unsigned int; typename boost::call_traits<T>::param_type = const std::vector<double>* const][m[K’:
[01m[K/opt/ros/melodic/include/ros/serialization.h:172:41:[m[K   required from ‘[01m[Kuint32_t ros::serialization::serializationLength(const T&) [with T = std::vector<double> [6]; uint32_t = unsigned int][m[K’
[01m[K/opt/ros/melodic/include/rosbag/bag.h:637:67:[m[K   required from ‘[01m[Kvoid rosbag::Bag::writeMessageDataRecord(uint32_t, const ros::Time&, const T&) [with T = std::vector<double> [6]; uint32_t = unsigned int][m[K’
[01m[K/opt/ros/melodic/include/rosbag/bag.h:613:9:[m[K   required from ‘[01m[Kvoid rosbag::Bag::doWrite(const string&, const ros::Time&, const T&, const boost::shared_ptr<std::map<std::__cxx11::basic_string<char>, std::__cxx11::basic_string<char> > >&) [with T = std::vector<double> [6]; std::__cxx11::string = std::__cxx11::basic_string<char>][m[K’
[01m[K/opt/ros/melodic/include/rosbag/bag.h:375:5:[m[K   required from ‘[01m[Kvoid rosbag::Bag::write(const string&, const ros::Time&, const T&, boost::shared_ptr<std::map<std::__cxx11::basic_string<char>, std::__cxx11::basic_string<char> > >) [with T = std::vector<double> [6]; std::__cxx11::string = std::__cxx11::basic_string<char>][m[K’
[01m[K/home/adminuser/ws_moveit/src/motion_planning/src/matrix_storer.cpp:404:59:[m[K   required from here
[01m[K/opt/ros/melodic/include/ros/serialization.h:144:14:[m[K [01;31m[Kerror: [m[Krequest for member ‘[01m[KserializationLength[m[K’ in ‘[01m[Kt[m[K’, which is of pointer type ‘[01m[Kboost::call_traits<std::vector<double> [6]>::param_type {aka const std::vector<double>* const}[m[K’ (maybe you meant to use ‘[01m[K->[m[K’ ?)
     return [01;31m[Kt.serializationLength[m[K();
            [01;31m[K~~^~~~~~~~~~~~~~~~~~~[m[K
/opt/ros/melodic/include/ros/serialization.h: In instantiation of ‘[01m[Kstatic void ros::serialization::Serializer<T>::write(Stream&, typename boost::call_traits<T>::param_type) [with Stream = ros::serialization::OStream; T = std::vector<double> [6]; typename boost::call_traits<T>::param_type = const std::vector<double>* const][m[K’:
[01m[K/opt/ros/melodic/include/ros/serialization.h:154:23:[m[K   required from ‘[01m[Kvoid ros::serialization::serialize(Stream&, const T&) [with T = std::vector<double> [6]; Stream = ros::serialization::OStream][m[K’
[01m[K/opt/ros/melodic/include/rosbag/bag.h:644:34:[m[K   required from ‘[01m[Kvoid rosbag::Bag::writeMessageDataRecord(uint32_t, const ros::Time&, const T&) [with T = std::vector<double> [6]; uint32_t = unsigned int][m[K’
[01m[K/opt/ros/melodic/include/rosbag/bag.h:613:9:[m[K   required from ‘[01m[Kvoid rosbag::Bag::doWrite(const string&, const ros::Time&, const T&, const boost::shared_ptr<std::map<std::__cxx11::basic_string<char>, std::__cxx11::basic_string<char> > >&) [with T = std::vector<double> [6]; std::__cxx11::string = std::__cxx11::basic_string<char>][m[K’
[01m[K/opt/ros/melodic/include/rosbag/bag.h:375:5:[m[K   required from ‘[01m[Kvoid rosbag::Bag::write(const string&, const ros::Time&, const T&, boost::shared_ptr<std::map<std::__cxx11::basic_string<char>, std::__cxx11::basic_string<char> > >) [with T = std::vector<double> [6]; std::__cxx11::string = std::__cxx11::basic_string<char>][m[K’
[01m[K/home/adminuser/ws_moveit/src/motion_planning/src/matrix_storer.cpp:404:59:[m[K   required from here
[01m[K/opt/ros/melodic/include/ros/serialization.h:127:7:[m[K [01;31m[Kerror: [m[Krequest for member ‘[01m[Kserialize[m[K’ in ‘[01m[Kt[m[K’, which is of pointer type ‘[01m[Kboost::call_traits<std::vector<double> [6]>::param_type {aka const std::vector<double>* const}[m[K’ (maybe you meant to use ‘[01m[K->[m[K’ ?)
     [01;31m[Kt.serialize[m[K(stream.getData(), 0);
     [01;31m[K~~^~~~~~~~~[m[K
make[2]: *** [CMakeFiles/matrix_storer.dir/src/matrix_storer.cpp.o] Error 1
make[1]: *** [CMakeFiles/matrix_storer.dir/all] Error 2
make: *** [all] Error 2
