[01m[K/home/adminuser/ws_moveit/src/motion_planning/src/sphere_rosBridge.cpp:25:14:[m[K [01;31m[Kerror: [m[Kvariable or field ‘[01m[Kcb_pose[m[K’ declared void
 void cb_pose([01;31m[Kgeo[m[K,geometry_msgs::Pose pose_msg){
              [01;31m[K^~~[m[K
[01m[K/home/adminuser/ws_moveit/src/motion_planning/src/sphere_rosBridge.cpp:25:14:[m[K [01;31m[Kerror: [m[K‘[01m[Kgeo[m[K’ was not declared in this scope
[01m[K/home/adminuser/ws_moveit/src/motion_planning/src/sphere_rosBridge.cpp:25:14:[m[K [01;36m[Knote: [m[Ksuggested alternative: ‘[01m[Kfeof[m[K’
 void cb_pose([01;36m[Kgeo[m[K,geometry_msgs::Pose pose_msg){
              [01;36m[K^~~[m[K
              [32m[Kfeof[m[K
[01m[K/home/adminuser/ws_moveit/src/motion_planning/src/sphere_rosBridge.cpp:25:38:[m[K [01;31m[Kerror: [m[Kexpected primary-expression before ‘[01m[Kpose_msg[m[K’
 void cb_pose(geo,geometry_msgs::Pose [01;31m[Kpose_msg[m[K){
                                      [01;31m[K^~~~~~~~[m[K
[01m[K/home/adminuser/ws_moveit/src/motion_planning/src/sphere_rosBridge.cpp:[m[K In function ‘[01m[Kint main(int, char**)[m[K’:
[01m[K/home/adminuser/ws_moveit/src/motion_planning/src/sphere_rosBridge.cpp:43:65:[m[K [01;31m[Kerror: [m[K‘[01m[Kcb_pose[m[K’ was not declared in this scope
   ros::Subscriber sub = node_handle.subscribe("listener", 1000, [01;31m[Kcb_pose[m[K);
                                                                 [01;31m[K^~~~~~~[m[K
[01m[K/home/adminuser/ws_moveit/src/motion_planning/src/sphere_rosBridge.cpp:43:65:[m[K [01;36m[Knote: [m[Ksuggested alternative: ‘[01m[Kclose[m[K’
   ros::Subscriber sub = node_handle.subscribe("listener", 1000, [01;36m[Kcb_pose[m[K);
                                                                 [01;36m[K^~~~~~~[m[K
                                                                 [32m[Kclose[m[K
[01m[K/home/adminuser/ws_moveit/src/motion_planning/src/sphere_rosBridge.cpp:61:3:[m[K [01;31m[Kerror: [m[K‘[01m[Krobot_model_loader[m[K’ has not been declared
   [01;31m[Krobot_model_loader[m[K::RobotModelLoader robot_model_loader(ROBOT_DESCRIPTION);
   [01;31m[K^~~~~~~~~~~~~~~~~~[m[K
[01m[K/home/adminuser/ws_moveit/src/motion_planning/src/sphere_rosBridge.cpp:62:48:[m[K [01;31m[Kerror: [m[K‘[01m[Krobot_model_loader[m[K’ was not declared in this scope
   robot_model::RobotModelPtr kinematic_model = [01;31m[Krobot_model_loader[m[K.getModel();
                                                [01;31m[K^~~~~~~~~~~~~~~~~~[m[K
[01m[K/home/adminuser/ws_moveit/src/motion_planning/src/sphere_rosBridge.cpp:62:48:[m[K [01;36m[Knote: [m[Ksuggested alternative: ‘[01m[Krobot_model[m[K’
   robot_model::RobotModelPtr kinematic_model = [01;36m[Krobot_model_loader[m[K.getModel();
                                                [01;36m[K^~~~~~~~~~~~~~~~~~[m[K
                                                [32m[Krobot_model[m[K
[01m[K/home/adminuser/ws_moveit/src/motion_planning/src/sphere_rosBridge.cpp:66:3:[m[K [01;31m[Kerror: [m[K‘[01m[Kplanning_scene[m[K’ has not been declared
   [01;31m[Kplanning_scene[m[K::PlanningScenePtr planning_scene(new planning_scene::PlanningScene(kinematic_model));
   [01;31m[K^~~~~~~~~~~~~~[m[K
[01m[K/home/adminuser/ws_moveit/src/motion_planning/src/sphere_rosBridge.cpp:72:3:[m[K [01;31m[Kerror: [m[K‘[01m[Kplanning_scene_monitor[m[K’ has not been declared
   [01;31m[Kplanning_scene_monitor[m[K::PlanningSceneMonitorPtr planning_scene_monitor(new planning_scene_monitor::PlanningSceneMonitor(planning_scene, ROBOT_DESCRIPTION));
   [01;31m[K^~~~~~~~~~~~~~~~~~~~~~[m[K
[01m[K/home/adminuser/ws_moveit/src/motion_planning/src/sphere_rosBridge.cpp:89:19:[m[K [01;31m[Kerror: [m[K‘[01m[Krviz_visual_tools[m[K’ is not a namespace-name
   namespace rvt = [01;31m[Krviz_visual_tools[m[K;
                   [01;31m[K^~~~~~~~~~~~~~~~~[m[K
[01m[K/home/adminuser/ws_moveit/src/motion_planning/src/sphere_rosBridge.cpp:89:36:[m[K [01;31m[Kerror: [m[Kexpected namespace-name before ‘[01m[K;[m[K’ token
   namespace rvt = rviz_visual_tools[01;31m[K;[m[K
                                    [01;31m[K^[m[K
[01m[K/home/adminuser/ws_moveit/src/motion_planning/src/sphere_rosBridge.cpp:90:3:[m[K [01;31m[Kerror: [m[K‘[01m[Kmoveit_visual_tools[m[K’ has not been declared
   [01;31m[Kmoveit_visual_tools[m[K::MoveItVisualTools visual_tools("pedestal");
   [01;31m[K^~~~~~~~~~~~~~~~~~~[m[K
[01m[K/home/adminuser/ws_moveit/src/motion_planning/src/sphere_rosBridge.cpp:94:3:[m[K [01;31m[Kerror: [m[K‘[01m[Kplanning_scene_monitor[m[K’ was not declared in this scope
   [01;31m[Kplanning_scene_monitor[m[K->startSceneMonitor("move_group/monitored_planning_scene");
   [01;31m[K^~~~~~~~~~~~~~~~~~~~~~[m[K
[01m[K/home/adminuser/ws_moveit/src/motion_planning/src/sphere_rosBridge.cpp:94:3:[m[K [01;36m[Knote: [m[Ksuggested alternative: ‘[01m[Kplanning_scene_interface[m[K’
   [01;36m[Kplanning_scene_monitor[m[K->startSceneMonitor("move_group/monitored_planning_scene");
   [01;36m[K^~~~~~~~~~~~~~~~~~~~~~[m[K
   [32m[Kplanning_scene_interface[m[K
[01m[K/home/adminuser/ws_moveit/src/motion_planning/src/sphere_rosBridge.cpp:102:3:[m[K [01;31m[Kerror: [m[K‘[01m[Kvisual_tools[m[K’ was not declared in this scope
   [01;31m[Kvisual_tools[m[K.deleteAllMarkers();
   [01;31m[K^~~~~~~~~~~~[m[K
[01m[K/home/adminuser/ws_moveit/src/motion_planning/src/sphere_rosBridge.cpp:110:52:[m[K [01;31m[Kerror: [m[K‘[01m[Krvt[m[K’ has not been declared
   visual_tools.publishText(text_pose, "UR5 robot", [01;31m[Krvt[m[K::WHITE, rvt::XLARGE);
                                                    [01;31m[K^~~[m[K
[01m[K/home/adminuser/ws_moveit/src/motion_planning/src/sphere_rosBridge.cpp:110:64:[m[K [01;31m[Kerror: [m[K‘[01m[Krvt[m[K’ has not been declared
   visual_tools.publishText(text_pose, "UR5 robot", rvt::WHITE, [01;31m[Krvt[m[K::XLARGE);
                                                                [01;31m[K^~~[m[K
[01m[K/home/adminuser/ws_moveit/src/motion_planning/src/sphere_rosBridge.cpp:133:37:[m[K [01;31m[Kerror: [m[K‘[01m[Kgroup[m[K’ was not declared in this scope
     sphere_object.header.frame_id = [01;31m[Kgroup[m[K.getPlanningFrame();
                                     [01;31m[K^~~~~[m[K
[01m[K/home/adminuser/ws_moveit/src/motion_planning/src/sphere_rosBridge.cpp:176:5:[m[K [01;31m[Kerror: [m[K‘[01m[Kcurrent_scene[m[K’ was not declared in this scope
     [01;31m[Kcurrent_scene[m[K.addCollisionObjects(collision_objects);
     [01;31m[K^~~~~~~~~~~~~[m[K
[01m[K/home/adminuser/ws_moveit/src/motion_planning/src/sphere_rosBridge.cpp:180:5:[m[K [01;31m[Kerror: [m[K‘[01m[Kplanning_scene_monitor[m[K’ is not a class, namespace, or enumeration
     [01;31m[Kplanning_scene_monitor[m[K::LockedPlanningSceneRO planning_scene_RO(planning_scene_monitor);
     [01;31m[K^~~~~~~~~~~~~~~~~~~~~~[m[K
make[2]: *** [CMakeFiles/sphere_rosBridge.dir/src/sphere_rosBridge.cpp.o] Error 1
make[1]: *** [CMakeFiles/sphere_rosBridge.dir/all] Error 2
make: *** [all] Error 2
