[01m[K/home/adminuser/ws_moveit/src/motion_planning/src/into_ws.cpp:[m[K In function ‘[01m[Kint main(int, char**)[m[K’:
[01m[K/home/adminuser/ws_moveit/src/motion_planning/src/into_ws.cpp:58:11:[m[K [01;31m[Kerror: [m[K‘[01m[Kmoveit::planning_scene[m[K’ has not been declared
   moveit::[01;31m[Kplanning_scene[m[K::PlannigScene *planning_scene_;
           [01;31m[K^~~~~~~~~~~~~~[m[K
[01m[K/home/adminuser/ws_moveit/src/motion_planning/src/into_ws.cpp:58:41:[m[K [01;31m[Kerror: [m[K‘[01m[Kplanning_scene_[m[K’ was not declared in this scope
   moveit::planning_scene::PlannigScene *[01;31m[Kplanning_scene_[m[K;
                                         [01;31m[K^~~~~~~~~~~~~~~[m[K
[01m[K/home/adminuser/ws_moveit/src/motion_planning/src/into_ws.cpp:58:41:[m[K [01;36m[Knote: [m[Ksuggested alternative: ‘[01m[Kplanning_scene_interface[m[K’
   moveit::planning_scene::PlannigScene *[01;36m[Kplanning_scene_[m[K;
                                         [01;36m[K^~~~~~~~~~~~~~~[m[K
                                         [32m[Kplanning_scene_interface[m[K
[01m[K/home/adminuser/ws_moveit/src/motion_planning/src/into_ws.cpp:60:65:[m[K [01;31m[Kerror: [m[Kno matching function for call to ‘[01m[Kplanning_scene::PlanningScene::PlanningScene(moveit::planning_interface::MoveGroupInterface&)[m[K’
   planning_scene_ = new planning_scene::PlanningScene(move_group[01;31m[K)[m[K;
                                                                 [01;31m[K^[m[K
In file included from [01m[K/home/adminuser/ws_moveit/src/motion_planning/src/into_ws.cpp:7:0[m[K:
[01m[K/opt/ros/melodic/include/moveit/planning_scene/planning_scene.h:966:3:[m[K [01;36m[Knote: [m[Kcandidate: planning_scene::PlanningScene::PlanningScene(const PlanningSceneConstPtr&)
   [01;36m[KPlanningScene[m[K(const PlanningSceneConstPtr& parent);
   [01;36m[K^~~~~~~~~~~~~[m[K
[01m[K/opt/ros/melodic/include/moveit/planning_scene/planning_scene.h:966:3:[m[K [01;36m[Knote: [m[K  no known conversion for argument 1 from ‘[01m[Kmoveit::planning_interface::MoveGroupInterface[m[K’ to ‘[01m[Kconst PlanningSceneConstPtr& {aka const std::shared_ptr<const planning_scene::PlanningScene>&}[m[K’
[01m[K/opt/ros/melodic/include/moveit/planning_scene/planning_scene.h:96:3:[m[K [01;36m[Knote: [m[Kcandidate: planning_scene::PlanningScene::PlanningScene(const ModelInterfaceSharedPtr&, const ModelConstSharedPtr&, const WorldPtr&)
   [01;36m[KPlanningScene[m[K(
   [01;36m[K^~~~~~~~~~~~~[m[K
[01m[K/opt/ros/melodic/include/moveit/planning_scene/planning_scene.h:96:3:[m[K [01;36m[Knote: [m[K  candidate expects 3 arguments, 1 provided
[01m[K/opt/ros/melodic/include/moveit/planning_scene/planning_scene.h:90:3:[m[K [01;36m[Knote: [m[Kcandidate: planning_scene::PlanningScene::PlanningScene(const RobotModelConstPtr&, const WorldPtr&)
   [01;36m[KPlanningScene[m[K(
   [01;36m[K^~~~~~~~~~~~~[m[K
[01m[K/opt/ros/melodic/include/moveit/planning_scene/planning_scene.h:90:3:[m[K [01;36m[Knote: [m[K  no known conversion for argument 1 from ‘[01m[Kmoveit::planning_interface::MoveGroupInterface[m[K’ to ‘[01m[Kconst RobotModelConstPtr& {aka const std::shared_ptr<const moveit::core::RobotModel>&}[m[K’
make[2]: *** [CMakeFiles/into_ws.dir/src/into_ws.cpp.o] Error 1
make[1]: *** [CMakeFiles/into_ws.dir/all] Error 2
make: *** [all] Error 2
