[01m[K/home/adminuser/ws_moveit/src/motion_planning/src/matrix_storer_5.cpp:[m[K In function ‘[01m[Kint main(int, char**)[m[K’:
[01m[K/home/adminuser/ws_moveit/src/motion_planning/src/matrix_storer_5.cpp:105:63:[m[K [01;31m[Kerror: [m[Kcould not convert ‘[01m[K{{0.0, 0.0, 0.0, 0.0, 0.0, 0.0}, {0.0, 0.0, 0.0, 0.0, 0.0, 0.0}, {0.0, 0.0, 0.0, 0.0, 0.0, 0.0}, {0.0, 0.0, 0.0, 0.0, 0.0, 0.0}, {0.0, 0.0, 0.0, 0.0, 0.0, 0.0}}[m[K’ from ‘[01m[K<brace-enclosed initializer list>[m[K’ to ‘[01m[Kstd::vector<double>[m[K’
                                 {0.0, 0.0, 0.0, 0.0, 0.0, 0.0}[01;31m[K}[m[K;
                                                               [01;31m[K^[m[K
[01m[K/home/adminuser/ws_moveit/src/motion_planning/src/matrix_storer_5.cpp:107:14:[m[K [01;31m[Kerror: [m[Kinvalid types ‘[01m[K__gnu_cxx::__alloc_traits<std::allocator<double> >::value_type {aka double}[int][m[K’ for array subscript
   points[0][0[01;31m[K][m[K = 0.7897;
              [01;31m[K^[m[K
[01m[K/home/adminuser/ws_moveit/src/motion_planning/src/matrix_storer_5.cpp:108:14:[m[K [01;31m[Kerror: [m[Kinvalid types ‘[01m[K__gnu_cxx::__alloc_traits<std::allocator<double> >::value_type {aka double}[int][m[K’ for array subscript
   points[0][1[01;31m[K][m[K = -2.3015;
              [01;31m[K^[m[K
[01m[K/home/adminuser/ws_moveit/src/motion_planning/src/matrix_storer_5.cpp:109:14:[m[K [01;31m[Kerror: [m[Kinvalid types ‘[01m[K__gnu_cxx::__alloc_traits<std::allocator<double> >::value_type {aka double}[int][m[K’ for array subscript
   points[0][2[01;31m[K][m[K = 1.8849;
              [01;31m[K^[m[K
[01m[K/home/adminuser/ws_moveit/src/motion_planning/src/matrix_storer_5.cpp:110:14:[m[K [01;31m[Kerror: [m[Kinvalid types ‘[01m[K__gnu_cxx::__alloc_traits<std::allocator<double> >::value_type {aka double}[int][m[K’ for array subscript
   points[0][3[01;31m[K][m[K = 0.2061;
              [01;31m[K^[m[K
[01m[K/home/adminuser/ws_moveit/src/motion_planning/src/matrix_storer_5.cpp:111:14:[m[K [01;31m[Kerror: [m[Kinvalid types ‘[01m[K__gnu_cxx::__alloc_traits<std::allocator<double> >::value_type {aka double}[int][m[K’ for array subscript
   points[0][4[01;31m[K][m[K = 1.5631;
              [01;31m[K^[m[K
[01m[K/home/adminuser/ws_moveit/src/motion_planning/src/matrix_storer_5.cpp:112:14:[m[K [01;31m[Kerror: [m[Kinvalid types ‘[01m[K__gnu_cxx::__alloc_traits<std::allocator<double> >::value_type {aka double}[int][m[K’ for array subscript
   points[0][5[01;31m[K][m[K = -0.00698132;
              [01;31m[K^[m[K
[01m[K/home/adminuser/ws_moveit/src/motion_planning/src/matrix_storer_5.cpp:115:14:[m[K [01;31m[Kerror: [m[Kinvalid types ‘[01m[K__gnu_cxx::__alloc_traits<std::allocator<double> >::value_type {aka double}[int][m[K’ for array subscript
   points[1][0[01;31m[K][m[K = -0.0459;
              [01;31m[K^[m[K
[01m[K/home/adminuser/ws_moveit/src/motion_planning/src/matrix_storer_5.cpp:116:14:[m[K [01;31m[Kerror: [m[Kinvalid types ‘[01m[K__gnu_cxx::__alloc_traits<std::allocator<double> >::value_type {aka double}[int][m[K’ for array subscript
   points[1][1[01;31m[K][m[K = -0.5494;
              [01;31m[K^[m[K
[01m[K/home/adminuser/ws_moveit/src/motion_planning/src/matrix_storer_5.cpp:117:14:[m[K [01;31m[Kerror: [m[Kinvalid types ‘[01m[K__gnu_cxx::__alloc_traits<std::allocator<double> >::value_type {aka double}[int][m[K’ for array subscript
   points[1][2[01;31m[K][m[K = 0.7752;
              [01;31m[K^[m[K
[01m[K/home/adminuser/ws_moveit/src/motion_planning/src/matrix_storer_5.cpp:118:14:[m[K [01;31m[Kerror: [m[Kinvalid types ‘[01m[K__gnu_cxx::__alloc_traits<std::allocator<double> >::value_type {aka double}[int][m[K’ for array subscript
   points[1][3[01;31m[K][m[K = -1.3576;
              [01;31m[K^[m[K
[01m[K/home/adminuser/ws_moveit/src/motion_planning/src/matrix_storer_5.cpp:119:14:[m[K [01;31m[Kerror: [m[Kinvalid types ‘[01m[K__gnu_cxx::__alloc_traits<std::allocator<double> >::value_type {aka double}[int][m[K’ for array subscript
   points[1][4[01;31m[K][m[K = 1.2306;
              [01;31m[K^[m[K
[01m[K/home/adminuser/ws_moveit/src/motion_planning/src/matrix_storer_5.cpp:120:14:[m[K [01;31m[Kerror: [m[Kinvalid types ‘[01m[K__gnu_cxx::__alloc_traits<std::allocator<double> >::value_type {aka double}[int][m[K’ for array subscript
   points[1][5[01;31m[K][m[K = 1.3617;
              [01;31m[K^[m[K
[01m[K/home/adminuser/ws_moveit/src/motion_planning/src/matrix_storer_5.cpp:123:14:[m[K [01;31m[Kerror: [m[Kinvalid types ‘[01m[K__gnu_cxx::__alloc_traits<std::allocator<double> >::value_type {aka double}[int][m[K’ for array subscript
   points[2][0[01;31m[K][m[K = -0.0459;
              [01;31m[K^[m[K
[01m[K/home/adminuser/ws_moveit/src/motion_planning/src/matrix_storer_5.cpp:124:14:[m[K [01;31m[Kerror: [m[Kinvalid types ‘[01m[K__gnu_cxx::__alloc_traits<std::allocator<double> >::value_type {aka double}[int][m[K’ for array subscript
   points[2][1[01;31m[K][m[K = -0.5494;
              [01;31m[K^[m[K
[01m[K/home/adminuser/ws_moveit/src/motion_planning/src/matrix_storer_5.cpp:125:14:[m[K [01;31m[Kerror: [m[Kinvalid types ‘[01m[K__gnu_cxx::__alloc_traits<std::allocator<double> >::value_type {aka double}[int][m[K’ for array subscript
   points[2][2[01;31m[K][m[K = 0.7752;
              [01;31m[K^[m[K
[01m[K/home/adminuser/ws_moveit/src/motion_planning/src/matrix_storer_5.cpp:126:14:[m[K [01;31m[Kerror: [m[Kinvalid types ‘[01m[K__gnu_cxx::__alloc_traits<std::allocator<double> >::value_type {aka double}[int][m[K’ for array subscript
   points[2][3[01;31m[K][m[K = -1.3576;
              [01;31m[K^[m[K
[01m[K/home/adminuser/ws_moveit/src/motion_planning/src/matrix_storer_5.cpp:127:14:[m[K [01;31m[Kerror: [m[Kinvalid types ‘[01m[K__gnu_cxx::__alloc_traits<std::allocator<double> >::value_type {aka double}[int][m[K’ for array subscript
   points[2][4[01;31m[K][m[K = 1.2306;
              [01;31m[K^[m[K
[01m[K/home/adminuser/ws_moveit/src/motion_planning/src/matrix_storer_5.cpp:128:14:[m[K [01;31m[Kerror: [m[Kinvalid types ‘[01m[K__gnu_cxx::__alloc_traits<std::allocator<double> >::value_type {aka double}[int][m[K’ for array subscript
   points[2][5[01;31m[K][m[K = 1.3617;
              [01;31m[K^[m[K
[01m[K/home/adminuser/ws_moveit/src/motion_planning/src/matrix_storer_5.cpp:131:14:[m[K [01;31m[Kerror: [m[Kinvalid types ‘[01m[K__gnu_cxx::__alloc_traits<std::allocator<double> >::value_type {aka double}[int][m[K’ for array subscript
   points[3][0[01;31m[K][m[K = -0.0459;
              [01;31m[K^[m[K
[01m[K/home/adminuser/ws_moveit/src/motion_planning/src/matrix_storer_5.cpp:132:14:[m[K [01;31m[Kerror: [m[Kinvalid types ‘[01m[K__gnu_cxx::__alloc_traits<std::allocator<double> >::value_type {aka double}[int][m[K’ for array subscript
   points[3][1[01;31m[K][m[K = -0.5494;
              [01;31m[K^[m[K
[01m[K/home/adminuser/ws_moveit/src/motion_planning/src/matrix_storer_5.cpp:133:14:[m[K [01;31m[Kerror: [m[Kinvalid types ‘[01m[K__gnu_cxx::__alloc_traits<std::allocator<double> >::value_type {aka double}[int][m[K’ for array subscript
   points[3][2[01;31m[K][m[K = 0.7752;
              [01;31m[K^[m[K
[01m[K/home/adminuser/ws_moveit/src/motion_planning/src/matrix_storer_5.cpp:134:14:[m[K [01;31m[Kerror: [m[Kinvalid types ‘[01m[K__gnu_cxx::__alloc_traits<std::allocator<double> >::value_type {aka double}[int][m[K’ for array subscript
   points[3][3[01;31m[K][m[K = -1.3576;
              [01;31m[K^[m[K
[01m[K/home/adminuser/ws_moveit/src/motion_planning/src/matrix_storer_5.cpp:135:14:[m[K [01;31m[Kerror: [m[Kinvalid types ‘[01m[K__gnu_cxx::__alloc_traits<std::allocator<double> >::value_type {aka double}[int][m[K’ for array subscript
   points[3][4[01;31m[K][m[K = 1.2306;
              [01;31m[K^[m[K
[01m[K/home/adminuser/ws_moveit/src/motion_planning/src/matrix_storer_5.cpp:136:14:[m[K [01;31m[Kerror: [m[Kinvalid types ‘[01m[K__gnu_cxx::__alloc_traits<std::allocator<double> >::value_type {aka double}[int][m[K’ for array subscript
   points[3][5[01;31m[K][m[K = 1.3617;
              [01;31m[K^[m[K
[01m[K/home/adminuser/ws_moveit/src/motion_planning/src/matrix_storer_5.cpp:139:14:[m[K [01;31m[Kerror: [m[Kinvalid types ‘[01m[K__gnu_cxx::__alloc_traits<std::allocator<double> >::value_type {aka double}[int][m[K’ for array subscript
   points[4][0[01;31m[K][m[K = -0.0459;
              [01;31m[K^[m[K
[01m[K/home/adminuser/ws_moveit/src/motion_planning/src/matrix_storer_5.cpp:140:14:[m[K [01;31m[Kerror: [m[Kinvalid types ‘[01m[K__gnu_cxx::__alloc_traits<std::allocator<double> >::value_type {aka double}[int][m[K’ for array subscript
   points[4][1[01;31m[K][m[K = -0.5494;
              [01;31m[K^[m[K
[01m[K/home/adminuser/ws_moveit/src/motion_planning/src/matrix_storer_5.cpp:141:14:[m[K [01;31m[Kerror: [m[Kinvalid types ‘[01m[K__gnu_cxx::__alloc_traits<std::allocator<double> >::value_type {aka double}[int][m[K’ for array subscript
   points[4][2[01;31m[K][m[K = 0.7752;
              [01;31m[K^[m[K
[01m[K/home/adminuser/ws_moveit/src/motion_planning/src/matrix_storer_5.cpp:142:14:[m[K [01;31m[Kerror: [m[Kinvalid types ‘[01m[K__gnu_cxx::__alloc_traits<std::allocator<double> >::value_type {aka double}[int][m[K’ for array subscript
   points[4][3[01;31m[K][m[K = -1.3576;
              [01;31m[K^[m[K
[01m[K/home/adminuser/ws_moveit/src/motion_planning/src/matrix_storer_5.cpp:143:14:[m[K [01;31m[Kerror: [m[Kinvalid types ‘[01m[K__gnu_cxx::__alloc_traits<std::allocator<double> >::value_type {aka double}[int][m[K’ for array subscript
   points[4][4[01;31m[K][m[K = 1.2306;
              [01;31m[K^[m[K
[01m[K/home/adminuser/ws_moveit/src/motion_planning/src/matrix_storer_5.cpp:144:14:[m[K [01;31m[Kerror: [m[Kinvalid types ‘[01m[K__gnu_cxx::__alloc_traits<std::allocator<double> >::value_type {aka double}[int][m[K’ for array subscript
   points[4][5[01;31m[K][m[K = 1.3617;
              [01;31m[K^[m[K
[01m[K/home/adminuser/ws_moveit/src/motion_planning/src/matrix_storer_5.cpp:147:34:[m[K [01;31m[Kerror: [m[K‘[01m[Khome[m[K’ was not declared in this scope
   move_group.setJointValueTarget([01;31m[Khome[m[K);
                                  [01;31m[K^~~~[m[K
[01m[K/home/adminuser/ws_moveit/src/motion_planning/src/matrix_storer_5.cpp:147:34:[m[K [01;36m[Knote: [m[Ksuggested alternative: ‘[01m[Ktime[m[K’
   move_group.setJointValueTarget([01;36m[Khome[m[K);
                                  [01;36m[K^~~~[m[K
                                  [32m[Ktime[m[K
[01m[K/home/adminuser/ws_moveit/src/motion_planning/src/matrix_storer_5.cpp:172:34:[m[K [01;31m[Kerror: [m[K‘[01m[Kdoor_1[m[K’ was not declared in this scope
   move_group.setJointValueTarget([01;31m[Kdoor_1[m[K);
                                  [01;31m[K^~~~~~[m[K
[01m[K/home/adminuser/ws_moveit/src/motion_planning/src/matrix_storer_5.cpp:194:34:[m[K [01;31m[Kerror: [m[K‘[01m[Kdoor_2[m[K’ was not declared in this scope
   move_group.setJointValueTarget([01;31m[Kdoor_2[m[K);
                                  [01;31m[K^~~~~~[m[K
[01m[K/home/adminuser/ws_moveit/src/motion_planning/src/matrix_storer_5.cpp:237:34:[m[K [01;31m[Kerror: [m[K‘[01m[Kseat_1[m[K’ was not declared in this scope
   move_group.setJointValueTarget([01;31m[Kseat_1[m[K);
                                  [01;31m[K^~~~~~[m[K
[01m[K/home/adminuser/ws_moveit/src/motion_planning/src/matrix_storer_5.cpp:237:34:[m[K [01;36m[Knote: [m[Ksuggested alternative: ‘[01m[Ksetns[m[K’
   move_group.setJointValueTarget([01;36m[Kseat_1[m[K);
                                  [01;36m[K^~~~~~[m[K
                                  [32m[Ksetns[m[K
make[2]: *** [CMakeFiles/matrix_storer_5.dir/src/matrix_storer_5.cpp.o] Error 1
make[1]: *** [CMakeFiles/matrix_storer_5.dir/all] Error 2
make[1]: *** Waiting for unfinished jobs....
make: *** [all] Error 2
