[01m[K/home/adminuser/ws_moveit/src/motion_planning/src/obj_tf.cpp:32:104:[m[K [01;31m[Kerror: [m[K‘[01m[Ktf::TransformListenerPtr[m[K’ has not been declared
 void spawn_sphere(std::string obj_id, std::string des_frame, std::string ref_frame, double radius, tf::[01;31m[KTransformListenerPtr[m[K listener, moveit::planning_interface::MoveGroupInterfacePtr move_group, moveit::planning_interface::PlanningSceneInterfacePtr planning_scene_interface){
                                                                                                        [01;31m[K^~~~~~~~~~~~~~~~~~~~[m[K
[01m[K/home/adminuser/ws_moveit/src/motion_planning/src/obj_tf.cpp:[m[K In function ‘[01m[Kvoid spawn_sphere(std::__cxx11::string, std::__cxx11::string, std::__cxx11::string, double, int, moveit::planning_interface::MoveGroupInterfacePtr, moveit::planning_interface::PlanningSceneInterfacePtr)[m[K’:
[01m[K/home/adminuser/ws_moveit/src/motion_planning/src/obj_tf.cpp:35:14:[m[K [01;31m[Kerror: [m[Krequest for member ‘[01m[KlookupTransform[m[K’ in ‘[01m[Klistener[m[K’, which is of non-class type ‘[01m[Kint[m[K’
     listener.[01;31m[KlookupTransform[m[K(ref_frame, des_frame,
              [01;31m[K^~~~~~~~~~~~~~~[m[K
[01m[K/home/adminuser/ws_moveit/src/motion_planning/src/obj_tf.cpp:45:46:[m[K [01;31m[Kerror: [m[K‘[01m[Kmoveit::planning_interface::MoveGroupInterfacePtr {aka class std::shared_ptr<moveit::planning_interface::MoveGroupInterface>}[m[K’ has no member named ‘[01m[KgetPlanningFrame[m[K’
   sphere_object.header.frame_id = move_group.[01;31m[KgetPlanningFrame[m[K();
                                              [01;31m[K^~~~~~~~~~~~~~~~[m[K
[01m[K/home/adminuser/ws_moveit/src/motion_planning/src/obj_tf.cpp:89:28:[m[K [01;31m[Kerror: [m[K‘[01m[Kmoveit::planning_interface::PlanningSceneInterfacePtr {aka class std::shared_ptr<moveit::planning_interface::PlanningSceneInterface>}[m[K’ has no member named ‘[01m[KaddCollisionObjects[m[K’
   planning_scene_interface.[01;31m[KaddCollisionObjects[m[K(collision_objects);
                            [01;31m[K^~~~~~~~~~~~~~~~~~~[m[K
[01m[K/home/adminuser/ws_moveit/src/motion_planning/src/obj_tf.cpp:[m[K In function ‘[01m[Kint main(int, char**)[m[K’:
[01m[K/home/adminuser/ws_moveit/src/motion_planning/src/obj_tf.cpp:186:108:[m[K [01;31m[Kerror: [m[Kcannot convert ‘[01m[Ktf::TransformListener[m[K’ to ‘[01m[Kint[m[K’ for argument ‘[01m[K5[m[K’ to ‘[01m[Kvoid spawn_sphere(std::__cxx11::string, std::__cxx11::string, std::__cxx11::string, double, int, moveit::planning_interface::MoveGroupInterfacePtr, moveit::planning_interface::PlanningSceneInterfacePtr)[m[K’
     spawn_sphere("left_wrist", "/left_wrist", "/world", 0.2, listener, move_group, planning_scene_interface[01;31m[K)[m[K;
                                                                                                            [01;31m[K^[m[K
make[2]: *** [CMakeFiles/obj_tf.dir/src/obj_tf.cpp.o] Error 1
make[1]: *** [CMakeFiles/obj_tf.dir/all] Error 2
make: *** [all] Error 2
