[01m[K/home/adminuser/ws_moveit/src/motion_planning/src/obj_tf.cpp:[m[K In function ‘[01m[Kvoid spawn_sphere(std::__cxx11::string, std::__cxx11::string, std::__cxx11::string, double)[m[K’:
[01m[K/home/adminuser/ws_moveit/src/motion_planning/src/obj_tf.cpp:35:5:[m[K [01;31m[Kerror: [m[K‘[01m[Klistener[m[K’ was not declared in this scope
     [01;31m[Klistener[m[K.lookupTransform(ref_frame, des_frame,
     [01;31m[K^~~~~~~~[m[K
[01m[K/home/adminuser/ws_moveit/src/motion_planning/src/obj_tf.cpp:35:5:[m[K [01;36m[Knote: [m[Ksuggested alternative: ‘[01m[Klseek[m[K’
     [01;36m[Klistener[m[K.lookupTransform(ref_frame, des_frame,
     [01;36m[K^~~~~~~~[m[K
     [32m[Klseek[m[K
[01m[K/home/adminuser/ws_moveit/src/motion_planning/src/obj_tf.cpp:45:35:[m[K [01;31m[Kerror: [m[K‘[01m[Kmove_group[m[K’ was not declared in this scope
   sphere_object.header.frame_id = [01;31m[Kmove_group[m[K.getPlanningFrame();
                                   [01;31m[K^~~~~~~~~~[m[K
[01m[K/home/adminuser/ws_moveit/src/motion_planning/src/obj_tf.cpp:45:35:[m[K [01;36m[Knote: [m[Ksuggested alternative: ‘[01m[Kgetgroups[m[K’
   sphere_object.header.frame_id = [01;36m[Kmove_group[m[K.getPlanningFrame();
                                   [01;36m[K^~~~~~~~~~[m[K
                                   [32m[Kgetgroups[m[K
[01m[K/home/adminuser/ws_moveit/src/motion_planning/src/obj_tf.cpp:89:3:[m[K [01;31m[Kerror: [m[K‘[01m[Kplanning_scene_interface[m[K’ was not declared in this scope
   [01;31m[Kplanning_scene_interface[m[K.addCollisionObjects(collision_objects);
   [01;31m[K^~~~~~~~~~~~~~~~~~~~~~~~[m[K
make[2]: *** [CMakeFiles/obj_tf.dir/src/obj_tf.cpp.o] Error 1
make[1]: *** [CMakeFiles/obj_tf.dir/all] Error 2
make: *** [all] Error 2
