[01m[K/home/adminuser/ws_moveit/src/motion_planning/src/matrix_storer_5.cpp:[m[K In function ‘[01m[Kint main(int, char**)[m[K’:
[01m[K/home/adminuser/ws_moveit/src/motion_planning/src/matrix_storer_5.cpp:110:14:[m[K [01;31m[Kerror: [m[Kinvalid types ‘[01m[K__gnu_cxx::__alloc_traits<std::allocator<double> >::value_type {aka double}[int][m[K’ for array subscript
   points[0][0[01;31m[K][m[K = 0.7897;
              [01;31m[K^[m[K
[01m[K/home/adminuser/ws_moveit/src/motion_planning/src/matrix_storer_5.cpp:111:14:[m[K [01;31m[Kerror: [m[Kinvalid types ‘[01m[K__gnu_cxx::__alloc_traits<std::allocator<double> >::value_type {aka double}[int][m[K’ for array subscript
   points[0][1[01;31m[K][m[K = -2.3015;
              [01;31m[K^[m[K
[01m[K/home/adminuser/ws_moveit/src/motion_planning/src/matrix_storer_5.cpp:112:14:[m[K [01;31m[Kerror: [m[Kinvalid types ‘[01m[K__gnu_cxx::__alloc_traits<std::allocator<double> >::value_type {aka double}[int][m[K’ for array subscript
   points[0][2[01;31m[K][m[K = 1.8849;
              [01;31m[K^[m[K
[01m[K/home/adminuser/ws_moveit/src/motion_planning/src/matrix_storer_5.cpp:113:14:[m[K [01;31m[Kerror: [m[Kinvalid types ‘[01m[K__gnu_cxx::__alloc_traits<std::allocator<double> >::value_type {aka double}[int][m[K’ for array subscript
   points[0][3[01;31m[K][m[K = 0.2061;
              [01;31m[K^[m[K
[01m[K/home/adminuser/ws_moveit/src/motion_planning/src/matrix_storer_5.cpp:114:14:[m[K [01;31m[Kerror: [m[Kinvalid types ‘[01m[K__gnu_cxx::__alloc_traits<std::allocator<double> >::value_type {aka double}[int][m[K’ for array subscript
   points[0][4[01;31m[K][m[K = 1.5631;
              [01;31m[K^[m[K
[01m[K/home/adminuser/ws_moveit/src/motion_planning/src/matrix_storer_5.cpp:115:14:[m[K [01;31m[Kerror: [m[Kinvalid types ‘[01m[K__gnu_cxx::__alloc_traits<std::allocator<double> >::value_type {aka double}[int][m[K’ for array subscript
   points[0][5[01;31m[K][m[K = -0.00698132;
              [01;31m[K^[m[K
[01m[K/home/adminuser/ws_moveit/src/motion_planning/src/matrix_storer_5.cpp:118:14:[m[K [01;31m[Kerror: [m[Kinvalid types ‘[01m[K__gnu_cxx::__alloc_traits<std::allocator<double> >::value_type {aka double}[int][m[K’ for array subscript
   points[1][0[01;31m[K][m[K = 1;
              [01;31m[K^[m[K
[01m[K/home/adminuser/ws_moveit/src/motion_planning/src/matrix_storer_5.cpp:119:14:[m[K [01;31m[Kerror: [m[Kinvalid types ‘[01m[K__gnu_cxx::__alloc_traits<std::allocator<double> >::value_type {aka double}[int][m[K’ for array subscript
   points[1][1[01;31m[K][m[K = 2;
              [01;31m[K^[m[K
[01m[K/home/adminuser/ws_moveit/src/motion_planning/src/matrix_storer_5.cpp:120:14:[m[K [01;31m[Kerror: [m[Kinvalid types ‘[01m[K__gnu_cxx::__alloc_traits<std::allocator<double> >::value_type {aka double}[int][m[K’ for array subscript
   points[1][2[01;31m[K][m[K = 0.5;
              [01;31m[K^[m[K
[01m[K/home/adminuser/ws_moveit/src/motion_planning/src/matrix_storer_5.cpp:121:14:[m[K [01;31m[Kerror: [m[Kinvalid types ‘[01m[K__gnu_cxx::__alloc_traits<std::allocator<double> >::value_type {aka double}[int][m[K’ for array subscript
   points[1][3[01;31m[K][m[K = -1.4;
              [01;31m[K^[m[K
[01m[K/home/adminuser/ws_moveit/src/motion_planning/src/matrix_storer_5.cpp:122:14:[m[K [01;31m[Kerror: [m[Kinvalid types ‘[01m[K__gnu_cxx::__alloc_traits<std::allocator<double> >::value_type {aka double}[int][m[K’ for array subscript
   points[1][4[01;31m[K][m[K = 1.5;
              [01;31m[K^[m[K
[01m[K/home/adminuser/ws_moveit/src/motion_planning/src/matrix_storer_5.cpp:123:14:[m[K [01;31m[Kerror: [m[Kinvalid types ‘[01m[K__gnu_cxx::__alloc_traits<std::allocator<double> >::value_type {aka double}[int][m[K’ for array subscript
   points[1][5[01;31m[K][m[K = 1.5;
              [01;31m[K^[m[K
[01m[K/home/adminuser/ws_moveit/src/motion_planning/src/matrix_storer_5.cpp:126:14:[m[K [01;31m[Kerror: [m[Kinvalid types ‘[01m[K__gnu_cxx::__alloc_traits<std::allocator<double> >::value_type {aka double}[int][m[K’ for array subscript
   points[2][0[01;31m[K][m[K = -0.4;
              [01;31m[K^[m[K
[01m[K/home/adminuser/ws_moveit/src/motion_planning/src/matrix_storer_5.cpp:127:14:[m[K [01;31m[Kerror: [m[Kinvalid types ‘[01m[K__gnu_cxx::__alloc_traits<std::allocator<double> >::value_type {aka double}[int][m[K’ for array subscript
   points[2][1[01;31m[K][m[K = -0.4;
              [01;31m[K^[m[K
[01m[K/home/adminuser/ws_moveit/src/motion_planning/src/matrix_storer_5.cpp:128:14:[m[K [01;31m[Kerror: [m[Kinvalid types ‘[01m[K__gnu_cxx::__alloc_traits<std::allocator<double> >::value_type {aka double}[int][m[K’ for array subscript
   points[2][2[01;31m[K][m[K = 0.4;
              [01;31m[K^[m[K
[01m[K/home/adminuser/ws_moveit/src/motion_planning/src/matrix_storer_5.cpp:129:14:[m[K [01;31m[Kerror: [m[Kinvalid types ‘[01m[K__gnu_cxx::__alloc_traits<std::allocator<double> >::value_type {aka double}[int][m[K’ for array subscript
   points[2][3[01;31m[K][m[K = -1.40;
              [01;31m[K^[m[K
[01m[K/home/adminuser/ws_moveit/src/motion_planning/src/matrix_storer_5.cpp:130:14:[m[K [01;31m[Kerror: [m[Kinvalid types ‘[01m[K__gnu_cxx::__alloc_traits<std::allocator<double> >::value_type {aka double}[int][m[K’ for array subscript
   points[2][4[01;31m[K][m[K = 1.4;
              [01;31m[K^[m[K
[01m[K/home/adminuser/ws_moveit/src/motion_planning/src/matrix_storer_5.cpp:131:14:[m[K [01;31m[Kerror: [m[Kinvalid types ‘[01m[K__gnu_cxx::__alloc_traits<std::allocator<double> >::value_type {aka double}[int][m[K’ for array subscript
   points[2][5[01;31m[K][m[K = 1.4;
              [01;31m[K^[m[K
[01m[K/home/adminuser/ws_moveit/src/motion_planning/src/matrix_storer_5.cpp:134:14:[m[K [01;31m[Kerror: [m[Kinvalid types ‘[01m[K__gnu_cxx::__alloc_traits<std::allocator<double> >::value_type {aka double}[int][m[K’ for array subscript
   points[3][0[01;31m[K][m[K = -0.1;
              [01;31m[K^[m[K
[01m[K/home/adminuser/ws_moveit/src/motion_planning/src/matrix_storer_5.cpp:135:14:[m[K [01;31m[Kerror: [m[Kinvalid types ‘[01m[K__gnu_cxx::__alloc_traits<std::allocator<double> >::value_type {aka double}[int][m[K’ for array subscript
   points[3][1[01;31m[K][m[K = -0.1;
              [01;31m[K^[m[K
[01m[K/home/adminuser/ws_moveit/src/motion_planning/src/matrix_storer_5.cpp:136:14:[m[K [01;31m[Kerror: [m[Kinvalid types ‘[01m[K__gnu_cxx::__alloc_traits<std::allocator<double> >::value_type {aka double}[int][m[K’ for array subscript
   points[3][2[01;31m[K][m[K = 0.1;
              [01;31m[K^[m[K
[01m[K/home/adminuser/ws_moveit/src/motion_planning/src/matrix_storer_5.cpp:137:14:[m[K [01;31m[Kerror: [m[Kinvalid types ‘[01m[K__gnu_cxx::__alloc_traits<std::allocator<double> >::value_type {aka double}[int][m[K’ for array subscript
   points[3][3[01;31m[K][m[K = -1.1;
              [01;31m[K^[m[K
[01m[K/home/adminuser/ws_moveit/src/motion_planning/src/matrix_storer_5.cpp:138:14:[m[K [01;31m[Kerror: [m[Kinvalid types ‘[01m[K__gnu_cxx::__alloc_traits<std::allocator<double> >::value_type {aka double}[int][m[K’ for array subscript
   points[3][4[01;31m[K][m[K = 1.1;
              [01;31m[K^[m[K
[01m[K/home/adminuser/ws_moveit/src/motion_planning/src/matrix_storer_5.cpp:139:14:[m[K [01;31m[Kerror: [m[Kinvalid types ‘[01m[K__gnu_cxx::__alloc_traits<std::allocator<double> >::value_type {aka double}[int][m[K’ for array subscript
   points[3][5[01;31m[K][m[K = 1.1;
              [01;31m[K^[m[K
[01m[K/home/adminuser/ws_moveit/src/motion_planning/src/matrix_storer_5.cpp:142:14:[m[K [01;31m[Kerror: [m[Kinvalid types ‘[01m[K__gnu_cxx::__alloc_traits<std::allocator<double> >::value_type {aka double}[int][m[K’ for array subscript
   points[4][0[01;31m[K][m[K = -0.5;
              [01;31m[K^[m[K
[01m[K/home/adminuser/ws_moveit/src/motion_planning/src/matrix_storer_5.cpp:143:14:[m[K [01;31m[Kerror: [m[Kinvalid types ‘[01m[K__gnu_cxx::__alloc_traits<std::allocator<double> >::value_type {aka double}[int][m[K’ for array subscript
   points[4][1[01;31m[K][m[K = -0.5;
              [01;31m[K^[m[K
[01m[K/home/adminuser/ws_moveit/src/motion_planning/src/matrix_storer_5.cpp:144:14:[m[K [01;31m[Kerror: [m[Kinvalid types ‘[01m[K__gnu_cxx::__alloc_traits<std::allocator<double> >::value_type {aka double}[int][m[K’ for array subscript
   points[4][2[01;31m[K][m[K = 0.5;
              [01;31m[K^[m[K
[01m[K/home/adminuser/ws_moveit/src/motion_planning/src/matrix_storer_5.cpp:145:14:[m[K [01;31m[Kerror: [m[Kinvalid types ‘[01m[K__gnu_cxx::__alloc_traits<std::allocator<double> >::value_type {aka double}[int][m[K’ for array subscript
   points[4][3[01;31m[K][m[K = -1.5;
              [01;31m[K^[m[K
[01m[K/home/adminuser/ws_moveit/src/motion_planning/src/matrix_storer_5.cpp:146:14:[m[K [01;31m[Kerror: [m[Kinvalid types ‘[01m[K__gnu_cxx::__alloc_traits<std::allocator<double> >::value_type {aka double}[int][m[K’ for array subscript
   points[4][4[01;31m[K][m[K = 1.5;
              [01;31m[K^[m[K
[01m[K/home/adminuser/ws_moveit/src/motion_planning/src/matrix_storer_5.cpp:147:14:[m[K [01;31m[Kerror: [m[Kinvalid types ‘[01m[K__gnu_cxx::__alloc_traits<std::allocator<double> >::value_type {aka double}[int][m[K’ for array subscript
   points[4][5[01;31m[K][m[K = 1.5;
              [01;31m[K^[m[K
[01m[K/home/adminuser/ws_moveit/src/motion_planning/src/matrix_storer_5.cpp:160:43:[m[K [01;31m[Kerror: [m[Kno matching function for call to ‘[01m[Kmoveit::planning_interface::MoveGroupInterface::setJointValueTarget(__gnu_cxx::__alloc_traits<std::allocator<double> >::value_type&)[m[K’
   move_group.setJointValueTarget(points[0][01;31m[K)[m[K;
                                           [01;31m[K^[m[K
In file included from [01m[K/home/adminuser/ws_moveit/src/motion_planning/src/matrix_storer_5.cpp:5:0[m[K:
[01m[K/opt/ros/melodic/include/moveit/move_group_interface/move_group_interface.h:345:8:[m[K [01;36m[Knote: [m[Kcandidate: bool moveit::planning_interface::MoveGroupInterface::setJointValueTarget(const std::vector<double>&)
   bool [01;36m[KsetJointValueTarget[m[K(const std::vector<double>& group_variable_values);
        [01;36m[K^~~~~~~~~~~~~~~~~~~[m[K
[01m[K/opt/ros/melodic/include/moveit/move_group_interface/move_group_interface.h:345:8:[m[K [01;36m[Knote: [m[K  no known conversion for argument 1 from ‘[01m[K__gnu_cxx::__alloc_traits<std::allocator<double> >::value_type {aka double}[m[K’ to ‘[01m[Kconst std::vector<double>&[m[K’
[01m[K/opt/ros/melodic/include/moveit/move_group_interface/move_group_interface.h:362:8:[m[K [01;36m[Knote: [m[Kcandidate: bool moveit::planning_interface::MoveGroupInterface::setJointValueTarget(const std::map<std::__cxx11::basic_string<char>, double>&)
   bool [01;36m[KsetJointValueTarget[m[K(const std::map<std::string, double>& variable_values);
        [01;36m[K^~~~~~~~~~~~~~~~~~~[m[K
[01m[K/opt/ros/melodic/include/moveit/move_group_interface/move_group_interface.h:362:8:[m[K [01;36m[Knote: [m[K  no known conversion for argument 1 from ‘[01m[K__gnu_cxx::__alloc_traits<std::allocator<double> >::value_type {aka double}[m[K’ to ‘[01m[Kconst std::map<std::__cxx11::basic_string<char>, double>&[m[K’
[01m[K/opt/ros/melodic/include/moveit/move_group_interface/move_group_interface.h:373:8:[m[K [01;36m[Knote: [m[Kcandidate: bool moveit::planning_interface::MoveGroupInterface::setJointValueTarget(const moveit::core::RobotState&)
   bool [01;36m[KsetJointValueTarget[m[K(const robot_state::RobotState& robot_state);
        [01;36m[K^~~~~~~~~~~~~~~~~~~[m[K
[01m[K/opt/ros/melodic/include/moveit/move_group_interface/move_group_interface.h:373:8:[m[K [01;36m[Knote: [m[K  no known conversion for argument 1 from ‘[01m[K__gnu_cxx::__alloc_traits<std::allocator<double> >::value_type {aka double}[m[K’ to ‘[01m[Kconst moveit::core::RobotState&[m[K’
[01m[K/opt/ros/melodic/include/moveit/move_group_interface/move_group_interface.h:386:8:[m[K [01;36m[Knote: [m[Kcandidate: bool moveit::planning_interface::MoveGroupInterface::setJointValueTarget(const string&, const std::vector<double>&)
   bool [01;36m[KsetJointValueTarget[m[K(const std::string& joint_name, const std::vector<double>& values);
        [01;36m[K^~~~~~~~~~~~~~~~~~~[m[K
[01m[K/opt/ros/melodic/include/moveit/move_group_interface/move_group_interface.h:386:8:[m[K [01;36m[Knote: [m[K  candidate expects 2 arguments, 1 provided
[01m[K/opt/ros/melodic/include/moveit/move_group_interface/move_group_interface.h:399:8:[m[K [01;36m[Knote: [m[Kcandidate: bool moveit::planning_interface::MoveGroupInterface::setJointValueTarget(const string&, double)
   bool [01;36m[KsetJointValueTarget[m[K(const std::string& joint_name, double value);
        [01;36m[K^~~~~~~~~~~~~~~~~~~[m[K
[01m[K/opt/ros/melodic/include/moveit/move_group_interface/move_group_interface.h:399:8:[m[K [01;36m[Knote: [m[K  candidate expects 2 arguments, 1 provided
[01m[K/opt/ros/melodic/include/moveit/move_group_interface/move_group_interface.h:411:8:[m[K [01;36m[Knote: [m[Kcandidate: bool moveit::planning_interface::MoveGroupInterface::setJointValueTarget(const JointState&)
   bool [01;36m[KsetJointValueTarget[m[K(const sensor_msgs::JointState& state);
        [01;36m[K^~~~~~~~~~~~~~~~~~~[m[K
[01m[K/opt/ros/melodic/include/moveit/move_group_interface/move_group_interface.h:411:8:[m[K [01;36m[Knote: [m[K  no known conversion for argument 1 from ‘[01m[K__gnu_cxx::__alloc_traits<std::allocator<double> >::value_type {aka double}[m[K’ to ‘[01m[Kconst JointState& {aka const sensor_msgs::JointState_<std::allocator<void> >&}[m[K’
[01m[K/opt/ros/melodic/include/moveit/move_group_interface/move_group_interface.h:424:8:[m[K [01;36m[Knote: [m[Kcandidate: bool moveit::planning_interface::MoveGroupInterface::setJointValueTarget(const Pose&, const string&)
   bool [01;36m[KsetJointValueTarget[m[K(const geometry_msgs::Pose& eef_pose, const std::string& end_effector_link = "");
        [01;36m[K^~~~~~~~~~~~~~~~~~~[m[K
[01m[K/opt/ros/melodic/include/moveit/move_group_interface/move_group_interface.h:424:8:[m[K [01;36m[Knote: [m[K  no known conversion for argument 1 from ‘[01m[K__gnu_cxx::__alloc_traits<std::allocator<double> >::value_type {aka double}[m[K’ to ‘[01m[Kconst Pose& {aka const geometry_msgs::Pose_<std::allocator<void> >&}[m[K’
[01m[K/opt/ros/melodic/include/moveit/move_group_interface/move_group_interface.h:437:8:[m[K [01;36m[Knote: [m[Kcandidate: bool moveit::planning_interface::MoveGroupInterface::setJointValueTarget(const PoseStamped&, const string&)
   bool [01;36m[KsetJointValueTarget[m[K(const geometry_msgs::PoseStamped& eef_pose, const std::string& end_effector_link = "");
        [01;36m[K^~~~~~~~~~~~~~~~~~~[m[K
[01m[K/opt/ros/melodic/include/moveit/move_group_interface/move_group_interface.h:437:8:[m[K [01;36m[Knote: [m[K  no known conversion for argument 1 from ‘[01m[K__gnu_cxx::__alloc_traits<std::allocator<double> >::value_type {aka double}[m[K’ to ‘[01m[Kconst PoseStamped& {aka const geometry_msgs::PoseStamped_<std::allocator<void> >&}[m[K’
[01m[K/opt/ros/melodic/include/moveit/move_group_interface/move_group_interface.h:450:8:[m[K [01;36m[Knote: [m[Kcandidate: bool moveit::planning_interface::MoveGroupInterface::setJointValueTarget(const Isometry3d&, const string&)
   bool [01;36m[KsetJointValueTarget[m[K(const Eigen::Isometry3d& eef_pose, const std::string& end_effector_link = "");
        [01;36m[K^~~~~~~~~~~~~~~~~~~[m[K
[01m[K/opt/ros/melodic/include/moveit/move_group_interface/move_group_interface.h:450:8:[m[K [01;36m[Knote: [m[K  no known conversion for argument 1 from ‘[01m[K__gnu_cxx::__alloc_traits<std::allocator<double> >::value_type {aka double}[m[K’ to ‘[01m[Kconst Isometry3d& {aka const Eigen::Transform<double, 3, 1>&}[m[K’
make[2]: *** [CMakeFiles/matrix_storer_5.dir/src/matrix_storer_5.cpp.o] Error 1
make[1]: *** [CMakeFiles/matrix_storer_5.dir/all] Error 2
make: *** [all] Error 2
