[01m[K/home/adminuser/ws_moveit/src/motion_planning/src/into_ws.cpp:[m[K In function ‘[01m[Kint main(int, char**)[m[K’:
[01m[K/home/adminuser/ws_moveit/src/motion_planning/src/into_ws.cpp:246:84:[m[K [01;31m[Kerror: [m[Kno matching function for call to ‘[01m[Kplanning_scene::PlanningScene::distanceToCollision(moveit::core::RobotStatePtr)[m[K’
       double dtc = planning_scene->distanceToCollision(move_group.getCurrentState()[01;31m[K)[m[K;
                                                                                    [01;31m[K^[m[K
In file included from [01m[K/home/adminuser/ws_moveit/src/motion_planning/src/into_ws.cpp:8:0[m[K:
[01m[K/opt/ros/melodic/include/moveit/planning_scene/planning_scene.h:612:10:[m[K [01;36m[Knote: [m[Kcandidate: double planning_scene::PlanningScene::distanceToCollision(moveit::core::RobotState&) const
   double [01;36m[KdistanceToCollision[m[K(robot_state::RobotState& robot_state) const
          [01;36m[K^~~~~~~~~~~~~~~~~~~[m[K
[01m[K/opt/ros/melodic/include/moveit/planning_scene/planning_scene.h:612:10:[m[K [01;36m[Knote: [m[K  no known conversion for argument 1 from ‘[01m[Kmoveit::core::RobotStatePtr {aka std::shared_ptr<moveit::core::RobotState>}[m[K’ to ‘[01m[Kmoveit::core::RobotState&[m[K’
[01m[K/opt/ros/melodic/include/moveit/planning_scene/planning_scene.h:621:10:[m[K [01;36m[Knote: [m[Kcandidate: double planning_scene::PlanningScene::distanceToCollision(const moveit::core::RobotState&) const
   double [01;36m[KdistanceToCollision[m[K(const robot_state::RobotState& robot_state) const
          [01;36m[K^~~~~~~~~~~~~~~~~~~[m[K
[01m[K/opt/ros/melodic/include/moveit/planning_scene/planning_scene.h:621:10:[m[K [01;36m[Knote: [m[K  no known conversion for argument 1 from ‘[01m[Kmoveit::core::RobotStatePtr {aka std::shared_ptr<moveit::core::RobotState>}[m[K’ to ‘[01m[Kconst moveit::core::RobotState&[m[K’
[01m[K/opt/ros/melodic/include/moveit/planning_scene/planning_scene.h:644:10:[m[K [01;36m[Knote: [m[Kcandidate: double planning_scene::PlanningScene::distanceToCollision(moveit::core::RobotState&, const collision_detection::AllowedCollisionMatrix&) const
   double [01;36m[KdistanceToCollision[m[K(robot_state::RobotState& robot_state,
          [01;36m[K^~~~~~~~~~~~~~~~~~~[m[K
[01m[K/opt/ros/melodic/include/moveit/planning_scene/planning_scene.h:644:10:[m[K [01;36m[Knote: [m[K  candidate expects 2 arguments, 1 provided
[01m[K/opt/ros/melodic/include/moveit/planning_scene/planning_scene.h:654:10:[m[K [01;36m[Knote: [m[Kcandidate: double planning_scene::PlanningScene::distanceToCollision(const moveit::core::RobotState&, const collision_detection::AllowedCollisionMatrix&) const
   double [01;36m[KdistanceToCollision[m[K(const robot_state::RobotState& robot_state,
          [01;36m[K^~~~~~~~~~~~~~~~~~~[m[K
[01m[K/opt/ros/melodic/include/moveit/planning_scene/planning_scene.h:654:10:[m[K [01;36m[Knote: [m[K  candidate expects 2 arguments, 1 provided
make[2]: *** [CMakeFiles/into_ws.dir/src/into_ws.cpp.o] Error 1
make[1]: *** [CMakeFiles/into_ws.dir/all] Error 2
make: *** [all] Error 2
