Linked: (/home/adminuser/ws_moveit/devel/.private/motion_planning/share/motion_planning/cmake/motion_planningConfig.cmake, /home/adminuser/ws_moveit/devel/share/motion_planning/cmake/motion_planningConfig.cmake)
Linked: (/home/adminuser/ws_moveit/devel/.private/motion_planning/share/motion_planning/cmake/motion_planningConfig-version.cmake, /home/adminuser/ws_moveit/devel/share/motion_planning/cmake/motion_planningConfig-version.cmake)
Linked: (/home/adminuser/ws_moveit/devel/.private/motion_planning/lib/pkgconfig/motion_planning.pc, /home/adminuser/ws_moveit/devel/lib/pkgconfig/motion_planning.pc)
Linked: (/home/adminuser/ws_moveit/devel/.private/motion_planning/lib/motion_planning/sphere_rosBridge, /home/adminuser/ws_moveit/devel/lib/motion_planning/sphere_rosBridge)
Linked: (/home/adminuser/ws_moveit/devel/.private/motion_planning/lib/motion_planning/matrix_reader_18, /home/adminuser/ws_moveit/devel/lib/motion_planning/matrix_reader_18)
Linked: (/home/adminuser/ws_moveit/devel/.private/motion_planning/lib/motion_planning/matrix_storer_18, /home/adminuser/ws_moveit/devel/lib/motion_planning/matrix_storer_18)
Linked: (/home/adminuser/ws_moveit/devel/.private/motion_planning/lib/motion_planning/move_cSpace, /home/adminuser/ws_moveit/devel/lib/motion_planning/move_cSpace)
Linked: (/home/adminuser/ws_moveit/devel/.private/motion_planning/lib/motion_planning/matrix_reader_5, /home/adminuser/ws_moveit/devel/lib/motion_planning/matrix_reader_5)
Linked: (/home/adminuser/ws_moveit/devel/.private/motion_planning/lib/motion_planning/matrix_storer_5, /home/adminuser/ws_moveit/devel/lib/motion_planning/matrix_storer_5)
Linked: (/home/adminuser/ws_moveit/devel/.private/motion_planning/lib/motion_planning/plan_storer, /home/adminuser/ws_moveit/devel/lib/motion_planning/plan_storer)
Linked: (/home/adminuser/ws_moveit/devel/.private/motion_planning/lib/motion_planning/trajectory_pub, /home/adminuser/ws_moveit/devel/lib/motion_planning/trajectory_pub)
Linked: (/home/adminuser/ws_moveit/devel/.private/motion_planning/lib/motion_planning/add_body, /home/adminuser/ws_moveit/devel/lib/motion_planning/add_body)
Linked: (/home/adminuser/ws_moveit/devel/.private/motion_planning/lib/motion_planning/matrix_storer, /home/adminuser/ws_moveit/devel/lib/motion_planning/matrix_storer)
Linked: (/home/adminuser/ws_moveit/devel/.private/motion_planning/lib/motion_planning/des_frame_pub, /home/adminuser/ws_moveit/devel/lib/motion_planning/des_frame_pub)
Linked: (/home/adminuser/ws_moveit/devel/.private/motion_planning/lib/motion_planning/move_jSpace, /home/adminuser/ws_moveit/devel/lib/motion_planning/move_jSpace)
Linked: (/home/adminuser/ws_moveit/devel/.private/motion_planning/lib/motion_planning/into_ws, /home/adminuser/ws_moveit/devel/lib/motion_planning/into_ws)
Linked: (/home/adminuser/ws_moveit/devel/.private/motion_planning/lib/motion_planning/plan_reader, /home/adminuser/ws_moveit/devel/lib/motion_planning/plan_reader)
Linked: (/home/adminuser/ws_moveit/devel/.private/motion_planning/lib/motion_planning/des_point_pub, /home/adminuser/ws_moveit/devel/lib/motion_planning/des_point_pub)
Linked: (/home/adminuser/ws_moveit/devel/.private/motion_planning/lib/motion_planning/move_cartesian, /home/adminuser/ws_moveit/devel/lib/motion_planning/move_cartesian)
Linked: (/home/adminuser/ws_moveit/devel/.private/motion_planning/lib/motion_planning/move_to_points, /home/adminuser/ws_moveit/devel/lib/motion_planning/move_to_points)
Linked: (/home/adminuser/ws_moveit/devel/.private/motion_planning/lib/motion_planning/velocity_scaling, /home/adminuser/ws_moveit/devel/lib/motion_planning/velocity_scaling)
Linked: (/home/adminuser/ws_moveit/devel/.private/motion_planning/lib/motion_planning/obj_tf, /home/adminuser/ws_moveit/devel/lib/motion_planning/obj_tf)
Linked: (/home/adminuser/ws_moveit/devel/.private/motion_planning/lib/motion_planning/matrix_reader, /home/adminuser/ws_moveit/devel/lib/motion_planning/matrix_reader)
Linked: (/home/adminuser/ws_moveit/devel/.private/motion_planning/lib/motion_planning/goal_publisher, /home/adminuser/ws_moveit/devel/lib/motion_planning/goal_publisher)
Linked: (/home/adminuser/ws_moveit/devel/.private/motion_planning/lib/motion_planning/tf_listener, /home/adminuser/ws_moveit/devel/lib/motion_planning/tf_listener)
Linked: (/home/adminuser/ws_moveit/devel/.private/motion_planning/lib/motion_planning/move_person, /home/adminuser/ws_moveit/devel/lib/motion_planning/move_person)
Linked: (/home/adminuser/ws_moveit/devel/.private/motion_planning/lib/motion_planning/move_surfaces, /home/adminuser/ws_moveit/devel/lib/motion_planning/move_surfaces)
Linked: (/home/adminuser/ws_moveit/devel/.private/motion_planning/lib/motion_planning/matrix_storer_28, /home/adminuser/ws_moveit/devel/lib/motion_planning/matrix_storer_28)
Linked: (/home/adminuser/ws_moveit/devel/.private/motion_planning/lib/motion_planning/move_iter_plan, /home/adminuser/ws_moveit/devel/lib/motion_planning/move_iter_plan)
