[01m[K/home/adminuser/ws_moveit/src/motion_planning/src/obj_tf.cpp:[m[K In function ‘[01m[Kvoid spawn_sphere(std::__cxx11::string, std::__cxx11::string, std::__cxx11::string, double, tf::TransformListener*, moveit::planning_interface::MoveGroupInterface*, moveit::planning_interface::PlanningSceneInterface*)[m[K’:
[01m[K/home/adminuser/ws_moveit/src/motion_planning/src/obj_tf.cpp:100:21:[m[K [01;31m[Kerror: [m[Kredeclaration of ‘[01m[Ktf2::Quaternion qs_orig[m[K’
     tf2::Quaternion [01;31m[Kqs_orig[m[K, qs_rot, qs_new;
                     [01;31m[K^~~~~~~[m[K
[01m[K/home/adminuser/ws_moveit/src/motion_planning/src/obj_tf.cpp:66:21:[m[K [01;36m[Knote: [m[K‘[01m[Ktf2::Quaternion qs_orig[m[K’ previously declared here
     tf2::Quaternion [01;36m[Kqs_orig[m[K, qs_rot, qs_new;
                     [01;36m[K^~~~~~~[m[K
[01m[K/home/adminuser/ws_moveit/src/motion_planning/src/obj_tf.cpp:100:30:[m[K [01;31m[Kerror: [m[Kredeclaration of ‘[01m[Ktf2::Quaternion qs_rot[m[K’
     tf2::Quaternion qs_orig, [01;31m[Kqs_rot[m[K, qs_new;
                              [01;31m[K^~~~~~[m[K
[01m[K/home/adminuser/ws_moveit/src/motion_planning/src/obj_tf.cpp:66:30:[m[K [01;36m[Knote: [m[K‘[01m[Ktf2::Quaternion qs_rot[m[K’ previously declared here
     tf2::Quaternion qs_orig, [01;36m[Kqs_rot[m[K, qs_new;
                              [01;36m[K^~~~~~[m[K
[01m[K/home/adminuser/ws_moveit/src/motion_planning/src/obj_tf.cpp:100:38:[m[K [01;31m[Kerror: [m[Kredeclaration of ‘[01m[Ktf2::Quaternion qs_new[m[K’
     tf2::Quaternion qs_orig, qs_rot, [01;31m[Kqs_new[m[K;
                                      [01;31m[K^~~~~~[m[K
[01m[K/home/adminuser/ws_moveit/src/motion_planning/src/obj_tf.cpp:66:38:[m[K [01;36m[Knote: [m[K‘[01m[Ktf2::Quaternion qs_new[m[K’ previously declared here
     tf2::Quaternion qs_orig, qs_rot, [01;36m[Kqs_new[m[K;
                                      [01;36m[K^~~~~~[m[K
[01m[K/home/adminuser/ws_moveit/src/motion_planning/src/obj_tf.cpp:105:12:[m[K [01;31m[Kerror: [m[Kredeclaration of ‘[01m[Kdouble r[m[K’
     double [01;31m[Kr[m[K=0.0, p=0, y=0.0;  // Rotate the previous pose by 180* about X
            [01;31m[K^[m[K
[01m[K/home/adminuser/ws_moveit/src/motion_planning/src/obj_tf.cpp:71:12:[m[K [01;36m[Knote: [m[K‘[01m[Kdouble r[m[K’ previously declared here
     double [01;36m[Kr[m[K=0.0, p=0, y=0.0;  // Rotate the previous pose by 180* about X
            [01;36m[K^[m[K
[01m[K/home/adminuser/ws_moveit/src/motion_planning/src/obj_tf.cpp:105:19:[m[K [01;31m[Kerror: [m[Kredeclaration of ‘[01m[Kdouble p[m[K’
     double r=0.0, [01;31m[Kp[m[K=0, y=0.0;  // Rotate the previous pose by 180* about X
                   [01;31m[K^[m[K
[01m[K/home/adminuser/ws_moveit/src/motion_planning/src/obj_tf.cpp:71:19:[m[K [01;36m[Knote: [m[K‘[01m[Kdouble p[m[K’ previously declared here
     double r=0.0, [01;36m[Kp[m[K=0, y=0.0;  // Rotate the previous pose by 180* about X
                   [01;36m[K^[m[K
[01m[K/home/adminuser/ws_moveit/src/motion_planning/src/obj_tf.cpp:105:24:[m[K [01;31m[Kerror: [m[Kredeclaration of ‘[01m[Kdouble y[m[K’
     double r=0.0, p=0, [01;31m[Ky[m[K=0.0;  // Rotate the previous pose by 180* about X
                        [01;31m[K^[m[K
[01m[K/home/adminuser/ws_moveit/src/motion_planning/src/obj_tf.cpp:71:24:[m[K [01;36m[Knote: [m[K‘[01m[Kdouble y[m[K’ previously declared here
     double r=0.0, p=0, [01;36m[Ky[m[K=0.0;  // Rotate the previous pose by 180* about X
                        [01;36m[K^[m[K
[01m[K/home/adminuser/ws_moveit/src/motion_planning/src/obj_tf.cpp:[m[K In function ‘[01m[Kvoid update_cylinder(std::__cxx11::string, std::__cxx11::string, std::__cxx11::string, tf::TransformListener*, moveit::planning_interface::MoveGroupInterface*, moveit::planning_interface::PlanningSceneInterface*)[m[K’:
[01m[K/home/adminuser/ws_moveit/src/motion_planning/src/obj_tf.cpp:190:3:[m[K [01;31m[Kerror: [m[K‘[01m[Kcylinder_object[m[K’ was not declared in this scope
   [01;31m[Kcylinder_object[m[K.primitive_poses.push_back(cylinder_pose);
   [01;31m[K^~~~~~~~~~~~~~~[m[K
[01m[K/home/adminuser/ws_moveit/src/motion_planning/src/obj_tf.cpp:190:3:[m[K [01;36m[Knote: [m[Ksuggested alternative: ‘[01m[Kcylinder_pose[m[K’
   [01;36m[Kcylinder_object[m[K.primitive_poses.push_back(cylinder_pose);
   [01;36m[K^~~~~~~~~~~~~~~[m[K
   [32m[Kcylinder_pose[m[K
make[2]: *** [CMakeFiles/obj_tf.dir/src/obj_tf.cpp.o] Error 1
make[1]: *** [CMakeFiles/obj_tf.dir/all] Error 2
make: *** [all] Error 2
