[01m[K/home/adminuser/ws_moveit/src/motion_planning/src/sphere_rosBridge.cpp:[m[K In function ‘[01m[Kint main(int, char**)[m[K’:
[01m[K/home/adminuser/ws_moveit/src/motion_planning/src/sphere_rosBridge.cpp:142:47:[m[K [01;31m[Kerror: [m[Kbase operand of ‘[01m[K->[m[K’ has non-pointer type ‘[01m[Kmoveit::planning_interface::MoveGroupInterface[m[K’
     sphere_object.header.frame_id = move_group[01;31m[K->[m[KgetPlanningFrame();
                                               [01;31m[K^~[m[K
[01m[K/home/adminuser/ws_moveit/src/motion_planning/src/sphere_rosBridge.cpp:144:24:[m[K [01;31m[Kerror: [m[K‘[01m[Kobj_id[m[K’ was not declared in this scope
     sphere_object.id = [01;31m[Kobj_id[m[K;
                        [01;31m[K^~~~~~[m[K
[01m[K/home/adminuser/ws_moveit/src/motion_planning/src/sphere_rosBridge.cpp:150:34:[m[K [01;31m[Kerror: [m[K‘[01m[Kradius[m[K’ was not declared in this scope
     sphere_shape.dimensions[0] = [01;31m[Kradius[m[K;
                                  [01;31m[K^~~~~~[m[K
[01m[K/home/adminuser/ws_moveit/src/motion_planning/src/sphere_rosBridge.cpp:150:34:[m[K [01;36m[Knote: [m[Ksuggested alternative: ‘[01m[Krmdir[m[K’
     sphere_shape.dimensions[0] = [01;36m[Kradius[m[K;
                                  [01;36m[K^~~~~~[m[K
                                  [32m[Krmdir[m[K
[01m[K/home/adminuser/ws_moveit/src/motion_planning/src/sphere_rosBridge.cpp:155:5:[m[K [01;31m[Kerror: [m[Kexpected ‘[01m[K;[m[K’ before ‘[01m[Ksphere_pose[m[K’
     [01;31m[Ksphere_pose[m[K.position.y = pose_unity.position.y // before 1.65
     [01;31m[K^~~~~~~~~~~[m[K
[01m[K/home/adminuser/ws_moveit/src/motion_planning/src/sphere_rosBridge.cpp:183:29:[m[K [01;31m[Kerror: [m[Kbase operand of ‘[01m[K->[m[K’ has non-pointer type ‘[01m[Kmoveit::planning_interface::PlanningSceneInterface[m[K’
     planning_scene_interface[01;31m[K->[m[KaddCollisionObjects(collision_objects);
                             [01;31m[K^~[m[K
make[2]: *** [CMakeFiles/sphere_rosBridge.dir/src/sphere_rosBridge.cpp.o] Error 1
make[1]: *** [CMakeFiles/sphere_rosBridge.dir/all] Error 2
make: *** [all] Error 2
