[01m[K/home/adminuser/ws_moveit/src/motion_planning/src/matrix_storer_5.cpp:[m[K In function ‘[01m[Kint main(int, char**)[m[K’:
[01m[K/home/adminuser/ws_moveit/src/motion_planning/src/matrix_storer_5.cpp:161:43:[m[K [01;31m[Kerror: [m[Kno matching function for call to ‘[01m[Kmoveit::planning_interface::MoveGroupInterface::setJointValueTarget(double [6])[m[K’
   move_group.setJointValueTarget(points[0][01;31m[K)[m[K;
                                           [01;31m[K^[m[K
In file included from [01m[K/home/adminuser/ws_moveit/src/motion_planning/src/matrix_storer_5.cpp:5:0[m[K:
[01m[K/opt/ros/melodic/include/moveit/move_group_interface/move_group_interface.h:345:8:[m[K [01;36m[Knote: [m[Kcandidate: bool moveit::planning_interface::MoveGroupInterface::setJointValueTarget(const std::vector<double>&)
   bool [01;36m[KsetJointValueTarget[m[K(const std::vector<double>& group_variable_values);
        [01;36m[K^~~~~~~~~~~~~~~~~~~[m[K
[01m[K/opt/ros/melodic/include/moveit/move_group_interface/move_group_interface.h:345:8:[m[K [01;36m[Knote: [m[K  no known conversion for argument 1 from ‘[01m[Kdouble [6][m[K’ to ‘[01m[Kconst std::vector<double>&[m[K’
[01m[K/opt/ros/melodic/include/moveit/move_group_interface/move_group_interface.h:362:8:[m[K [01;36m[Knote: [m[Kcandidate: bool moveit::planning_interface::MoveGroupInterface::setJointValueTarget(const std::map<std::__cxx11::basic_string<char>, double>&)
   bool [01;36m[KsetJointValueTarget[m[K(const std::map<std::string, double>& variable_values);
        [01;36m[K^~~~~~~~~~~~~~~~~~~[m[K
[01m[K/opt/ros/melodic/include/moveit/move_group_interface/move_group_interface.h:362:8:[m[K [01;36m[Knote: [m[K  no known conversion for argument 1 from ‘[01m[Kdouble [6][m[K’ to ‘[01m[Kconst std::map<std::__cxx11::basic_string<char>, double>&[m[K’
[01m[K/opt/ros/melodic/include/moveit/move_group_interface/move_group_interface.h:373:8:[m[K [01;36m[Knote: [m[Kcandidate: bool moveit::planning_interface::MoveGroupInterface::setJointValueTarget(const moveit::core::RobotState&)
   bool [01;36m[KsetJointValueTarget[m[K(const robot_state::RobotState& robot_state);
        [01;36m[K^~~~~~~~~~~~~~~~~~~[m[K
[01m[K/opt/ros/melodic/include/moveit/move_group_interface/move_group_interface.h:373:8:[m[K [01;36m[Knote: [m[K  no known conversion for argument 1 from ‘[01m[Kdouble [6][m[K’ to ‘[01m[Kconst moveit::core::RobotState&[m[K’
[01m[K/opt/ros/melodic/include/moveit/move_group_interface/move_group_interface.h:386:8:[m[K [01;36m[Knote: [m[Kcandidate: bool moveit::planning_interface::MoveGroupInterface::setJointValueTarget(const string&, const std::vector<double>&)
   bool [01;36m[KsetJointValueTarget[m[K(const std::string& joint_name, const std::vector<double>& values);
        [01;36m[K^~~~~~~~~~~~~~~~~~~[m[K
[01m[K/opt/ros/melodic/include/moveit/move_group_interface/move_group_interface.h:386:8:[m[K [01;36m[Knote: [m[K  candidate expects 2 arguments, 1 provided
[01m[K/opt/ros/melodic/include/moveit/move_group_interface/move_group_interface.h:399:8:[m[K [01;36m[Knote: [m[Kcandidate: bool moveit::planning_interface::MoveGroupInterface::setJointValueTarget(const string&, double)
   bool [01;36m[KsetJointValueTarget[m[K(const std::string& joint_name, double value);
        [01;36m[K^~~~~~~~~~~~~~~~~~~[m[K
[01m[K/opt/ros/melodic/include/moveit/move_group_interface/move_group_interface.h:399:8:[m[K [01;36m[Knote: [m[K  candidate expects 2 arguments, 1 provided
[01m[K/opt/ros/melodic/include/moveit/move_group_interface/move_group_interface.h:411:8:[m[K [01;36m[Knote: [m[Kcandidate: bool moveit::planning_interface::MoveGroupInterface::setJointValueTarget(const JointState&)
   bool [01;36m[KsetJointValueTarget[m[K(const sensor_msgs::JointState& state);
        [01;36m[K^~~~~~~~~~~~~~~~~~~[m[K
[01m[K/opt/ros/melodic/include/moveit/move_group_interface/move_group_interface.h:411:8:[m[K [01;36m[Knote: [m[K  no known conversion for argument 1 from ‘[01m[Kdouble [6][m[K’ to ‘[01m[Kconst JointState& {aka const sensor_msgs::JointState_<std::allocator<void> >&}[m[K’
[01m[K/opt/ros/melodic/include/moveit/move_group_interface/move_group_interface.h:424:8:[m[K [01;36m[Knote: [m[Kcandidate: bool moveit::planning_interface::MoveGroupInterface::setJointValueTarget(const Pose&, const string&)
   bool [01;36m[KsetJointValueTarget[m[K(const geometry_msgs::Pose& eef_pose, const std::string& end_effector_link = "");
        [01;36m[K^~~~~~~~~~~~~~~~~~~[m[K
[01m[K/opt/ros/melodic/include/moveit/move_group_interface/move_group_interface.h:424:8:[m[K [01;36m[Knote: [m[K  no known conversion for argument 1 from ‘[01m[Kdouble [6][m[K’ to ‘[01m[Kconst Pose& {aka const geometry_msgs::Pose_<std::allocator<void> >&}[m[K’
[01m[K/opt/ros/melodic/include/moveit/move_group_interface/move_group_interface.h:437:8:[m[K [01;36m[Knote: [m[Kcandidate: bool moveit::planning_interface::MoveGroupInterface::setJointValueTarget(const PoseStamped&, const string&)
   bool [01;36m[KsetJointValueTarget[m[K(const geometry_msgs::PoseStamped& eef_pose, const std::string& end_effector_link = "");
        [01;36m[K^~~~~~~~~~~~~~~~~~~[m[K
[01m[K/opt/ros/melodic/include/moveit/move_group_interface/move_group_interface.h:437:8:[m[K [01;36m[Knote: [m[K  no known conversion for argument 1 from ‘[01m[Kdouble [6][m[K’ to ‘[01m[Kconst PoseStamped& {aka const geometry_msgs::PoseStamped_<std::allocator<void> >&}[m[K’
[01m[K/opt/ros/melodic/include/moveit/move_group_interface/move_group_interface.h:450:8:[m[K [01;36m[Knote: [m[Kcandidate: bool moveit::planning_interface::MoveGroupInterface::setJointValueTarget(const Isometry3d&, const string&)
   bool [01;36m[KsetJointValueTarget[m[K(const Eigen::Isometry3d& eef_pose, const std::string& end_effector_link = "");
        [01;36m[K^~~~~~~~~~~~~~~~~~~[m[K
[01m[K/opt/ros/melodic/include/moveit/move_group_interface/move_group_interface.h:450:8:[m[K [01;36m[Knote: [m[K  no known conversion for argument 1 from ‘[01m[Kdouble [6][m[K’ to ‘[01m[Kconst Isometry3d& {aka const Eigen::Transform<double, 3, 1>&}[m[K’
make[2]: *** [CMakeFiles/matrix_storer_5.dir/src/matrix_storer_5.cpp.o] Error 1
make[1]: *** [CMakeFiles/matrix_storer_5.dir/all] Error 2
make: *** [all] Error 2
