[01m[K/home/adminuser/ws_moveit/src/motion_planning/src/sphere_rosBridge.cpp:[m[K In function ‘[01m[Kvoid cb_pose(geometry_msgs::PoseStamped)[m[K’:
[01m[K/home/adminuser/ws_moveit/src/motion_planning/src/sphere_rosBridge.cpp:50:33:[m[K [01;31m[Kerror: [m[K‘[01m[Kgeometry_msgs::PoseStamped {aka struct geometry_msgs::PoseStamped_<std::allocator<void> >}[m[K’ has no member named ‘[01m[Kposition[m[K’
   cout << "pos x: " << pose_msg.[01;31m[Kposition[m[K.x << endl;
                                 [01;31m[K^~~~~~~~[m[K
[01m[K/home/adminuser/ws_moveit/src/motion_planning/src/sphere_rosBridge.cpp:51:33:[m[K [01;31m[Kerror: [m[K‘[01m[Kgeometry_msgs::PoseStamped {aka struct geometry_msgs::PoseStamped_<std::allocator<void> >}[m[K’ has no member named ‘[01m[Kposition[m[K’
   cout << "pos y: " << pose_msg.[01;31m[Kposition[m[K.y << endl;
                                 [01;31m[K^~~~~~~~[m[K
[01m[K/home/adminuser/ws_moveit/src/motion_planning/src/sphere_rosBridge.cpp:52:33:[m[K [01;31m[Kerror: [m[K‘[01m[Kgeometry_msgs::PoseStamped {aka struct geometry_msgs::PoseStamped_<std::allocator<void> >}[m[K’ has no member named ‘[01m[Kposition[m[K’
   cout << "pos z: " << pose_msg.[01;31m[Kposition[m[K.z << endl;
                                 [01;31m[K^~~~~~~~[m[K
[01m[K/home/adminuser/ws_moveit/src/motion_planning/src/sphere_rosBridge.cpp:54:33:[m[K [01;31m[Kerror: [m[K‘[01m[Kgeometry_msgs::PoseStamped {aka struct geometry_msgs::PoseStamped_<std::allocator<void> >}[m[K’ has no member named ‘[01m[Korientation[m[K’
   cout << "rot x: " << pose_msg.[01;31m[Korientation[m[K.x << endl;
                                 [01;31m[K^~~~~~~~~~~[m[K
[01m[K/home/adminuser/ws_moveit/src/motion_planning/src/sphere_rosBridge.cpp:55:33:[m[K [01;31m[Kerror: [m[K‘[01m[Kgeometry_msgs::PoseStamped {aka struct geometry_msgs::PoseStamped_<std::allocator<void> >}[m[K’ has no member named ‘[01m[Korientation[m[K’
   cout << "rot y: " << pose_msg.[01;31m[Korientation[m[K.y << endl;
                                 [01;31m[K^~~~~~~~~~~[m[K
[01m[K/home/adminuser/ws_moveit/src/motion_planning/src/sphere_rosBridge.cpp:56:33:[m[K [01;31m[Kerror: [m[K‘[01m[Kgeometry_msgs::PoseStamped {aka struct geometry_msgs::PoseStamped_<std::allocator<void> >}[m[K’ has no member named ‘[01m[Korientation[m[K’
   cout << "rot z: " << pose_msg.[01;31m[Korientation[m[K.z << endl;
                                 [01;31m[K^~~~~~~~~~~[m[K
[01m[K/home/adminuser/ws_moveit/src/motion_planning/src/sphere_rosBridge.cpp:57:33:[m[K [01;31m[Kerror: [m[K‘[01m[Kgeometry_msgs::PoseStamped {aka struct geometry_msgs::PoseStamped_<std::allocator<void> >}[m[K’ has no member named ‘[01m[Korientation[m[K’
   cout << "rot w: " << pose_msg.[01;31m[Korientation[m[K.w << endl;
                                 [01;31m[K^~~~~~~~~~~[m[K
make[2]: *** [CMakeFiles/sphere_rosBridge.dir/src/sphere_rosBridge.cpp.o] Error 1
make[1]: *** [CMakeFiles/sphere_rosBridge.dir/all] Error 2
make: *** [all] Error 2
