[01m[K/home/adminuser/ws_moveit/src/motion_planning/src/ur_kin.cpp:48:17:[m[K [01;31m[Kerror: [m[K‘[01m[KIKREAL_TYPE[m[K’ was not declared in this scope
    std::vector< [01;31m[KIKREAL_TYPE[m[K > vfree(num_free_parameters);
                 [01;31m[K^~~~~~~~~~~[m[K
[01m[K/home/adminuser/ws_moveit/src/motion_planning/src/ur_kin.cpp:48:29:[m[K [01;31m[Kerror: [m[Ktemplate argument 1 is invalid
    std::vector< IKREAL_TYPE [01;31m[K>[m[K vfree(num_free_parameters);
                             [01;31m[K^[m[K
[01m[K/home/adminuser/ws_moveit/src/motion_planning/src/ur_kin.cpp:48:29:[m[K [01;31m[Kerror: [m[Ktemplate argument 2 is invalid
[01m[K/home/adminuser/ws_moveit/src/motion_planning/src/ur_kin.cpp:48:37:[m[K [01;31m[Kerror: [m[K‘[01m[Knum_free_parameters[m[K’ was not declared in this scope
    std::vector< IKREAL_TYPE > vfree([01;31m[Knum_free_parameters[m[K);
                                     [01;31m[K^~~~~~~~~~~~~~~~~~~[m[K
[01m[K/home/adminuser/ws_moveit/src/motion_planning/src/ur_kin.cpp:404:108:[m[K [01;31m[Kerror: [m[K‘[01m[Kpfree[m[K’ does not name a type; did you mean ‘[01m[Kvfree[m[K’?
 bool inverse_sol(const std::vector< double >& pose, std::vector< double >& joints, int& numOfSolns,  const [01;31m[Kpfree[m[K){
                                                                                                            [01;31m[K^~~~~[m[K
                                                                                                            [32m[Kvfree[m[K
[01m[K/home/adminuser/ws_moveit/src/motion_planning/src/ur_kin.cpp:[m[K In function ‘[01m[Kbool ur_kinematics::inverse_sol(const std::vector<double>&, std::vector<double>&, int&, int)[m[K’:
[01m[K/home/adminuser/ws_moveit/src/motion_planning/src/ur_kin.cpp:406:9:[m[K [01;31m[Kerror: [m[K‘[01m[Kpfree[m[K’ was not declared in this scope
     if(![01;31m[Kpfree[m[K) return false;
         [01;31m[K^~~~~[m[K
[01m[K/home/adminuser/ws_moveit/src/motion_planning/src/ur_kin.cpp:406:9:[m[K [01;36m[Knote: [m[Ksuggested alternative: ‘[01m[Kvfree[m[K’
     if(![01;36m[Kpfree[m[K) return false;
         [01;36m[K^~~~~[m[K
         [32m[Kvfree[m[K
[01m[K/home/adminuser/ws_moveit/src/motion_planning/src/ur_kin.cpp:411:13:[m[K [01;31m[Kerror: [m[K‘[01m[KGetNumJoints[m[K’ was not declared in this scope
     int n = [01;31m[KGetNumJoints[m[K();
             [01;31m[K^~~~~~~~~~~~[m[K
[01m[K/home/adminuser/ws_moveit/src/motion_planning/src/ur_kin.cpp:412:19:[m[K [01;31m[Kerror: [m[Kcannot convert ‘[01m[Kconst std::vector<double>[m[K’ to ‘[01m[Kconst double*[m[K’ for argument ‘[01m[K1[m[K’ to ‘[01m[Kvoid ur_kinematics::convert(const double*, double*)[m[K’
     convert(pose,T[01;31m[K)[m[K;
                   [01;31m[K^[m[K
[01m[K/home/adminuser/ws_moveit/src/motion_planning/src/ur_kin.cpp:415:53:[m[K [01;31m[Kerror: [m[K‘[01m[Kpfree[m[K’ was not declared in this scope
     int num_sols = ur_kinematics::inverse(T, q_sols,[01;31m[Kpfree[m[K[0]);
                                                     [01;31m[K^~~~~[m[K
[01m[K/home/adminuser/ws_moveit/src/motion_planning/src/ur_kin.cpp:415:53:[m[K [01;36m[Knote: [m[Ksuggested alternative: ‘[01m[Kvfree[m[K’
     int num_sols = ur_kinematics::inverse(T, q_sols,[01;36m[Kpfree[m[K[0]);
                                                     [01;36m[K^~~~~[m[K
                                                     [32m[Kvfree[m[K
[01m[K/home/adminuser/ws_moveit/src/motion_planning/src/ur_kin.cpp:421:21:[m[K [01;31m[Kerror: [m[K‘[01m[KIkSingleDOFSolutionBase[m[K’ was not declared in this scope
         std::vector<[01;31m[KIkSingleDOFSolutionBase[m[K<IkReal> > vinfos(n);
                     [01;31m[K^~~~~~~~~~~~~~~~~~~~~~~[m[K
[01m[K/home/adminuser/ws_moveit/src/motion_planning/src/ur_kin.cpp:421:45:[m[K [01;31m[Kerror: [m[K‘[01m[KIkReal[m[K’ was not declared in this scope
         std::vector<IkSingleDOFSolutionBase<[01;31m[KIkReal[m[K> > vinfos(n);
                                             [01;31m[K^~~~~~[m[K
[01m[K/home/adminuser/ws_moveit/src/motion_planning/src/ur_kin.cpp:421:51:[m[K [01;31m[Kerror: [m[Ktemplate argument 1 is invalid
         std::vector<IkSingleDOFSolutionBase<IkReal[01;31m[K>[m[K > vinfos(n);
                                                   [01;31m[K^[m[K
[01m[K/home/adminuser/ws_moveit/src/motion_planning/src/ur_kin.cpp:421:51:[m[K [01;31m[Kerror: [m[Ktemplate argument 2 is invalid
[01m[K/home/adminuser/ws_moveit/src/motion_planning/src/ur_kin.cpp:421:53:[m[K [01;31m[Kerror: [m[Kexpected unqualified-id before ‘[01m[K>[m[K’ token
         std::vector<IkSingleDOFSolutionBase<IkReal> [01;31m[K>[m[K vinfos(n);
                                                     [01;31m[K^[m[K
[01m[K/home/adminuser/ws_moveit/src/motion_planning/src/ur_kin.cpp:422:35:[m[K [01;31m[Kerror: [m[K‘[01m[Kvinfos[m[K’ was not declared in this scope
         for (int j=0; j < n; ++j) [01;31m[Kvinfos[m[K[j].foffset = q_sols[i*n+j];
                                   [01;31m[K^~~~~~[m[K
[01m[K/home/adminuser/ws_moveit/src/motion_planning/src/ur_kin.cpp:422:35:[m[K [01;36m[Knote: [m[Ksuggested alternative: ‘[01m[Ksincos[m[K’
         for (int j=0; j < n; ++j) [01;36m[Kvinfos[m[K[j].foffset = q_sols[i*n+j];
                                   [01;36m[K^~~~~~[m[K
                                   [32m[Ksincos[m[K
[01m[K/home/adminuser/ws_moveit/src/motion_planning/src/ur_kin.cpp:423:9:[m[K [01;31m[Kerror: [m[K‘[01m[Ksolutions[m[K’ was not declared in this scope
         [01;31m[Ksolutions[m[K.AddSolution(vinfos,vfree);
         [01;31m[K^~~~~~~~~[m[K
[01m[K/home/adminuser/ws_moveit/src/motion_planning/src/ur_kin.cpp:423:31:[m[K [01;31m[Kerror: [m[K‘[01m[Kvinfos[m[K’ was not declared in this scope
         solutions.AddSolution([01;31m[Kvinfos[m[K,vfree);
                               [01;31m[K^~~~~~[m[K
[01m[K/home/adminuser/ws_moveit/src/motion_planning/src/ur_kin.cpp:423:31:[m[K [01;36m[Knote: [m[Ksuggested alternative: ‘[01m[Ksincos[m[K’
         solutions.AddSolution([01;36m[Kvinfos[m[K,vfree);
                               [01;36m[K^~~~~~[m[K
                               [32m[Ksincos[m[K
make[2]: *** [CMakeFiles/ur_kin.dir/src/ur_kin.cpp.o] Error 1
make[1]: *** [CMakeFiles/ur_kin.dir/all] Error 2
make: *** [all] Error 2
