Determining if the pthread_create exist failed with the following output:
Change Dir: /home/adminuser/ws_moveit/build/ur_gazebo/CMakeFiles/CMakeTmp

Run Build Command:"/usr/bin/make" "cmTC_ab2cb/fast"
/usr/bin/make -f CMakeFiles/cmTC_ab2cb.dir/build.make CMakeFiles/cmTC_ab2cb.dir/build
make[1]: Entering directory '/home/adminuser/ws_moveit/build/ur_gazebo/CMakeFiles/CMakeTmp'
Building C object CMakeFiles/cmTC_ab2cb.dir/CheckSymbolExists.c.o
/usr/bin/cc    -o CMakeFiles/cmTC_ab2cb.dir/CheckSymbolExists.c.o   -c /home/adminuser/ws_moveit/build/ur_gazebo/CMakeFiles/CMakeTmp/CheckSymbolExists.c
Linking C executable cmTC_ab2cb
/usr/bin/cmake -E cmake_link_script CMakeFiles/cmTC_ab2cb.dir/link.txt --verbose=1
/usr/bin/cc      -rdynamic CMakeFiles/cmTC_ab2cb.dir/CheckSymbolExists.c.o  -o cmTC_ab2cb 
CMakeFiles/cmTC_ab2cb.dir/CheckSymbolExists.c.o: In function `main':
CheckSymbolExists.c:(.text+0x1b): undefined reference to `pthread_create'
collect2: error: ld returned 1 exit status
CMakeFiles/cmTC_ab2cb.dir/build.make:97: recipe for target 'cmTC_ab2cb' failed
make[1]: *** [cmTC_ab2cb] Error 1
make[1]: Leaving directory '/home/adminuser/ws_moveit/build/ur_gazebo/CMakeFiles/CMakeTmp'
Makefile:126: recipe for target 'cmTC_ab2cb/fast' failed
make: *** [cmTC_ab2cb/fast] Error 2

File /home/adminuser/ws_moveit/build/ur_gazebo/CMakeFiles/CMakeTmp/CheckSymbolExists.c:
/* */
#include <pthread.h>

int main(int argc, char** argv)
{
  (void)argv;
#ifndef pthread_create
  return ((int*)(&pthread_create))[argc];
#else
  (void)argc;
  return 0;
#endif
}

Determining if the function pthread_create exists in the pthreads failed with the following output:
Change Dir: /home/adminuser/ws_moveit/build/ur_gazebo/CMakeFiles/CMakeTmp

Run Build Command:"/usr/bin/make" "cmTC_4077b/fast"
/usr/bin/make -f CMakeFiles/cmTC_4077b.dir/build.make CMakeFiles/cmTC_4077b.dir/build
make[1]: Entering directory '/home/adminuser/ws_moveit/build/ur_gazebo/CMakeFiles/CMakeTmp'
Building C object CMakeFiles/cmTC_4077b.dir/CheckFunctionExists.c.o
/usr/bin/cc   -DCHECK_FUNCTION_EXISTS=pthread_create   -o CMakeFiles/cmTC_4077b.dir/CheckFunctionExists.c.o   -c /usr/share/cmake-3.10/Modules/CheckFunctionExists.c
Linking C executable cmTC_4077b
/usr/bin/cmake -E cmake_link_script CMakeFiles/cmTC_4077b.dir/link.txt --verbose=1
/usr/bin/cc  -DCHECK_FUNCTION_EXISTS=pthread_create    -rdynamic CMakeFiles/cmTC_4077b.dir/CheckFunctionExists.c.o  -o cmTC_4077b -lpthreads 
/usr/bin/ld: cannot find -lpthreads
collect2: error: ld returned 1 exit status
CMakeFiles/cmTC_4077b.dir/build.make:97: recipe for target 'cmTC_4077b' failed
make[1]: *** [cmTC_4077b] Error 1
make[1]: Leaving directory '/home/adminuser/ws_moveit/build/ur_gazebo/CMakeFiles/CMakeTmp'
Makefile:126: recipe for target 'cmTC_4077b/fast' failed
make: *** [cmTC_4077b/fast] Error 2


