Determining if the pthread_create exist failed with the following output:
Change Dir: /home/adminuser/ws_moveit/build/ur3_e_moveit_config/CMakeFiles/CMakeTmp

Run Build Command:"/usr/bin/make" "cmTC_573b9/fast"
/usr/bin/make -f CMakeFiles/cmTC_573b9.dir/build.make CMakeFiles/cmTC_573b9.dir/build
make[1]: Entering directory '/home/adminuser/ws_moveit/build/ur3_e_moveit_config/CMakeFiles/CMakeTmp'
Building C object CMakeFiles/cmTC_573b9.dir/CheckSymbolExists.c.o
/usr/bin/cc    -o CMakeFiles/cmTC_573b9.dir/CheckSymbolExists.c.o   -c /home/adminuser/ws_moveit/build/ur3_e_moveit_config/CMakeFiles/CMakeTmp/CheckSymbolExists.c
Linking C executable cmTC_573b9
/usr/bin/cmake -E cmake_link_script CMakeFiles/cmTC_573b9.dir/link.txt --verbose=1
/usr/bin/cc      -rdynamic CMakeFiles/cmTC_573b9.dir/CheckSymbolExists.c.o  -o cmTC_573b9 
CMakeFiles/cmTC_573b9.dir/CheckSymbolExists.c.o: In function `main':
CheckSymbolExists.c:(.text+0x1b): undefined reference to `pthread_create'
collect2: error: ld returned 1 exit status
CMakeFiles/cmTC_573b9.dir/build.make:97: recipe for target 'cmTC_573b9' failed
make[1]: *** [cmTC_573b9] Error 1
make[1]: Leaving directory '/home/adminuser/ws_moveit/build/ur3_e_moveit_config/CMakeFiles/CMakeTmp'
Makefile:126: recipe for target 'cmTC_573b9/fast' failed
make: *** [cmTC_573b9/fast] Error 2

File /home/adminuser/ws_moveit/build/ur3_e_moveit_config/CMakeFiles/CMakeTmp/CheckSymbolExists.c:
/* */
#include <pthread.h>

int main(int argc, char** argv)
{
  (void)argv;
#ifndef pthread_create
  return ((int*)(&pthread_create))[argc];
#else
  (void)argc;
  return 0;
#endif
}

Determining if the function pthread_create exists in the pthreads failed with the following output:
Change Dir: /home/adminuser/ws_moveit/build/ur3_e_moveit_config/CMakeFiles/CMakeTmp

Run Build Command:"/usr/bin/make" "cmTC_388fd/fast"
/usr/bin/make -f CMakeFiles/cmTC_388fd.dir/build.make CMakeFiles/cmTC_388fd.dir/build
make[1]: Entering directory '/home/adminuser/ws_moveit/build/ur3_e_moveit_config/CMakeFiles/CMakeTmp'
Building C object CMakeFiles/cmTC_388fd.dir/CheckFunctionExists.c.o
/usr/bin/cc   -DCHECK_FUNCTION_EXISTS=pthread_create   -o CMakeFiles/cmTC_388fd.dir/CheckFunctionExists.c.o   -c /usr/share/cmake-3.10/Modules/CheckFunctionExists.c
Linking C executable cmTC_388fd
/usr/bin/cmake -E cmake_link_script CMakeFiles/cmTC_388fd.dir/link.txt --verbose=1
/usr/bin/cc  -DCHECK_FUNCTION_EXISTS=pthread_create    -rdynamic CMakeFiles/cmTC_388fd.dir/CheckFunctionExists.c.o  -o cmTC_388fd -lpthreads 
/usr/bin/ld: cannot find -lpthreads
collect2: error: ld returned 1 exit status
CMakeFiles/cmTC_388fd.dir/build.make:97: recipe for target 'cmTC_388fd' failed
make[1]: *** [cmTC_388fd] Error 1
make[1]: Leaving directory '/home/adminuser/ws_moveit/build/ur3_e_moveit_config/CMakeFiles/CMakeTmp'
Makefile:126: recipe for target 'cmTC_388fd/fast' failed
make: *** [cmTC_388fd/fast] Error 2


