Determining if the pthread_create exist failed with the following output:
Change Dir: /home/adminuser/ws_moveit/build/ur_e_description/CMakeFiles/CMakeTmp

Run Build Command:"/usr/bin/make" "cmTC_f4eff/fast"
/usr/bin/make -f CMakeFiles/cmTC_f4eff.dir/build.make CMakeFiles/cmTC_f4eff.dir/build
make[1]: Entering directory '/home/adminuser/ws_moveit/build/ur_e_description/CMakeFiles/CMakeTmp'
Building C object CMakeFiles/cmTC_f4eff.dir/CheckSymbolExists.c.o
/usr/bin/cc    -o CMakeFiles/cmTC_f4eff.dir/CheckSymbolExists.c.o   -c /home/adminuser/ws_moveit/build/ur_e_description/CMakeFiles/CMakeTmp/CheckSymbolExists.c
Linking C executable cmTC_f4eff
/usr/bin/cmake -E cmake_link_script CMakeFiles/cmTC_f4eff.dir/link.txt --verbose=1
/usr/bin/cc      -rdynamic CMakeFiles/cmTC_f4eff.dir/CheckSymbolExists.c.o  -o cmTC_f4eff 
CMakeFiles/cmTC_f4eff.dir/CheckSymbolExists.c.o: In function `main':
CheckSymbolExists.c:(.text+0x1b): undefined reference to `pthread_create'
collect2: error: ld returned 1 exit status
CMakeFiles/cmTC_f4eff.dir/build.make:97: recipe for target 'cmTC_f4eff' failed
make[1]: *** [cmTC_f4eff] Error 1
make[1]: Leaving directory '/home/adminuser/ws_moveit/build/ur_e_description/CMakeFiles/CMakeTmp'
Makefile:126: recipe for target 'cmTC_f4eff/fast' failed
make: *** [cmTC_f4eff/fast] Error 2

File /home/adminuser/ws_moveit/build/ur_e_description/CMakeFiles/CMakeTmp/CheckSymbolExists.c:
/* */
#include <pthread.h>

int main(int argc, char** argv)
{
  (void)argv;
#ifndef pthread_create
  return ((int*)(&pthread_create))[argc];
#else
  (void)argc;
  return 0;
#endif
}

Determining if the function pthread_create exists in the pthreads failed with the following output:
Change Dir: /home/adminuser/ws_moveit/build/ur_e_description/CMakeFiles/CMakeTmp

Run Build Command:"/usr/bin/make" "cmTC_fc68e/fast"
/usr/bin/make -f CMakeFiles/cmTC_fc68e.dir/build.make CMakeFiles/cmTC_fc68e.dir/build
make[1]: Entering directory '/home/adminuser/ws_moveit/build/ur_e_description/CMakeFiles/CMakeTmp'
Building C object CMakeFiles/cmTC_fc68e.dir/CheckFunctionExists.c.o
/usr/bin/cc   -DCHECK_FUNCTION_EXISTS=pthread_create   -o CMakeFiles/cmTC_fc68e.dir/CheckFunctionExists.c.o   -c /usr/share/cmake-3.10/Modules/CheckFunctionExists.c
Linking C executable cmTC_fc68e
/usr/bin/cmake -E cmake_link_script CMakeFiles/cmTC_fc68e.dir/link.txt --verbose=1
/usr/bin/cc  -DCHECK_FUNCTION_EXISTS=pthread_create    -rdynamic CMakeFiles/cmTC_fc68e.dir/CheckFunctionExists.c.o  -o cmTC_fc68e -lpthreads 
/usr/bin/ld: cannot find -lpthreads
collect2: error: ld returned 1 exit status
CMakeFiles/cmTC_fc68e.dir/build.make:97: recipe for target 'cmTC_fc68e' failed
make[1]: *** [cmTC_fc68e] Error 1
make[1]: Leaving directory '/home/adminuser/ws_moveit/build/ur_e_description/CMakeFiles/CMakeTmp'
Makefile:126: recipe for target 'cmTC_fc68e/fast' failed
make: *** [cmTC_fc68e/fast] Error 2


