Determining if the pthread_create exist failed with the following output:
Change Dir: /home/adminuser/ws_moveit/build/ur5_moveit_config/CMakeFiles/CMakeTmp

Run Build Command:"/usr/bin/make" "cmTC_47af2/fast"
/usr/bin/make -f CMakeFiles/cmTC_47af2.dir/build.make CMakeFiles/cmTC_47af2.dir/build
make[1]: Entering directory '/home/adminuser/ws_moveit/build/ur5_moveit_config/CMakeFiles/CMakeTmp'
Building C object CMakeFiles/cmTC_47af2.dir/CheckSymbolExists.c.o
/usr/bin/cc    -o CMakeFiles/cmTC_47af2.dir/CheckSymbolExists.c.o   -c /home/adminuser/ws_moveit/build/ur5_moveit_config/CMakeFiles/CMakeTmp/CheckSymbolExists.c
Linking C executable cmTC_47af2
/usr/bin/cmake -E cmake_link_script CMakeFiles/cmTC_47af2.dir/link.txt --verbose=1
/usr/bin/cc      -rdynamic CMakeFiles/cmTC_47af2.dir/CheckSymbolExists.c.o  -o cmTC_47af2 
CMakeFiles/cmTC_47af2.dir/CheckSymbolExists.c.o: In function `main':
CheckSymbolExists.c:(.text+0x1b): undefined reference to `pthread_create'
collect2: error: ld returned 1 exit status
CMakeFiles/cmTC_47af2.dir/build.make:97: recipe for target 'cmTC_47af2' failed
make[1]: *** [cmTC_47af2] Error 1
make[1]: Leaving directory '/home/adminuser/ws_moveit/build/ur5_moveit_config/CMakeFiles/CMakeTmp'
Makefile:126: recipe for target 'cmTC_47af2/fast' failed
make: *** [cmTC_47af2/fast] Error 2

File /home/adminuser/ws_moveit/build/ur5_moveit_config/CMakeFiles/CMakeTmp/CheckSymbolExists.c:
/* */
#include <pthread.h>

int main(int argc, char** argv)
{
  (void)argv;
#ifndef pthread_create
  return ((int*)(&pthread_create))[argc];
#else
  (void)argc;
  return 0;
#endif
}

Determining if the function pthread_create exists in the pthreads failed with the following output:
Change Dir: /home/adminuser/ws_moveit/build/ur5_moveit_config/CMakeFiles/CMakeTmp

Run Build Command:"/usr/bin/make" "cmTC_5f3fb/fast"
/usr/bin/make -f CMakeFiles/cmTC_5f3fb.dir/build.make CMakeFiles/cmTC_5f3fb.dir/build
make[1]: Entering directory '/home/adminuser/ws_moveit/build/ur5_moveit_config/CMakeFiles/CMakeTmp'
Building C object CMakeFiles/cmTC_5f3fb.dir/CheckFunctionExists.c.o
/usr/bin/cc   -DCHECK_FUNCTION_EXISTS=pthread_create   -o CMakeFiles/cmTC_5f3fb.dir/CheckFunctionExists.c.o   -c /usr/share/cmake-3.10/Modules/CheckFunctionExists.c
Linking C executable cmTC_5f3fb
/usr/bin/cmake -E cmake_link_script CMakeFiles/cmTC_5f3fb.dir/link.txt --verbose=1
/usr/bin/cc  -DCHECK_FUNCTION_EXISTS=pthread_create    -rdynamic CMakeFiles/cmTC_5f3fb.dir/CheckFunctionExists.c.o  -o cmTC_5f3fb -lpthreads 
/usr/bin/ld: cannot find -lpthreads
collect2: error: ld returned 1 exit status
CMakeFiles/cmTC_5f3fb.dir/build.make:97: recipe for target 'cmTC_5f3fb' failed
make[1]: *** [cmTC_5f3fb] Error 1
make[1]: Leaving directory '/home/adminuser/ws_moveit/build/ur5_moveit_config/CMakeFiles/CMakeTmp'
Makefile:126: recipe for target 'cmTC_5f3fb/fast' failed
make: *** [cmTC_5f3fb/fast] Error 2


